#
# There is insufficient memory for the Java Runtime Environment to continue.
# Native memory allocation (malloc) failed to allocate 1160336 bytes for Chunk::new
# Possible reasons:
#   The system is out of physical RAM or swap space
#   The process is running with CompressedOops enabled, and the Java Heap may be blocking the growth of the native heap
# Possible solutions:
#   Reduce memory load on the system
#   Increase physical memory or swap space
#   Check if swap backing store is full
#   Decrease Java heap size (-Xmx/-Xms)
#   Decrease number of Java threads
#   Decrease Java thread stack sizes (-Xss)
#   Set larger code cache with -XX:ReservedCodeCacheSize=
#   JVM is running with Unscaled Compressed Oops mode in which the Java heap is
#     placed in the first 4GB address space. The Java Heap base address is the
#     maximum limit for the native heap growth. Please use -XX:HeapBaseMinAddress
#     to set the Java Heap base and to place the Java Heap above 4GB virtual address.
# This output file may be truncated or incomplete.
#
#  Out of Memory Error (./src/hotspot/share/memory/arena.cpp:197), pid=16932, tid=16632
#
# JRE version: OpenJDK Runtime Environment (11.0.13) (build 11.0.13+0-b1751.21-8125866)
# Java VM: OpenJDK 64-Bit Server VM (11.0.13+0-b1751.21-8125866, mixed mode, tiered, compressed oops, g1 gc, windows-amd64)
# No core dump will be written. Minidumps are not enabled by default on client versions of Windows
#

---------------  S U M M A R Y ------------

Command Line: --add-opens=java.base/java.util=ALL-UNNAMED --add-opens=java.base/java.lang=ALL-UNNAMED --add-opens=java.base/java.lang.invoke=ALL-UNNAMED --add-opens=java.base/java.util=ALL-UNNAMED --add-opens=java.prefs/java.util.prefs=ALL-UNNAMED --add-opens=java.prefs/java.util.prefs=ALL-UNNAMED --add-opens=java.base/java.nio.charset=ALL-UNNAMED --add-opens=java.base/java.net=ALL-UNNAMED --add-opens=java.base/java.util.concurrent.atomic=ALL-UNNAMED -Xmx2048m -Dfile.encoding=UTF-8 -Duser.country=US -Duser.language=en -Duser.variant org.gradle.launcher.daemon.bootstrap.GradleDaemon 7.4

Host: Intel(R) Core(TM) i5-8250U CPU @ 1.60GHz, 8 cores, 15G,  Windows 10 , 64 bit Build 19041 (10.0.19041.2251)
Time: Wed Dec 14 05:20:59 2022 SE Asia Standard Time elapsed time: 4188.054289 seconds (0d 1h 9m 48s)

---------------  T H R E A D  ---------------

Current thread (0x000002cced3a6000):  JavaThread "C2 CompilerThread0" daemon [_thread_in_native, id=16632, stack(0x000000ffe7300000,0x000000ffe7400000)]


Current CompileTask:
C2:4188054 21504 % !   4       com.android.ide.common.resources.DataMerger::mergeData @ 247 (611 bytes)

Stack: [0x000000ffe7300000,0x000000ffe7400000]
Native frames: (J=compiled Java code, j=interpreted, Vv=VM code, C=native code)
V  [jvm.dll+0x6100fa]
V  [jvm.dll+0x747090]
V  [jvm.dll+0x7486ad]
V  [jvm.dll+0x748d83]
V  [jvm.dll+0x24ab48]
V  [jvm.dll+0xc04dc]
V  [jvm.dll+0xc0a0c]
V  [jvm.dll+0x35eb9d]
V  [jvm.dll+0x19d9bc]
V  [jvm.dll+0x2033be]
V  [jvm.dll+0x202437]
V  [jvm.dll+0x188e01]
V  [jvm.dll+0x21106b]
V  [jvm.dll+0x20f8c1]
V  [jvm.dll+0x70de0f]
V  [jvm.dll+0x706a75]
V  [jvm.dll+0x60ed66]
C  [ucrtbase.dll+0x21bb2]
C  [KERNEL32.DLL+0x174b4]
C  [ntdll.dll+0x526a1]


---------------  P R O C E S S  ---------------

Threads class SMR info:
_java_thread_list=0x000002cced69ed30, length=135, elements={
0x000002ccd2635800, 0x000002cced33b000, 0x000002cced346000, 0x000002cced39d800,
0x000002cced39f000, 0x000002cced3a1000, 0x000002cced3a6000, 0x000002cced3a7000,
0x000002cced3a8000, 0x000002cced508800, 0x000002ccef915000, 0x000002ccef915800,
0x000002ccef916800, 0x000002ccf0003000, 0x000002ccf0001000, 0x000002ccf0004000,
0x000002ccf0006800, 0x000002ccf0007800, 0x000002ccf000a000, 0x000002ccf000c000,
0x000002ccf000b800, 0x000002ccf000a800, 0x000002ccef41e800, 0x000002ccf0e52000,
0x000002ccf0e52800, 0x000002ccf267f800, 0x000002ccf267f000, 0x000002ccf267d000,
0x000002ccf267e000, 0x000002ccf2689800, 0x000002ccf0406000, 0x000002ccf2994000,
0x000002ccf2992000, 0x000002ccf2994800, 0x000002ccf2995800, 0x000002ccf2996000,
0x000002ccf2997000, 0x000002ccf2991800, 0x000002ccf9886800, 0x000002ccf299d000,
0x000002ccf299d800, 0x000002ccf2998800, 0x000002ccf2998000, 0x000002ccf299a800,
0x000002ccf299b000, 0x000002ccf299c000, 0x000002ccf299e800, 0x000002ccf299f000,
0x000002ccf2999800, 0x000002ccf29a0000, 0x000002ccef41d800, 0x000002ccef41d000,
0x000002ccef41f000, 0x000002ccef420000, 0x000002ccef41a800, 0x000002ccef421000,
0x000002ccef41b000, 0x000002ccef421800, 0x000002ccef41c000, 0x000002ccef423800,
0x000002ccef428000, 0x000002ccef424000, 0x000002ccef425000, 0x000002ccef427800,
0x000002ccef426800, 0x000002ccef425800, 0x000002ccef422800, 0x000002ccef429000,
0x000002ccf63c6000, 0x000002ccf63c8800, 0x000002ccf63ca000, 0x000002ccf63c7800,
0x000002ccf63c4000, 0x000002ccf63c6800, 0x000002ccf63c9000, 0x000002ccf63d0800,
0x000002ccf63cd000, 0x000002ccf63cf800, 0x000002ccf63cb000, 0x000002ccf63d1800,
0x000002ccf63cb800, 0x000002ccf63d2000, 0x000002ccf63cc800, 0x000002ccf63ce000,
0x000002ccf63d3000, 0x000002ccf63cf000, 0x000002ccf0e49800, 0x000002ccf0e47000,
0x000002ccf0e4a800, 0x000002ccf0e48000, 0x000002ccf0e45000, 0x000002ccf0e49000,
0x000002ccf0e45800, 0x000002ccf0e46800, 0x000002ccf0e4e800, 0x000002ccf0e4c000,
0x000002ccf0e4f800, 0x000002ccf0e50000, 0x000002ccf0e4e000, 0x000002ccf0e4d000,
0x000002ccf0e51000, 0x000002ccf0e4b800, 0x000002ccf0e53800, 0x000002ccf03fc800,
0x000002ccf03fd000, 0x000002ccf03fe000, 0x000002ccf03f9000, 0x000002ccf03fb800,
0x000002ccf03f8000, 0x000002ccf03fe800, 0x000002ccf03ff800, 0x000002ccf03fa000,
0x000002ccf0402000, 0x000002ccf0400800, 0x000002ccf0401000, 0x000002ccf0407000,
0x000002ccf0405800, 0x000002ccf0403800, 0x000002ccf0403000, 0x000002ccf0404800,
0x000002ccf2683000, 0x000002ccf2681800, 0x000002ccf2682000, 0x000002ccf2684800,
0x000002ccf2685800, 0x000002ccf9885000, 0x000002ccf2686000, 0x000002ccf2680800,
0x000002ccef918000, 0x000002ccef919000, 0x000002ccef91a000, 0x000002ccef914000,
0x000002ccef91a800, 0x000002ccf0005000, 0x000002ccf0005800
}

Java Threads: ( => current thread )
  0x000002ccd2635800 JavaThread "main" [_thread_blocked, id=23488, stack(0x000000ffe6700000,0x000000ffe6800000)]
  0x000002cced33b000 JavaThread "Reference Handler" daemon [_thread_blocked, id=20956, stack(0x000000ffe6e00000,0x000000ffe6f00000)]
  0x000002cced346000 JavaThread "Finalizer" daemon [_thread_blocked, id=26856, stack(0x000000ffe6f00000,0x000000ffe7000000)]
  0x000002cced39d800 JavaThread "Signal Dispatcher" daemon [_thread_blocked, id=15564, stack(0x000000ffe7000000,0x000000ffe7100000)]
  0x000002cced39f000 JavaThread "Attach Listener" daemon [_thread_blocked, id=26972, stack(0x000000ffe7100000,0x000000ffe7200000)]
  0x000002cced3a1000 JavaThread "Service Thread" daemon [_thread_blocked, id=29616, stack(0x000000ffe7200000,0x000000ffe7300000)]
=>0x000002cced3a6000 JavaThread "C2 CompilerThread0" daemon [_thread_in_native, id=16632, stack(0x000000ffe7300000,0x000000ffe7400000)]
  0x000002cced3a7000 JavaThread "C1 CompilerThread0" daemon [_thread_in_native, id=16624, stack(0x000000ffe7400000,0x000000ffe7500000)]
  0x000002cced3a8000 JavaThread "Sweeper thread" daemon [_thread_blocked, id=13744, stack(0x000000ffe7500000,0x000000ffe7600000)]
  0x000002cced508800 JavaThread "Common-Cleaner" daemon [_thread_blocked, id=26592, stack(0x000000ffe7600000,0x000000ffe7700000)]
  0x000002ccef915000 JavaThread "Daemon health stats" [_thread_blocked, id=18124, stack(0x000000ffe7f00000,0x000000ffe8000000)]
  0x000002ccef915800 JavaThread "Incoming local TCP Connector on port 61454" [_thread_in_native, id=22884, stack(0x000000ffe7800000,0x000000ffe7900000)]
  0x000002ccef916800 JavaThread "Daemon periodic checks" [_thread_blocked, id=24212, stack(0x000000ffe7e00000,0x000000ffe7f00000)]
  0x000002ccf0003000 JavaThread "Cache worker for journal cache (C:\Users\Rizky Awanta Jordhie\.gradle\caches\journal-1)" [_thread_blocked, id=15908, stack(0x000000ffe8700000,0x000000ffe8800000)]
  0x000002ccf0001000 JavaThread "File lock request listener" [_thread_in_native, id=24164, stack(0x000000ffe8800000,0x000000ffe8900000)]
  0x000002ccf0004000 JavaThread "Cache worker for file hash cache (C:\Users\Rizky Awanta Jordhie\.gradle\caches\7.4\fileHashes)" [_thread_blocked, id=28036, stack(0x000000ffe8900000,0x000000ffe8a00000)]
  0x000002ccf0006800 JavaThread "File watcher server" daemon [_thread_in_native, id=21516, stack(0x000000ffe8f00000,0x000000ffe9000000)]
  0x000002ccf0007800 JavaThread "File watcher consumer" daemon [_thread_blocked, id=22748, stack(0x000000ffe9000000,0x000000ffe9100000)]
  0x000002ccf000a000 JavaThread "Cache worker for execution history cache (C:\Users\Rizky Awanta Jordhie\.gradle\caches\7.4\executionHistory)" [_thread_blocked, id=4004, stack(0x000000ffe9500000,0x000000ffe9600000)]
  0x000002ccf000c000 JavaThread "jar transforms" [_thread_blocked, id=24032, stack(0x000000ffe9600000,0x000000ffe9700000)]
  0x000002ccf000b800 JavaThread "Cache worker for file content cache (C:\Users\Rizky Awanta Jordhie\.gradle\caches\7.4\fileContent)" [_thread_blocked, id=6020, stack(0x000000ffe9700000,0x000000ffe9800000)]
  0x000002ccf000a800 JavaThread "jar transforms Thread 2" [_thread_blocked, id=13604, stack(0x000000ffe9800000,0x000000ffe9900000)]
  0x000002ccef41e800 JavaThread "jar transforms Thread 3" [_thread_blocked, id=24452, stack(0x000000ffe9a00000,0x000000ffe9b00000)]
  0x000002ccf0e52000 JavaThread "jar transforms Thread 4" [_thread_blocked, id=23448, stack(0x000000ffeec00000,0x000000ffeed00000)]
  0x000002ccf0e52800 JavaThread "jar transforms Thread 5" [_thread_blocked, id=7324, stack(0x000000ffeed00000,0x000000ffeee00000)]
  0x000002ccf267f800 JavaThread "jar transforms Thread 6" [_thread_blocked, id=27640, stack(0x000000ffeee00000,0x000000ffeef00000)]
  0x000002ccf267f000 JavaThread "jar transforms Thread 7" [_thread_blocked, id=27892, stack(0x000000ffeef00000,0x000000ffef000000)]
  0x000002ccf267d000 JavaThread "jar transforms Thread 8" [_thread_blocked, id=10944, stack(0x000000ffef000000,0x000000ffef100000)]
  0x000002ccf267e000 JavaThread "Memory manager" [_thread_blocked, id=23588, stack(0x000000ffef100000,0x000000ffef200000)]
  0x000002ccf2689800 JavaThread "Cache worker for Java compile cache (C:\Users\Rizky Awanta Jordhie\.gradle\caches\7.4\javaCompile)" [_thread_blocked, id=27168, stack(0x000000ffefc00000,0x000000ffefd00000)]
  0x000002ccf0406000 JavaThread "ForkJoinPool.commonPool-worker-13" daemon [_thread_blocked, id=26076, stack(0x000000fff1600000,0x000000fff1700000)]
  0x000002ccf2994000 JavaThread "Daemon Thread 3" [_thread_blocked, id=25564, stack(0x000000ffe6400000,0x000000ffe6500000)]
  0x000002ccf2992000 JavaThread "Handler for socket connection from /127.0.0.1:61454 to /127.0.0.1:64354" [_thread_in_native, id=1752, stack(0x000000ffe6500000,0x000000ffe6600000)]
  0x000002ccf2994800 JavaThread "Cancel handler" [_thread_blocked, id=10352, stack(0x000000ffe6600000,0x000000ffe6700000)]
  0x000002ccf2995800 JavaThread "Daemon worker Thread 3" [_thread_in_native, id=28884, stack(0x000000ffe8000000,0x000000ffe8100000)]
  0x000002ccf2996000 JavaThread "Asynchronous log dispatcher for DefaultDaemonConnection: socket connection from /127.0.0.1:61454 to /127.0.0.1:64354" [_thread_blocked, id=25816, stack(0x000000ffe8100000,0x000000ffe8200000)]
  0x000002ccf2997000 JavaThread "Stdin handler" [_thread_blocked, id=21636, stack(0x000000ffe8200000,0x000000ffe8300000)]
  0x000002ccf2991800 JavaThread "Daemon client event forwarder" [_thread_blocked, id=27760, stack(0x000000ffe8300000,0x000000ffe8400000)]
  0x000002ccf9886800 JavaThread "C2 CompilerThread1" daemon [_thread_in_native, id=15180, stack(0x000000ffe8400000,0x000000ffe8500000)]
  0x000002ccf299d000 JavaThread "Cache worker for checksums cache (C:\Android\AndroidStudioProjects\jsleepandroid\.gradle\7.4\checksums)" [_thread_blocked, id=20228, stack(0x000000ffe8500000,0x000000ffe8600000)]
  0x000002ccf299d800 JavaThread "Cache worker for cache directory md-rule (C:\Users\Rizky Awanta Jordhie\.gradle\caches\7.4\md-rule)" [_thread_blocked, id=4900, stack(0x000000ffe8600000,0x000000ffe8700000)]
  0x000002ccf2998800 JavaThread "Cache worker for file hash cache (C:\Android\AndroidStudioProjects\jsleepandroid\.gradle\7.4\fileHashes)" [_thread_blocked, id=26540, stack(0x000000ffe8d00000,0x000000ffe8e00000)]
  0x000002ccf2998000 JavaThread "Cache worker for cache directory md-supplier (C:\Users\Rizky Awanta Jordhie\.gradle\caches\7.4\md-supplier)" [_thread_blocked, id=13240, stack(0x000000ffe8e00000,0x000000ffe8f00000)]
  0x000002ccf299a800 JavaThread "Cache worker for dependencies-accessors (C:\Android\AndroidStudioProjects\jsleepandroid\.gradle\7.4\dependencies-accessors)" [_thread_blocked, id=20756, stack(0x000000ffe9100000,0x000000ffe9200000)]
  0x000002ccf299b000 JavaThread "Cache worker for Build Output Cleanup Cache (C:\Android\AndroidStudioProjects\jsleepandroid\.gradle\buildOutputCleanup)" [_thread_blocked, id=22936, stack(0x000000ffe9200000,0x000000ffe9300000)]
  0x000002ccf299c000 JavaThread "Unconstrained build operations" [_thread_blocked, id=4040, stack(0x000000ffe9300000,0x000000ffe9400000)]
  0x000002ccf299e800 JavaThread "Unconstrained build operations Thread 2" [_thread_blocked, id=12384, stack(0x000000ffe9400000,0x000000ffe9500000)]
  0x000002ccf299f000 JavaThread "Unconstrained build operations Thread 3" [_thread_blocked, id=11724, stack(0x000000ffe9900000,0x000000ffe9a00000)]
  0x000002ccf2999800 JavaThread "Unconstrained build operations Thread 4" [_thread_blocked, id=19168, stack(0x000000ffe9b00000,0x000000ffe9c00000)]
  0x000002ccf29a0000 JavaThread "Unconstrained build operations Thread 5" [_thread_blocked, id=5552, stack(0x000000ffe9c00000,0x000000ffe9d00000)]
  0x000002ccef41d800 JavaThread "Unconstrained build operations Thread 6" [_thread_blocked, id=3480, stack(0x000000ffe9d00000,0x000000ffe9e00000)]
  0x000002ccef41d000 JavaThread "Unconstrained build operations Thread 7" [_thread_blocked, id=16276, stack(0x000000ffe9e00000,0x000000ffe9f00000)]
  0x000002ccef41f000 JavaThread "Unconstrained build operations Thread 8" [_thread_blocked, id=24532, stack(0x000000ffe9f00000,0x000000ffea000000)]
  0x000002ccef420000 JavaThread "Unconstrained build operations Thread 9" [_thread_blocked, id=25068, stack(0x000000ffea000000,0x000000ffea100000)]
  0x000002ccef41a800 JavaThread "Unconstrained build operations Thread 10" [_thread_blocked, id=23368, stack(0x000000ffea100000,0x000000ffea200000)]
  0x000002ccef421000 JavaThread "Unconstrained build operations Thread 11" [_thread_blocked, id=29116, stack(0x000000ffea200000,0x000000ffea300000)]
  0x000002ccef41b000 JavaThread "Unconstrained build operations Thread 12" [_thread_blocked, id=24592, stack(0x000000ffea300000,0x000000ffea400000)]
  0x000002ccef421800 JavaThread "Unconstrained build operations Thread 13" [_thread_blocked, id=27476, stack(0x000000ffea400000,0x000000ffea500000)]
  0x000002ccef41c000 JavaThread "Unconstrained build operations Thread 14" [_thread_blocked, id=25852, stack(0x000000ffea500000,0x000000ffea600000)]
  0x000002ccef423800 JavaThread "Unconstrained build operations Thread 15" [_thread_blocked, id=24788, stack(0x000000ffea600000,0x000000ffea700000)]
  0x000002ccef428000 JavaThread "Unconstrained build operations Thread 16" [_thread_blocked, id=22664, stack(0x000000ffea700000,0x000000ffea800000)]
  0x000002ccef424000 JavaThread "Unconstrained build operations Thread 17" [_thread_blocked, id=24584, stack(0x000000ffea800000,0x000000ffea900000)]
  0x000002ccef425000 JavaThread "Unconstrained build operations Thread 18" [_thread_blocked, id=10680, stack(0x000000ffea900000,0x000000ffeaa00000)]
  0x000002ccef427800 JavaThread "Unconstrained build operations Thread 19" [_thread_blocked, id=25252, stack(0x000000ffeaa00000,0x000000ffeab00000)]
  0x000002ccef426800 JavaThread "Unconstrained build operations Thread 20" [_thread_blocked, id=16768, stack(0x000000ffeab00000,0x000000ffeac00000)]
  0x000002ccef425800 JavaThread "Unconstrained build operations Thread 21" [_thread_blocked, id=22032, stack(0x000000ffeac00000,0x000000ffead00000)]
  0x000002ccef422800 JavaThread "Unconstrained build operations Thread 22" [_thread_blocked, id=4968, stack(0x000000ffead00000,0x000000ffeae00000)]
  0x000002ccef429000 JavaThread "Unconstrained build operations Thread 23" [_thread_blocked, id=29152, stack(0x000000ffeae00000,0x000000ffeaf00000)]
  0x000002ccf63c6000 JavaThread "Unconstrained build operations Thread 24" [_thread_blocked, id=25168, stack(0x000000ffeaf00000,0x000000ffeb000000)]
  0x000002ccf63c8800 JavaThread "Unconstrained build operations Thread 25" [_thread_blocked, id=23664, stack(0x000000ffeb000000,0x000000ffeb100000)]
  0x000002ccf63ca000 JavaThread "Unconstrained build operations Thread 26" [_thread_blocked, id=15704, stack(0x000000ffeb100000,0x000000ffeb200000)]
  0x000002ccf63c7800 JavaThread "Unconstrained build operations Thread 27" [_thread_blocked, id=15676, stack(0x000000ffeb200000,0x000000ffeb300000)]
  0x000002ccf63c4000 JavaThread "Unconstrained build operations Thread 28" [_thread_blocked, id=25356, stack(0x000000ffeb300000,0x000000ffeb400000)]
  0x000002ccf63c6800 JavaThread "Unconstrained build operations Thread 29" [_thread_blocked, id=25260, stack(0x000000ffeb400000,0x000000ffeb500000)]
  0x000002ccf63c9000 JavaThread "Unconstrained build operations Thread 30" [_thread_blocked, id=19660, stack(0x000000ffeb500000,0x000000ffeb600000)]
  0x000002ccf63d0800 JavaThread "Unconstrained build operations Thread 31" [_thread_blocked, id=28780, stack(0x000000ffeb600000,0x000000ffeb700000)]
  0x000002ccf63cd000 JavaThread "Unconstrained build operations Thread 32" [_thread_blocked, id=8584, stack(0x000000ffeb700000,0x000000ffeb800000)]
  0x000002ccf63cf800 JavaThread "Unconstrained build operations Thread 33" [_thread_blocked, id=20416, stack(0x000000ffeb800000,0x000000ffeb900000)]
  0x000002ccf63cb000 JavaThread "Unconstrained build operations Thread 34" [_thread_blocked, id=20800, stack(0x000000ffeb900000,0x000000ffeba00000)]
  0x000002ccf63d1800 JavaThread "Unconstrained build operations Thread 35" [_thread_blocked, id=25472, stack(0x000000ffeba00000,0x000000ffebb00000)]
  0x000002ccf63cb800 JavaThread "Unconstrained build operations Thread 36" [_thread_blocked, id=29392, stack(0x000000ffebb00000,0x000000ffebc00000)]
  0x000002ccf63d2000 JavaThread "Unconstrained build operations Thread 37" [_thread_blocked, id=17744, stack(0x000000ffebc00000,0x000000ffebd00000)]
  0x000002ccf63cc800 JavaThread "Unconstrained build operations Thread 38" [_thread_blocked, id=14248, stack(0x000000ffebd00000,0x000000ffebe00000)]
  0x000002ccf63ce000 JavaThread "Unconstrained build operations Thread 39" [_thread_blocked, id=25880, stack(0x000000ffebe00000,0x000000ffebf00000)]
  0x000002ccf63d3000 JavaThread "Unconstrained build operations Thread 40" [_thread_blocked, id=28820, stack(0x000000ffebf00000,0x000000ffec000000)]
  0x000002ccf63cf000 JavaThread "Unconstrained build operations Thread 41" [_thread_blocked, id=19952, stack(0x000000ffec000000,0x000000ffec100000)]
  0x000002ccf0e49800 JavaThread "Unconstrained build operations Thread 42" [_thread_blocked, id=28664, stack(0x000000ffec100000,0x000000ffec200000)]
  0x000002ccf0e47000 JavaThread "Unconstrained build operations Thread 43" [_thread_blocked, id=28100, stack(0x000000ffec200000,0x000000ffec300000)]
  0x000002ccf0e4a800 JavaThread "Unconstrained build operations Thread 44" [_thread_blocked, id=20104, stack(0x000000ffec300000,0x000000ffec400000)]
  0x000002ccf0e48000 JavaThread "Unconstrained build operations Thread 45" [_thread_blocked, id=19464, stack(0x000000ffec400000,0x000000ffec500000)]
  0x000002ccf0e45000 JavaThread "Unconstrained build operations Thread 46" [_thread_blocked, id=18340, stack(0x000000ffec500000,0x000000ffec600000)]
  0x000002ccf0e49000 JavaThread "Unconstrained build operations Thread 47" [_thread_blocked, id=28208, stack(0x000000ffec600000,0x000000ffec700000)]
  0x000002ccf0e45800 JavaThread "Unconstrained build operations Thread 48" [_thread_blocked, id=23572, stack(0x000000ffec700000,0x000000ffec800000)]
  0x000002ccf0e46800 JavaThread "Unconstrained build operations Thread 49" [_thread_blocked, id=19912, stack(0x000000ffec800000,0x000000ffec900000)]
  0x000002ccf0e4e800 JavaThread "Unconstrained build operations Thread 50" [_thread_blocked, id=7652, stack(0x000000ffec900000,0x000000ffeca00000)]
  0x000002ccf0e4c000 JavaThread "Unconstrained build operations Thread 51" [_thread_blocked, id=8012, stack(0x000000ffeca00000,0x000000ffecb00000)]
  0x000002ccf0e4f800 JavaThread "Unconstrained build operations Thread 52" [_thread_blocked, id=27032, stack(0x000000ffecb00000,0x000000ffecc00000)]
  0x000002ccf0e50000 JavaThread "Unconstrained build operations Thread 53" [_thread_blocked, id=20364, stack(0x000000ffecc00000,0x000000ffecd00000)]
  0x000002ccf0e4e000 JavaThread "Unconstrained build operations Thread 54" [_thread_blocked, id=26344, stack(0x000000ffecd00000,0x000000ffece00000)]
  0x000002ccf0e4d000 JavaThread "Unconstrained build operations Thread 55" [_thread_blocked, id=19980, stack(0x000000ffece00000,0x000000ffecf00000)]
  0x000002ccf0e51000 JavaThread "Unconstrained build operations Thread 56" [_thread_blocked, id=28860, stack(0x000000ffecf00000,0x000000ffed000000)]
  0x000002ccf0e4b800 JavaThread "Unconstrained build operations Thread 57" [_thread_blocked, id=24628, stack(0x000000ffed000000,0x000000ffed100000)]
  0x000002ccf0e53800 JavaThread "Unconstrained build operations Thread 58" [_thread_blocked, id=12956, stack(0x000000ffed100000,0x000000ffed200000)]
  0x000002ccf03fc800 JavaThread "Unconstrained build operations Thread 59" [_thread_blocked, id=17452, stack(0x000000ffed200000,0x000000ffed300000)]
  0x000002ccf03fd000 JavaThread "Unconstrained build operations Thread 60" [_thread_blocked, id=23976, stack(0x000000ffed300000,0x000000ffed400000)]
  0x000002ccf03fe000 JavaThread "Unconstrained build operations Thread 61" [_thread_blocked, id=3964, stack(0x000000ffed400000,0x000000ffed500000)]
  0x000002ccf03f9000 JavaThread "Unconstrained build operations Thread 62" [_thread_blocked, id=20008, stack(0x000000ffed500000,0x000000ffed600000)]
  0x000002ccf03fb800 JavaThread "Unconstrained build operations Thread 63" [_thread_blocked, id=8776, stack(0x000000ffed600000,0x000000ffed700000)]
  0x000002ccf03f8000 JavaThread "Unconstrained build operations Thread 64" [_thread_blocked, id=23048, stack(0x000000ffed700000,0x000000ffed800000)]
  0x000002ccf03fe800 JavaThread "Unconstrained build operations Thread 65" [_thread_blocked, id=22596, stack(0x000000ffed800000,0x000000ffed900000)]
  0x000002ccf03ff800 JavaThread "Unconstrained build operations Thread 66" [_thread_blocked, id=19804, stack(0x000000ffed900000,0x000000ffeda00000)]
  0x000002ccf03fa000 JavaThread "Unconstrained build operations Thread 67" [_thread_blocked, id=25476, stack(0x000000ffeda00000,0x000000ffedb00000)]
  0x000002ccf0402000 JavaThread "Unconstrained build operations Thread 68" [_thread_blocked, id=14556, stack(0x000000ffedb00000,0x000000ffedc00000)]
  0x000002ccf0400800 JavaThread "Unconstrained build operations Thread 69" [_thread_blocked, id=20012, stack(0x000000ffedc00000,0x000000ffedd00000)]
  0x000002ccf0401000 JavaThread "Unconstrained build operations Thread 70" [_thread_blocked, id=24140, stack(0x000000ffedd00000,0x000000ffede00000)]
  0x000002ccf0407000 JavaThread "Unconstrained build operations Thread 71" [_thread_blocked, id=21388, stack(0x000000ffede00000,0x000000ffedf00000)]
  0x000002ccf0405800 JavaThread "Unconstrained build operations Thread 72" [_thread_blocked, id=19628, stack(0x000000ffedf00000,0x000000ffee000000)]
  0x000002ccf0403800 JavaThread "Unconstrained build operations Thread 73" [_thread_blocked, id=16048, stack(0x000000ffee000000,0x000000ffee100000)]
  0x000002ccf0403000 JavaThread "Unconstrained build operations Thread 74" [_thread_blocked, id=13324, stack(0x000000ffee100000,0x000000ffee200000)]
  0x000002ccf0404800 JavaThread "Unconstrained build operations Thread 75" [_thread_blocked, id=28168, stack(0x000000ffee200000,0x000000ffee300000)]
  0x000002ccf2683000 JavaThread "Unconstrained build operations Thread 76" [_thread_blocked, id=25700, stack(0x000000ffee300000,0x000000ffee400000)]
  0x000002ccf2681800 JavaThread "Unconstrained build operations Thread 77" [_thread_blocked, id=25428, stack(0x000000ffee400000,0x000000ffee500000)]
  0x000002ccf2682000 JavaThread "Unconstrained build operations Thread 78" [_thread_blocked, id=28852, stack(0x000000ffee500000,0x000000ffee600000)]
  0x000002ccf2684800 JavaThread "Unconstrained build operations Thread 79" [_thread_blocked, id=28904, stack(0x000000ffee600000,0x000000ffee700000)]
  0x000002ccf2685800 JavaThread "Unconstrained build operations Thread 80" [_thread_blocked, id=2028, stack(0x000000ffee700000,0x000000ffee800000)]
  0x000002ccf9885000 JavaThread "C2 CompilerThread2" daemon [_thread_in_native, id=27508, stack(0x000000ffee800000,0x000000ffee900000)]
  0x000002ccf2680800 JavaThread "included builds" [_thread_blocked, id=28728, stack(0x000000ffeea00000,0x000000ffeeb00000)]
  0x000002ccef918000 JavaThread "Cache worker for execution history cache (C:\Android\AndroidStudioProjects\jsleepandroid\.gradle\7.4\executionHistory)" [_thread_blocked, id=19996, stack(0x000000ffef800000,0x000000ffef900000)]
  0x000002ccef919000 JavaThread "WorkerExecutor Queue" [_thread_blocked, id=27808, stack(0x000000ffefd00000,0x000000ffefe00000)]
  0x000002ccef91a000 JavaThread "WorkerExecutor Queue Thread 2" [_thread_blocked, id=18132, stack(0x000000ffefe00000,0x000000ffeff00000)]
  0x000002ccef914000 JavaThread "WorkerExecutor Queue Thread 3" [_thread_blocked, id=1336, stack(0x000000ffeff00000,0x000000fff0000000)]
  0x000002ccef91a800 JavaThread "WorkerExecutor Queue Thread 4" [_thread_blocked, id=17876, stack(0x000000fff0000000,0x000000fff0100000)]
  0x000002ccf0005000 JavaThread "WorkerExecutor Queue Thread 5" [_thread_blocked, id=25504, stack(0x000000fff0100000,0x000000fff0200000)]
  0x000002ccf0005800 JavaThread "WorkerExecutor Queue Thread 6" [_thread_blocked, id=1412, stack(0x000000fff0200000,0x000000fff0300000)]

Other Threads:
  0x000002cced339000 VMThread "VM Thread" [stack: 0x000000ffe6d00000,0x000000ffe6e00000] [id=17148]
  0x000002cced51b800 WatcherThread [stack: 0x000000ffe7700000,0x000000ffe7800000] [id=26548]
  0x000002ccd2648000 GCTaskThread "GC Thread#0" [stack: 0x000000ffe6800000,0x000000ffe6900000] [id=12820]
  0x000002cced94d000 GCTaskThread "GC Thread#1" [stack: 0x000000ffe7900000,0x000000ffe7a00000] [id=17472]
  0x000002cceda91000 GCTaskThread "GC Thread#2" [stack: 0x000000ffe7a00000,0x000000ffe7b00000] [id=17492]
  0x000002cced9da800 GCTaskThread "GC Thread#3" [stack: 0x000000ffe7b00000,0x000000ffe7c00000] [id=15512]
  0x000002ccede58000 GCTaskThread "GC Thread#4" [stack: 0x000000ffe7c00000,0x000000ffe7d00000] [id=19364]
  0x000002ccee09d000 GCTaskThread "GC Thread#5" [stack: 0x000000ffe7d00000,0x000000ffe7e00000] [id=17332]
  0x000002ccee6a6000 GCTaskThread "GC Thread#6" [stack: 0x000000ffe8a00000,0x000000ffe8b00000] [id=22944]
  0x000002ccef933800 GCTaskThread "GC Thread#7" [stack: 0x000000ffe8b00000,0x000000ffe8c00000] [id=26656]
  0x000002ccd267b000 ConcurrentGCThread "G1 Main Marker" [stack: 0x000000ffe6900000,0x000000ffe6a00000] [id=26612]
  0x000002ccd267c000 ConcurrentGCThread "G1 Conc#0" [stack: 0x000000ffe6a00000,0x000000ffe6b00000] [id=23796]
  0x000002ccf052b800 ConcurrentGCThread "G1 Conc#1" [stack: 0x000000ffe8c00000,0x000000ffe8d00000] [id=23040]
  0x000002ccec97c800 ConcurrentGCThread "G1 Refine#0" [stack: 0x000000ffe6b00000,0x000000ffe6c00000] [id=28388]
  0x000002ccf6161800 ConcurrentGCThread "G1 Refine#1" [stack: 0x000000ffef900000,0x000000ffefa00000] [id=12604]
  0x000002ccf64cc800 ConcurrentGCThread "G1 Refine#2" [stack: 0x000000ffefa00000,0x000000ffefb00000] [id=12524]
  0x000002ccf9257800 ConcurrentGCThread "G1 Refine#3" [stack: 0x000000ffefb00000,0x000000ffefc00000] [id=25680]
  0x000002ccec97d800 ConcurrentGCThread "G1 Young RemSet Sampling" [stack: 0x000000ffe6c00000,0x000000ffe6d00000] [id=26928]

Threads with active compile tasks:
C2 CompilerThread04188271 21504 % !   4       com.android.ide.common.resources.DataMerger::mergeData @ 247 (611 bytes)
C1 CompilerThread04188271 21827       3       jdk.internal.reflect.MethodAccessorGenerator::emitInvoke (986 bytes)
C2 CompilerThread14188272 21822       4       org.gradle.internal.execution.history.impl.FingerprintMapSerializer::writeFingerprint (147 bytes)
C2 CompilerThread24188272 21830 %     4       java.util.regex.Pattern$CharPropertyGreedy::match @ 9 (122 bytes)

VM state:not at safepoint (normal execution)

VM Mutex/Monitor currently owned by a thread: None

Heap address: 0x0000000080000000, size: 2048 MB, Compressed Oops mode: 32-bit
Narrow klass base: 0x0000000000000000, Narrow klass shift: 3
Compressed class space size: 1073741824 Address: 0x0000000100000000

Heap:
 garbage-first heap   total 262144K, used 191922K [0x0000000080000000, 0x0000000100000000)
  region size 1024K, 81 young (82944K), 1 survivors (1024K)
 Metaspace       used 123443K, capacity 126862K, committed 127624K, reserved 1161216K
  class space    used 15418K, capacity 16733K, committed 17048K, reserved 1048576K
Heap Regions: E=young(eden), S=young(survivor), O=old, HS=humongous(starts), HC=humongous(continues), CS=collection set, F=free, A=archive, TAMS=top-at-mark-start (previous, next)
|   0|0x0000000080000000, 0x0000000080100000, 0x0000000080100000|100%| O|  |TAMS 0x0000000080100000, 0x0000000080000000| Untracked 
|   1|0x0000000080100000, 0x0000000080200000, 0x0000000080200000|100%| O|  |TAMS 0x0000000080200000, 0x0000000080100000| Untracked 
|   2|0x0000000080200000, 0x0000000080300000, 0x0000000080300000|100%| O|  |TAMS 0x0000000080300000, 0x0000000080200000| Untracked 
|   3|0x0000000080300000, 0x0000000080400000, 0x0000000080400000|100%|HS|  |TAMS 0x0000000080400000, 0x0000000080300000| Complete 
|   4|0x0000000080400000, 0x0000000080500000, 0x0000000080500000|100%|HC|  |TAMS 0x0000000080500000, 0x0000000080400000| Complete 
|   5|0x0000000080500000, 0x0000000080600000, 0x0000000080600000|100%|HC|  |TAMS 0x0000000080600000, 0x0000000080500000| Complete 
|   6|0x0000000080600000, 0x0000000080700000, 0x0000000080700000|100%| O|  |TAMS 0x0000000080700000, 0x0000000080600000| Untracked 
|   7|0x0000000080700000, 0x0000000080800000, 0x0000000080800000|100%| O|  |TAMS 0x0000000080800000, 0x0000000080700000| Untracked 
|   8|0x0000000080800000, 0x0000000080900000, 0x0000000080900000|100%| O|  |TAMS 0x0000000080900000, 0x0000000080800000| Untracked 
|   9|0x0000000080900000, 0x0000000080a00000, 0x0000000080a00000|100%| O|  |TAMS 0x0000000080a00000, 0x0000000080900000| Untracked 
|  10|0x0000000080a00000, 0x0000000080b00000, 0x0000000080b00000|100%| O|  |TAMS 0x0000000080b00000, 0x0000000080a00000| Untracked 
|  11|0x0000000080b00000, 0x0000000080c00000, 0x0000000080c00000|100%| O|  |TAMS 0x0000000080c00000, 0x0000000080b00000| Untracked 
|  12|0x0000000080c00000, 0x0000000080d00000, 0x0000000080d00000|100%|HS|  |TAMS 0x0000000080c00000, 0x0000000080c00000| Complete 
|  13|0x0000000080d00000, 0x0000000080e00000, 0x0000000080e00000|100%| O|  |TAMS 0x0000000080e00000, 0x0000000080d00000| Untracked 
|  14|0x0000000080e00000, 0x0000000080f00000, 0x0000000080f00000|100%| O|  |TAMS 0x0000000080f00000, 0x0000000080e00000| Untracked 
|  15|0x0000000080f00000, 0x0000000081000000, 0x0000000081000000|100%| O|  |TAMS 0x0000000081000000, 0x0000000080f00000| Untracked 
|  16|0x0000000081000000, 0x0000000081100000, 0x0000000081100000|100%| O|  |TAMS 0x0000000081100000, 0x0000000081000000| Untracked 
|  17|0x0000000081100000, 0x0000000081200000, 0x0000000081200000|100%|HS|  |TAMS 0x0000000081200000, 0x0000000081100000| Complete 
|  18|0x0000000081200000, 0x0000000081300000, 0x0000000081300000|100%|HS|  |TAMS 0x0000000081300000, 0x0000000081200000| Complete 
|  19|0x0000000081300000, 0x0000000081400000, 0x0000000081400000|100%| O|  |TAMS 0x0000000081400000, 0x0000000081300000| Untracked 
|  20|0x0000000081400000, 0x0000000081500000, 0x0000000081500000|100%|HS|  |TAMS 0x0000000081500000, 0x0000000081400000| Complete 
|  21|0x0000000081500000, 0x0000000081600000, 0x0000000081600000|100%|HC|  |TAMS 0x0000000081600000, 0x0000000081500000| Complete 
|  22|0x0000000081600000, 0x0000000081700000, 0x0000000081700000|100%| O|  |TAMS 0x0000000081700000, 0x0000000081600000| Untracked 
|  23|0x0000000081700000, 0x0000000081800000, 0x0000000081800000|100%| O|  |TAMS 0x0000000081800000, 0x0000000081700000| Untracked 
|  24|0x0000000081800000, 0x0000000081900000, 0x0000000081900000|100%| O|  |TAMS 0x0000000081900000, 0x0000000081800000| Untracked 
|  25|0x0000000081900000, 0x0000000081a00000, 0x0000000081a00000|100%| O|  |TAMS 0x0000000081a00000, 0x0000000081900000| Untracked 
|  26|0x0000000081a00000, 0x0000000081b00000, 0x0000000081b00000|100%| O|  |TAMS 0x0000000081b00000, 0x0000000081a00000| Untracked 
|  27|0x0000000081b00000, 0x0000000081c00000, 0x0000000081c00000|100%| O|  |TAMS 0x0000000081c00000, 0x0000000081b00000| Untracked 
|  28|0x0000000081c00000, 0x0000000081d00000, 0x0000000081d00000|100%| O|  |TAMS 0x0000000081d00000, 0x0000000081c00000| Untracked 
|  29|0x0000000081d00000, 0x0000000081e00000, 0x0000000081e00000|100%| O|  |TAMS 0x0000000081e00000, 0x0000000081d00000| Untracked 
|  30|0x0000000081e00000, 0x0000000081f00000, 0x0000000081f00000|100%| O|  |TAMS 0x0000000081f00000, 0x0000000081e00000| Untracked 
|  31|0x0000000081f00000, 0x0000000082000000, 0x0000000082000000|100%| O|  |TAMS 0x0000000082000000, 0x0000000081f00000| Untracked 
|  32|0x0000000082000000, 0x0000000082100000, 0x0000000082100000|100%| O|  |TAMS 0x0000000082100000, 0x0000000082000000| Untracked 
|  33|0x0000000082100000, 0x0000000082200000, 0x0000000082200000|100%| O|  |TAMS 0x0000000082200000, 0x0000000082100000| Untracked 
|  34|0x0000000082200000, 0x0000000082300000, 0x0000000082300000|100%| O|  |TAMS 0x0000000082300000, 0x0000000082200000| Untracked 
|  35|0x0000000082300000, 0x0000000082400000, 0x0000000082400000|100%| O|  |TAMS 0x0000000082400000, 0x0000000082300000| Untracked 
|  36|0x0000000082400000, 0x0000000082500000, 0x0000000082500000|100%| O|  |TAMS 0x0000000082500000, 0x0000000082400000| Untracked 
|  37|0x0000000082500000, 0x0000000082500000, 0x0000000082600000|  0%| F|  |TAMS 0x0000000082500000, 0x0000000082500000| Untracked 
|  38|0x0000000082600000, 0x0000000082700000, 0x0000000082700000|100%| O|  |TAMS 0x0000000082700000, 0x0000000082600000| Untracked 
|  39|0x0000000082700000, 0x0000000082800000, 0x0000000082800000|100%| O|  |TAMS 0x0000000082800000, 0x0000000082700000| Untracked 
|  40|0x0000000082800000, 0x0000000082900000, 0x0000000082900000|100%| O|  |TAMS 0x0000000082900000, 0x0000000082800000| Untracked 
|  41|0x0000000082900000, 0x0000000082a00000, 0x0000000082a00000|100%| O|  |TAMS 0x0000000082a00000, 0x0000000082900000| Untracked 
|  42|0x0000000082a00000, 0x0000000082b00000, 0x0000000082b00000|100%| O|  |TAMS 0x0000000082b00000, 0x0000000082a00000| Untracked 
|  43|0x0000000082b00000, 0x0000000082c00000, 0x0000000082c00000|100%| O|  |TAMS 0x0000000082c00000, 0x0000000082b00000| Untracked 
|  44|0x0000000082c00000, 0x0000000082d00000, 0x0000000082d00000|100%| O|  |TAMS 0x0000000082d00000, 0x0000000082c00000| Untracked 
|  45|0x0000000082d00000, 0x0000000082e00000, 0x0000000082e00000|100%| O|  |TAMS 0x0000000082e00000, 0x0000000082d00000| Untracked 
|  46|0x0000000082e00000, 0x0000000082f00000, 0x0000000082f00000|100%| O|  |TAMS 0x0000000082f00000, 0x0000000082e00000| Untracked 
|  47|0x0000000082f00000, 0x0000000083000000, 0x0000000083000000|100%| O|  |TAMS 0x0000000083000000, 0x0000000082f00000| Untracked 
|  48|0x0000000083000000, 0x0000000083100000, 0x0000000083100000|100%| O|  |TAMS 0x0000000083000000, 0x0000000083000000| Untracked 
|  49|0x0000000083100000, 0x0000000083200000, 0x0000000083200000|100%| O|  |TAMS 0x0000000083200000, 0x0000000083100000| Untracked 
|  50|0x0000000083200000, 0x0000000083200000, 0x0000000083300000|  0%| F|  |TAMS 0x0000000083200000, 0x0000000083200000| Untracked 
|  51|0x0000000083300000, 0x0000000083400000, 0x0000000083400000|100%| O|  |TAMS 0x0000000083300000, 0x0000000083300000| Untracked 
|  52|0x0000000083400000, 0x0000000083500000, 0x0000000083500000|100%| O|  |TAMS 0x0000000083400000, 0x0000000083400000| Untracked 
|  53|0x0000000083500000, 0x0000000083600000, 0x0000000083600000|100%| O|  |TAMS 0x0000000083600000, 0x0000000083500000| Untracked 
|  54|0x0000000083600000, 0x0000000083600000, 0x0000000083700000|  0%| F|  |TAMS 0x0000000083600000, 0x0000000083600000| Untracked 
|  55|0x0000000083700000, 0x0000000083800000, 0x0000000083800000|100%| O|  |TAMS 0x0000000083700000, 0x0000000083700000| Untracked 
|  56|0x0000000083800000, 0x0000000083900000, 0x0000000083900000|100%| O|  |TAMS 0x0000000083900000, 0x0000000083800000| Untracked 
|  57|0x0000000083900000, 0x0000000083a00000, 0x0000000083a00000|100%| O|  |TAMS 0x0000000083a00000, 0x0000000083900000| Untracked 
|  58|0x0000000083a00000, 0x0000000083b00000, 0x0000000083b00000|100%| O|  |TAMS 0x0000000083b00000, 0x0000000083a00000| Untracked 
|  59|0x0000000083b00000, 0x0000000083c00000, 0x0000000083c00000|100%| O|  |TAMS 0x0000000083c00000, 0x0000000083b00000| Untracked 
|  60|0x0000000083c00000, 0x0000000083d00000, 0x0000000083d00000|100%| O|  |TAMS 0x0000000083d00000, 0x0000000083c00000| Untracked 
|  61|0x0000000083d00000, 0x0000000083d00000, 0x0000000083e00000|  0%| F|  |TAMS 0x0000000083d00000, 0x0000000083d00000| Untracked 
|  62|0x0000000083e00000, 0x0000000083f00000, 0x0000000083f00000|100%| O|  |TAMS 0x0000000083f00000, 0x0000000083e00000| Untracked 
|  63|0x0000000083f00000, 0x0000000084000000, 0x0000000084000000|100%| O|  |TAMS 0x0000000084000000, 0x0000000083f00000| Untracked 
|  64|0x0000000084000000, 0x0000000084100000, 0x0000000084100000|100%| O|  |TAMS 0x0000000084100000, 0x0000000084000000| Untracked 
|  65|0x0000000084100000, 0x0000000084200000, 0x0000000084200000|100%| O|  |TAMS 0x0000000084200000, 0x0000000084100000| Untracked 
|  66|0x0000000084200000, 0x0000000084300000, 0x0000000084300000|100%| O|  |TAMS 0x0000000084300000, 0x0000000084200000| Untracked 
|  67|0x0000000084300000, 0x0000000084400000, 0x0000000084400000|100%| O|  |TAMS 0x0000000084400000, 0x0000000084300000| Untracked 
|  68|0x0000000084400000, 0x0000000084500000, 0x0000000084500000|100%| O|  |TAMS 0x0000000084500000, 0x0000000084400000| Untracked 
|  69|0x0000000084500000, 0x0000000084600000, 0x0000000084600000|100%| O|  |TAMS 0x0000000084600000, 0x0000000084500000| Untracked 
|  70|0x0000000084600000, 0x0000000084600000, 0x0000000084700000|  0%| F|  |TAMS 0x0000000084600000, 0x0000000084600000| Untracked 
|  71|0x0000000084700000, 0x0000000084800000, 0x0000000084800000|100%| O|  |TAMS 0x0000000084700000, 0x0000000084700000| Untracked 
|  72|0x0000000084800000, 0x0000000084800000, 0x0000000084900000|  0%| F|  |TAMS 0x0000000084800000, 0x0000000084800000| Untracked 
|  73|0x0000000084900000, 0x0000000084a00000, 0x0000000084a00000|100%| O|  |TAMS 0x0000000084a00000, 0x0000000084900000| Untracked 
|  74|0x0000000084a00000, 0x0000000084b00000, 0x0000000084b00000|100%| O|  |TAMS 0x0000000084b00000, 0x0000000084a00000| Untracked 
|  75|0x0000000084b00000, 0x0000000084b00000, 0x0000000084c00000|  0%| F|  |TAMS 0x0000000084b00000, 0x0000000084b00000| Untracked 
|  76|0x0000000084c00000, 0x0000000084d00000, 0x0000000084d00000|100%| O|  |TAMS 0x0000000084c00000, 0x0000000084c00000| Untracked 
|  77|0x0000000084d00000, 0x0000000084e00000, 0x0000000084e00000|100%| O|  |TAMS 0x0000000084d00000, 0x0000000084d00000| Untracked 
|  78|0x0000000084e00000, 0x0000000084f00000, 0x0000000084f00000|100%| O|  |TAMS 0x0000000084e00000, 0x0000000084e00000| Untracked 
|  79|0x0000000084f00000, 0x0000000085000000, 0x0000000085000000|100%| O|  |TAMS 0x0000000084f00000, 0x0000000084f00000| Untracked 
|  80|0x0000000085000000, 0x0000000085100000, 0x0000000085100000|100%| O|  |TAMS 0x0000000085000000, 0x0000000085000000| Untracked 
|  81|0x0000000085100000, 0x0000000085200000, 0x0000000085200000|100%| O|  |TAMS 0x0000000085100000, 0x0000000085100000| Untracked 
|  82|0x0000000085200000, 0x000000008528cc00, 0x0000000085300000| 54%| O|  |TAMS 0x0000000085200000, 0x0000000085200000| Untracked 
|  83|0x0000000085300000, 0x0000000085400000, 0x0000000085400000|100%| O|  |TAMS 0x0000000085400000, 0x0000000085300000| Untracked 
|  84|0x0000000085400000, 0x0000000085500000, 0x0000000085500000|100%| O|  |TAMS 0x0000000085500000, 0x0000000085400000| Untracked 
|  85|0x0000000085500000, 0x0000000085600000, 0x0000000085600000|100%|HS|  |TAMS 0x0000000085500000, 0x0000000085500000| Complete 
|  86|0x0000000085600000, 0x0000000085700000, 0x0000000085700000|100%|HC|  |TAMS 0x0000000085600000, 0x0000000085600000| Complete 
|  87|0x0000000085700000, 0x0000000085800000, 0x0000000085800000|100%|HS|  |TAMS 0x0000000085700000, 0x0000000085700000| Complete 
|  88|0x0000000085800000, 0x0000000085900000, 0x0000000085900000|100%|HC|  |TAMS 0x0000000085800000, 0x0000000085800000| Complete 
|  89|0x0000000085900000, 0x0000000085900000, 0x0000000085a00000|  0%| F|  |TAMS 0x0000000085900000, 0x0000000085900000| Untracked 
|  90|0x0000000085a00000, 0x0000000085b00000, 0x0000000085b00000|100%|HS|  |TAMS 0x0000000085b00000, 0x0000000085a00000| Complete 
|  91|0x0000000085b00000, 0x0000000085c00000, 0x0000000085c00000|100%|HC|  |TAMS 0x0000000085c00000, 0x0000000085b00000| Complete 
|  92|0x0000000085c00000, 0x0000000085d00000, 0x0000000085d00000|100%|HS|  |TAMS 0x0000000085c00000, 0x0000000085c00000| Complete 
|  93|0x0000000085d00000, 0x0000000085e00000, 0x0000000085e00000|100%|HC|  |TAMS 0x0000000085d00000, 0x0000000085d00000| Complete 
|  94|0x0000000085e00000, 0x0000000085f00000, 0x0000000085f00000|100%| O|  |TAMS 0x0000000085f00000, 0x0000000085e00000| Untracked 
|  95|0x0000000085f00000, 0x0000000086000000, 0x0000000086000000|100%| O|  |TAMS 0x0000000086000000, 0x0000000085f00000| Untracked 
|  96|0x0000000086000000, 0x0000000086100000, 0x0000000086100000|100%| O|  |TAMS 0x0000000086100000, 0x0000000086000000| Untracked 
|  97|0x0000000086100000, 0x0000000086200000, 0x0000000086200000|100%|HS|  |TAMS 0x0000000086100000, 0x0000000086100000| Complete 
|  98|0x0000000086200000, 0x0000000086300000, 0x0000000086300000|100%|HC|  |TAMS 0x0000000086200000, 0x0000000086200000| Complete 
|  99|0x0000000086300000, 0x0000000086400000, 0x0000000086400000|100%|HC|  |TAMS 0x0000000086300000, 0x0000000086300000| Complete 
| 100|0x0000000086400000, 0x0000000086500000, 0x0000000086500000|100%|HC|  |TAMS 0x0000000086400000, 0x0000000086400000| Complete 
| 101|0x0000000086500000, 0x0000000086600000, 0x0000000086600000|100%| O|  |TAMS 0x0000000086600000, 0x0000000086500000| Untracked 
| 102|0x0000000086600000, 0x0000000086700000, 0x0000000086700000|100%| O|  |TAMS 0x0000000086700000, 0x0000000086600000| Untracked 
| 103|0x0000000086700000, 0x0000000086800000, 0x0000000086800000|100%| O|  |TAMS 0x0000000086800000, 0x0000000086700000| Untracked 
| 104|0x0000000086800000, 0x0000000086900000, 0x0000000086900000|100%|HS|  |TAMS 0x0000000086800000, 0x0000000086800000| Complete 
| 105|0x0000000086900000, 0x0000000086a00000, 0x0000000086a00000|100%|HC|  |TAMS 0x0000000086900000, 0x0000000086900000| Complete 
| 106|0x0000000086a00000, 0x0000000086b00000, 0x0000000086b00000|100%|HC|  |TAMS 0x0000000086a00000, 0x0000000086a00000| Complete 
| 107|0x0000000086b00000, 0x0000000086c00000, 0x0000000086c00000|100%|HS|  |TAMS 0x0000000086b00000, 0x0000000086b00000| Complete 
| 108|0x0000000086c00000, 0x0000000086d00000, 0x0000000086d00000|100%|HC|  |TAMS 0x0000000086c00000, 0x0000000086c00000| Complete 
| 109|0x0000000086d00000, 0x0000000086e00000, 0x0000000086e00000|100%|HC|  |TAMS 0x0000000086d00000, 0x0000000086d00000| Complete 
| 110|0x0000000086e00000, 0x0000000086e00000, 0x0000000086f00000|  0%| F|  |TAMS 0x0000000086e00000, 0x0000000086e00000| Untracked 
| 111|0x0000000086f00000, 0x0000000086f00000, 0x0000000087000000|  0%| F|  |TAMS 0x0000000086f00000, 0x0000000086f00000| Untracked 
| 112|0x0000000087000000, 0x0000000087000000, 0x0000000087100000|  0%| F|  |TAMS 0x0000000087000000, 0x0000000087000000| Untracked 
| 113|0x0000000087100000, 0x0000000087100000, 0x0000000087200000|  0%| F|  |TAMS 0x0000000087100000, 0x0000000087100000| Untracked 
| 114|0x0000000087200000, 0x0000000087200000, 0x0000000087300000|  0%| F|  |TAMS 0x0000000087200000, 0x0000000087200000| Untracked 
| 115|0x0000000087300000, 0x0000000087300000, 0x0000000087400000|  0%| F|  |TAMS 0x0000000087300000, 0x0000000087300000| Untracked 
| 116|0x0000000087400000, 0x0000000087400000, 0x0000000087500000|  0%| F|  |TAMS 0x0000000087400000, 0x0000000087400000| Untracked 
| 117|0x0000000087500000, 0x0000000087500000, 0x0000000087600000|  0%| F|  |TAMS 0x0000000087500000, 0x0000000087500000| Untracked 
| 118|0x0000000087600000, 0x0000000087600000, 0x0000000087700000|  0%| F|  |TAMS 0x0000000087600000, 0x0000000087600000| Untracked 
| 119|0x0000000087700000, 0x0000000087800000, 0x0000000087800000|100%| O|  |TAMS 0x0000000087800000, 0x0000000087700000| Untracked 
| 120|0x0000000087800000, 0x0000000087900000, 0x0000000087900000|100%| O|  |TAMS 0x0000000087900000, 0x0000000087800000| Untracked 
| 121|0x0000000087900000, 0x0000000087a00000, 0x0000000087a00000|100%| O|  |TAMS 0x0000000087a00000, 0x0000000087900000| Untracked 
| 122|0x0000000087a00000, 0x0000000087b00000, 0x0000000087b00000|100%| O|  |TAMS 0x0000000087b00000, 0x0000000087a00000| Untracked 
| 123|0x0000000087b00000, 0x0000000087c00000, 0x0000000087c00000|100%| O|  |TAMS 0x0000000087c00000, 0x0000000087b00000| Untracked 
| 124|0x0000000087c00000, 0x0000000087d00000, 0x0000000087d00000|100%| O|  |TAMS 0x0000000087d00000, 0x0000000087c00000| Untracked 
| 125|0x0000000087d00000, 0x0000000087d00000, 0x0000000087e00000|  0%| F|  |TAMS 0x0000000087d00000, 0x0000000087d00000| Untracked 
| 126|0x0000000087e00000, 0x0000000087e00000, 0x0000000087f00000|  0%| F|  |TAMS 0x0000000087e00000, 0x0000000087e00000| Untracked 
| 127|0x0000000087f00000, 0x0000000087f00000, 0x0000000088000000|  0%| F|  |TAMS 0x0000000087f00000, 0x0000000087f00000| Untracked 
| 128|0x0000000088000000, 0x0000000088000000, 0x0000000088100000|  0%| F|  |TAMS 0x0000000088000000, 0x0000000088000000| Untracked 
| 129|0x0000000088100000, 0x0000000088100000, 0x0000000088200000|  0%| F|  |TAMS 0x0000000088100000, 0x0000000088100000| Untracked 
| 130|0x0000000088200000, 0x0000000088300000, 0x0000000088300000|100%| O|  |TAMS 0x0000000088300000, 0x0000000088200000| Untracked 
| 131|0x0000000088300000, 0x0000000088300000, 0x0000000088400000|  0%| F|  |TAMS 0x0000000088300000, 0x0000000088300000| Untracked 
| 132|0x0000000088400000, 0x0000000088400000, 0x0000000088500000|  0%| F|  |TAMS 0x0000000088400000, 0x0000000088400000| Untracked 
| 133|0x0000000088500000, 0x0000000088500000, 0x0000000088600000|  0%| F|  |TAMS 0x0000000088500000, 0x0000000088500000| Untracked 
| 134|0x0000000088600000, 0x0000000088600000, 0x0000000088700000|  0%| F|  |TAMS 0x0000000088600000, 0x0000000088600000| Untracked 
| 135|0x0000000088700000, 0x0000000088700000, 0x0000000088800000|  0%| F|  |TAMS 0x0000000088700000, 0x0000000088700000| Untracked 
| 136|0x0000000088800000, 0x0000000088800000, 0x0000000088900000|  0%| F|  |TAMS 0x0000000088800000, 0x0000000088800000| Untracked 
| 137|0x0000000088900000, 0x0000000088900000, 0x0000000088a00000|  0%| F|  |TAMS 0x0000000088900000, 0x0000000088900000| Untracked 
| 138|0x0000000088a00000, 0x0000000088a00000, 0x0000000088b00000|  0%| F|  |TAMS 0x0000000088a00000, 0x0000000088a00000| Untracked 
| 139|0x0000000088b00000, 0x0000000088b00000, 0x0000000088c00000|  0%| F|  |TAMS 0x0000000088b00000, 0x0000000088b00000| Untracked 
| 140|0x0000000088c00000, 0x0000000088c00000, 0x0000000088d00000|  0%| F|  |TAMS 0x0000000088c00000, 0x0000000088c00000| Untracked 
| 141|0x0000000088d00000, 0x0000000088d00000, 0x0000000088e00000|  0%| F|  |TAMS 0x0000000088d00000, 0x0000000088d00000| Untracked 
| 142|0x0000000088e00000, 0x0000000088e00000, 0x0000000088f00000|  0%| F|  |TAMS 0x0000000088e00000, 0x0000000088e00000| Untracked 
| 143|0x0000000088f00000, 0x0000000088f00000, 0x0000000089000000|  0%| F|  |TAMS 0x0000000088f00000, 0x0000000088f00000| Untracked 
| 144|0x0000000089000000, 0x0000000089000000, 0x0000000089100000|  0%| F|  |TAMS 0x0000000089000000, 0x0000000089000000| Untracked 
| 145|0x0000000089100000, 0x0000000089100000, 0x0000000089200000|  0%| F|  |TAMS 0x0000000089100000, 0x0000000089100000| Untracked 
| 146|0x0000000089200000, 0x0000000089200000, 0x0000000089300000|  0%| F|  |TAMS 0x0000000089200000, 0x0000000089200000| Untracked 
| 147|0x0000000089300000, 0x0000000089300000, 0x0000000089400000|  0%| F|  |TAMS 0x0000000089300000, 0x0000000089300000| Untracked 
| 148|0x0000000089400000, 0x0000000089400000, 0x0000000089500000|  0%| F|  |TAMS 0x0000000089400000, 0x0000000089400000| Untracked 
| 149|0x0000000089500000, 0x0000000089500000, 0x0000000089600000|  0%| F|  |TAMS 0x0000000089500000, 0x0000000089500000| Untracked 
| 150|0x0000000089600000, 0x0000000089600000, 0x0000000089700000|  0%| F|  |TAMS 0x0000000089600000, 0x0000000089600000| Untracked 
| 151|0x0000000089700000, 0x0000000089700000, 0x0000000089800000|  0%| F|  |TAMS 0x0000000089700000, 0x0000000089700000| Untracked 
| 152|0x0000000089800000, 0x0000000089800000, 0x0000000089900000|  0%| F|  |TAMS 0x0000000089800000, 0x0000000089800000| Untracked 
| 153|0x0000000089900000, 0x0000000089900000, 0x0000000089a00000|  0%| F|  |TAMS 0x0000000089900000, 0x0000000089900000| Untracked 
| 154|0x0000000089a00000, 0x0000000089a00000, 0x0000000089b00000|  0%| F|  |TAMS 0x0000000089a00000, 0x0000000089a00000| Untracked 
| 155|0x0000000089b00000, 0x0000000089b00000, 0x0000000089c00000|  0%| F|  |TAMS 0x0000000089b00000, 0x0000000089b00000| Untracked 
| 156|0x0000000089c00000, 0x0000000089c00000, 0x0000000089d00000|  0%| F|  |TAMS 0x0000000089c00000, 0x0000000089c00000| Untracked 
| 157|0x0000000089d00000, 0x0000000089d00000, 0x0000000089e00000|  0%| F|  |TAMS 0x0000000089d00000, 0x0000000089d00000| Untracked 
| 158|0x0000000089e00000, 0x0000000089e00000, 0x0000000089f00000|  0%| F|  |TAMS 0x0000000089e00000, 0x0000000089e00000| Untracked 
| 159|0x0000000089f00000, 0x0000000089f00000, 0x000000008a000000|  0%| F|  |TAMS 0x0000000089f00000, 0x0000000089f00000| Untracked 
| 160|0x000000008a000000, 0x000000008a000000, 0x000000008a100000|  0%| F|  |TAMS 0x000000008a000000, 0x000000008a000000| Untracked 
| 161|0x000000008a100000, 0x000000008a100000, 0x000000008a200000|  0%| F|  |TAMS 0x000000008a100000, 0x000000008a100000| Untracked 
| 162|0x000000008a200000, 0x000000008a200000, 0x000000008a300000|  0%| F|  |TAMS 0x000000008a200000, 0x000000008a200000| Untracked 
| 163|0x000000008a300000, 0x000000008a300000, 0x000000008a400000|  0%| F|  |TAMS 0x000000008a300000, 0x000000008a300000| Untracked 
| 164|0x000000008a400000, 0x000000008a400000, 0x000000008a500000|  0%| F|  |TAMS 0x000000008a400000, 0x000000008a400000| Untracked 
| 165|0x000000008a500000, 0x000000008a500000, 0x000000008a600000|  0%| F|  |TAMS 0x000000008a500000, 0x000000008a500000| Untracked 
| 166|0x000000008a600000, 0x000000008a600000, 0x000000008a700000|  0%| F|  |TAMS 0x000000008a600000, 0x000000008a600000| Untracked 
| 167|0x000000008a700000, 0x000000008a700000, 0x000000008a800000|  0%| F|  |TAMS 0x000000008a700000, 0x000000008a700000| Untracked 
| 168|0x000000008a800000, 0x000000008a800000, 0x000000008a900000|  0%| F|  |TAMS 0x000000008a800000, 0x000000008a800000| Untracked 
| 169|0x000000008a900000, 0x000000008a900000, 0x000000008aa00000|  0%| F|  |TAMS 0x000000008a900000, 0x000000008a900000| Untracked 
| 170|0x000000008aa00000, 0x000000008aa00000, 0x000000008ab00000|  0%| F|  |TAMS 0x000000008aa00000, 0x000000008aa00000| Untracked 
| 171|0x000000008ab00000, 0x000000008ab00000, 0x000000008ac00000|  0%| F|  |TAMS 0x000000008ab00000, 0x000000008ab00000| Untracked 
| 172|0x000000008ac00000, 0x000000008ac00000, 0x000000008ad00000|  0%| F|  |TAMS 0x000000008ac00000, 0x000000008ac00000| Untracked 
| 173|0x000000008ad00000, 0x000000008ad00000, 0x000000008ae00000|  0%| F|  |TAMS 0x000000008ad00000, 0x000000008ad00000| Untracked 
| 174|0x000000008ae00000, 0x000000008ae00000, 0x000000008af00000|  0%| F|  |TAMS 0x000000008ae00000, 0x000000008ae00000| Untracked 
| 175|0x000000008af00000, 0x000000008b000000, 0x000000008b000000|100%| E|  |TAMS 0x000000008af00000, 0x000000008af00000| Complete 
| 176|0x000000008b000000, 0x000000008b100000, 0x000000008b100000|100%| E|CS|TAMS 0x000000008b000000, 0x000000008b000000| Complete 
| 177|0x000000008b100000, 0x000000008b200000, 0x000000008b200000|100%| E|CS|TAMS 0x000000008b100000, 0x000000008b100000| Complete 
| 178|0x000000008b200000, 0x000000008b300000, 0x000000008b300000|100%| E|CS|TAMS 0x000000008b200000, 0x000000008b200000| Complete 
| 179|0x000000008b300000, 0x000000008b400000, 0x000000008b400000|100%| E|CS|TAMS 0x000000008b300000, 0x000000008b300000| Complete 
| 180|0x000000008b400000, 0x000000008b500000, 0x000000008b500000|100%| E|CS|TAMS 0x000000008b400000, 0x000000008b400000| Complete 
| 181|0x000000008b500000, 0x000000008b600000, 0x000000008b600000|100%| E|CS|TAMS 0x000000008b500000, 0x000000008b500000| Complete 
| 182|0x000000008b600000, 0x000000008b700000, 0x000000008b700000|100%| E|CS|TAMS 0x000000008b600000, 0x000000008b600000| Complete 
| 183|0x000000008b700000, 0x000000008b800000, 0x000000008b800000|100%| E|CS|TAMS 0x000000008b700000, 0x000000008b700000| Complete 
| 184|0x000000008b800000, 0x000000008b900000, 0x000000008b900000|100%| E|CS|TAMS 0x000000008b800000, 0x000000008b800000| Complete 
| 185|0x000000008b900000, 0x000000008ba00000, 0x000000008ba00000|100%| E|  |TAMS 0x000000008b900000, 0x000000008b900000| Complete 
| 186|0x000000008ba00000, 0x000000008bb00000, 0x000000008bb00000|100%| E|CS|TAMS 0x000000008ba00000, 0x000000008ba00000| Complete 
| 187|0x000000008bb00000, 0x000000008bc00000, 0x000000008bc00000|100%| E|CS|TAMS 0x000000008bb00000, 0x000000008bb00000| Complete 
| 188|0x000000008bc00000, 0x000000008bd00000, 0x000000008bd00000|100%| E|CS|TAMS 0x000000008bc00000, 0x000000008bc00000| Complete 
| 189|0x000000008bd00000, 0x000000008be00000, 0x000000008be00000|100%| E|CS|TAMS 0x000000008bd00000, 0x000000008bd00000| Complete 
| 190|0x000000008be00000, 0x000000008bf00000, 0x000000008bf00000|100%| E|CS|TAMS 0x000000008be00000, 0x000000008be00000| Complete 
| 191|0x000000008bf00000, 0x000000008c000000, 0x000000008c000000|100%| E|CS|TAMS 0x000000008bf00000, 0x000000008bf00000| Complete 
| 192|0x000000008c000000, 0x000000008c100000, 0x000000008c100000|100%| E|CS|TAMS 0x000000008c000000, 0x000000008c000000| Complete 
| 193|0x000000008c100000, 0x000000008c200000, 0x000000008c200000|100%| E|CS|TAMS 0x000000008c100000, 0x000000008c100000| Complete 
| 194|0x000000008c200000, 0x000000008c300000, 0x000000008c300000|100%| E|CS|TAMS 0x000000008c200000, 0x000000008c200000| Complete 
| 195|0x000000008c300000, 0x000000008c400000, 0x000000008c400000|100%| E|CS|TAMS 0x000000008c300000, 0x000000008c300000| Complete 
| 196|0x000000008c400000, 0x000000008c500000, 0x000000008c500000|100%| E|CS|TAMS 0x000000008c400000, 0x000000008c400000| Complete 
| 197|0x000000008c500000, 0x000000008c600000, 0x000000008c600000|100%| E|CS|TAMS 0x000000008c500000, 0x000000008c500000| Complete 
| 198|0x000000008c600000, 0x000000008c700000, 0x000000008c700000|100%| E|CS|TAMS 0x000000008c600000, 0x000000008c600000| Complete 
| 199|0x000000008c700000, 0x000000008c800000, 0x000000008c800000|100%| E|CS|TAMS 0x000000008c700000, 0x000000008c700000| Complete 
| 200|0x000000008c800000, 0x000000008c900000, 0x000000008c900000|100%| E|CS|TAMS 0x000000008c800000, 0x000000008c800000| Complete 
| 201|0x000000008c900000, 0x000000008ca00000, 0x000000008ca00000|100%| E|CS|TAMS 0x000000008c900000, 0x000000008c900000| Complete 
| 202|0x000000008ca00000, 0x000000008cb00000, 0x000000008cb00000|100%| E|CS|TAMS 0x000000008ca00000, 0x000000008ca00000| Complete 
| 203|0x000000008cb00000, 0x000000008cc00000, 0x000000008cc00000|100%| E|CS|TAMS 0x000000008cb00000, 0x000000008cb00000| Complete 
| 204|0x000000008cc00000, 0x000000008cd00000, 0x000000008cd00000|100%| E|CS|TAMS 0x000000008cc00000, 0x000000008cc00000| Complete 
| 205|0x000000008cd00000, 0x000000008ce00000, 0x000000008ce00000|100%| E|CS|TAMS 0x000000008cd00000, 0x000000008cd00000| Complete 
| 206|0x000000008ce00000, 0x000000008cf00000, 0x000000008cf00000|100%| E|CS|TAMS 0x000000008ce00000, 0x000000008ce00000| Complete 
| 207|0x000000008cf00000, 0x000000008d000000, 0x000000008d000000|100%| E|CS|TAMS 0x000000008cf00000, 0x000000008cf00000| Complete 
| 208|0x000000008d000000, 0x000000008d100000, 0x000000008d100000|100%| E|CS|TAMS 0x000000008d000000, 0x000000008d000000| Complete 
| 209|0x000000008d100000, 0x000000008d200000, 0x000000008d200000|100%| E|CS|TAMS 0x000000008d100000, 0x000000008d100000| Complete 
| 210|0x000000008d200000, 0x000000008d300000, 0x000000008d300000|100%| E|CS|TAMS 0x000000008d200000, 0x000000008d200000| Complete 
| 211|0x000000008d300000, 0x000000008d400000, 0x000000008d400000|100%| E|CS|TAMS 0x000000008d300000, 0x000000008d300000| Complete 
| 212|0x000000008d400000, 0x000000008d500000, 0x000000008d500000|100%| E|CS|TAMS 0x000000008d400000, 0x000000008d400000| Complete 
| 213|0x000000008d500000, 0x000000008d600000, 0x000000008d600000|100%| E|CS|TAMS 0x000000008d500000, 0x000000008d500000| Complete 
| 214|0x000000008d600000, 0x000000008d700000, 0x000000008d700000|100%| E|CS|TAMS 0x000000008d600000, 0x000000008d600000| Complete 
| 215|0x000000008d700000, 0x000000008d800000, 0x000000008d800000|100%| E|CS|TAMS 0x000000008d700000, 0x000000008d700000| Complete 
| 216|0x000000008d800000, 0x000000008d900000, 0x000000008d900000|100%| E|CS|TAMS 0x000000008d800000, 0x000000008d800000| Complete 
| 217|0x000000008d900000, 0x000000008da00000, 0x000000008da00000|100%| E|CS|TAMS 0x000000008d900000, 0x000000008d900000| Complete 
| 218|0x000000008da00000, 0x000000008db00000, 0x000000008db00000|100%| E|CS|TAMS 0x000000008da00000, 0x000000008da00000| Complete 
| 219|0x000000008db00000, 0x000000008dc00000, 0x000000008dc00000|100%| E|CS|TAMS 0x000000008db00000, 0x000000008db00000| Complete 
| 220|0x000000008dc00000, 0x000000008dd00000, 0x000000008dd00000|100%| E|CS|TAMS 0x000000008dc00000, 0x000000008dc00000| Complete 
| 221|0x000000008dd00000, 0x000000008de00000, 0x000000008de00000|100%| E|CS|TAMS 0x000000008dd00000, 0x000000008dd00000| Complete 
| 222|0x000000008de00000, 0x000000008df00000, 0x000000008df00000|100%| E|CS|TAMS 0x000000008de00000, 0x000000008de00000| Complete 
| 223|0x000000008df00000, 0x000000008e000000, 0x000000008e000000|100%| E|CS|TAMS 0x000000008df00000, 0x000000008df00000| Complete 
| 224|0x000000008e000000, 0x000000008e100000, 0x000000008e100000|100%| E|CS|TAMS 0x000000008e000000, 0x000000008e000000| Complete 
| 225|0x000000008e100000, 0x000000008e200000, 0x000000008e200000|100%| E|CS|TAMS 0x000000008e100000, 0x000000008e100000| Complete 
| 226|0x000000008e200000, 0x000000008e300000, 0x000000008e300000|100%| E|CS|TAMS 0x000000008e200000, 0x000000008e200000| Complete 
| 227|0x000000008e300000, 0x000000008e400000, 0x000000008e400000|100%| E|CS|TAMS 0x000000008e300000, 0x000000008e300000| Complete 
| 228|0x000000008e400000, 0x000000008e500000, 0x000000008e500000|100%| E|CS|TAMS 0x000000008e400000, 0x000000008e400000| Complete 
| 229|0x000000008e500000, 0x000000008e600000, 0x000000008e600000|100%| E|CS|TAMS 0x000000008e500000, 0x000000008e500000| Complete 
| 230|0x000000008e600000, 0x000000008e700000, 0x000000008e700000|100%| E|CS|TAMS 0x000000008e600000, 0x000000008e600000| Complete 
| 231|0x000000008e700000, 0x000000008e800000, 0x000000008e800000|100%| E|CS|TAMS 0x000000008e700000, 0x000000008e700000| Complete 
| 232|0x000000008e800000, 0x000000008e900000, 0x000000008e900000|100%| E|CS|TAMS 0x000000008e800000, 0x000000008e800000| Complete 
| 233|0x000000008e900000, 0x000000008ea00000, 0x000000008ea00000|100%| E|CS|TAMS 0x000000008e900000, 0x000000008e900000| Complete 
| 234|0x000000008ea00000, 0x000000008eb00000, 0x000000008eb00000|100%| E|CS|TAMS 0x000000008ea00000, 0x000000008ea00000| Complete 
| 235|0x000000008eb00000, 0x000000008ec00000, 0x000000008ec00000|100%| E|CS|TAMS 0x000000008eb00000, 0x000000008eb00000| Complete 
| 236|0x000000008ec00000, 0x000000008ed00000, 0x000000008ed00000|100%| E|CS|TAMS 0x000000008ec00000, 0x000000008ec00000| Complete 
| 237|0x000000008ed00000, 0x000000008ee00000, 0x000000008ee00000|100%| E|CS|TAMS 0x000000008ed00000, 0x000000008ed00000| Complete 
| 238|0x000000008ee00000, 0x000000008ef00000, 0x000000008ef00000|100%| E|CS|TAMS 0x000000008ee00000, 0x000000008ee00000| Complete 
| 239|0x000000008ef00000, 0x000000008f000000, 0x000000008f000000|100%| E|CS|TAMS 0x000000008ef00000, 0x000000008ef00000| Complete 
| 240|0x000000008f000000, 0x000000008f100000, 0x000000008f100000|100%| E|CS|TAMS 0x000000008f000000, 0x000000008f000000| Complete 
| 241|0x000000008f100000, 0x000000008f200000, 0x000000008f200000|100%| E|CS|TAMS 0x000000008f100000, 0x000000008f100000| Complete 
| 242|0x000000008f200000, 0x000000008f300000, 0x000000008f300000|100%| E|CS|TAMS 0x000000008f200000, 0x000000008f200000| Complete 
| 243|0x000000008f300000, 0x000000008f400000, 0x000000008f400000|100%| E|CS|TAMS 0x000000008f300000, 0x000000008f300000| Complete 
| 244|0x000000008f400000, 0x000000008f500000, 0x000000008f500000|100%| E|CS|TAMS 0x000000008f400000, 0x000000008f400000| Complete 
| 245|0x000000008f500000, 0x000000008f5dfe78, 0x000000008f600000| 87%| S|CS|TAMS 0x000000008f500000, 0x000000008f500000| Complete 
| 246|0x000000008f600000, 0x000000008f700000, 0x000000008f700000|100%| E|CS|TAMS 0x000000008f600000, 0x000000008f600000| Complete 
| 247|0x000000008f700000, 0x000000008f800000, 0x000000008f800000|100%| E|CS|TAMS 0x000000008f700000, 0x000000008f700000| Complete 
| 248|0x000000008f800000, 0x000000008f900000, 0x000000008f900000|100%| E|CS|TAMS 0x000000008f800000, 0x000000008f800000| Complete 
| 249|0x000000008f900000, 0x000000008fa00000, 0x000000008fa00000|100%| E|CS|TAMS 0x000000008f900000, 0x000000008f900000| Complete 
| 250|0x000000008fa00000, 0x000000008fb00000, 0x000000008fb00000|100%| E|CS|TAMS 0x000000008fa00000, 0x000000008fa00000| Complete 
| 251|0x000000008fb00000, 0x000000008fc00000, 0x000000008fc00000|100%| E|CS|TAMS 0x000000008fb00000, 0x000000008fb00000| Complete 
| 252|0x000000008fc00000, 0x000000008fd00000, 0x000000008fd00000|100%| E|CS|TAMS 0x000000008fc00000, 0x000000008fc00000| Complete 
| 253|0x000000008fd00000, 0x000000008fe00000, 0x000000008fe00000|100%| E|CS|TAMS 0x000000008fd00000, 0x000000008fd00000| Complete 
| 254|0x000000008fe00000, 0x000000008ff00000, 0x000000008ff00000|100%| E|CS|TAMS 0x000000008fe00000, 0x000000008fe00000| Complete 
| 255|0x000000008ff00000, 0x0000000090000000, 0x0000000090000000|100%| E|CS|TAMS 0x000000008ff00000, 0x000000008ff00000| Complete 

Card table byte_map: [0x000002cce5880000,0x000002cce5c80000] _byte_map_base: 0x000002cce5480000

Marking Bits (Prev, Next): (CMBitMap*) 0x000002ccd26720b8, (CMBitMap*) 0x000002ccd26720f0
 Prev Bits: [0x000002cce6080000, 0x000002cce8080000)
 Next Bits: [0x000002cce8080000, 0x000002ccea080000)

Polling page: 0x000002ccd05c0000

Metaspace:

Usage:
  Non-class:    107.55 MB capacity,   105.49 MB ( 98%) used,     1.63 MB (  2%) free+waste,   433.31 KB ( <1%) overhead. 
      Class:     16.34 MB capacity,    15.06 MB ( 92%) used,     1.10 MB (  7%) free+waste,   191.38 KB (  1%) overhead. 
       Both:    123.89 MB capacity,   120.55 MB ( 97%) used,     2.73 MB (  2%) free+waste,   624.69 KB ( <1%) overhead. 

Virtual space:
  Non-class space:      110.00 MB reserved,     107.98 MB ( 98%) committed 
      Class space:        1.00 GB reserved,      16.65 MB (  2%) committed 
             Both:        1.11 GB reserved,     124.63 MB ( 11%) committed 

Chunk freelists:
   Non-Class:  383.00 KB
       Class:  291.00 KB
        Both:  674.00 KB

MaxMetaspaceSize: 17179869184.00 GB
CompressedClassSpaceSize: 1.00 GB
Initial GC threshold: 20.80 MB
Current GC threshold: 206.47 MB
CDS: off

CodeHeap 'non-profiled nmethods': size=120000Kb used=13630Kb max_used=13698Kb free=106370Kb
 bounds [0x000002ccddc20000, 0x000002ccde990000, 0x000002cce5150000]
CodeHeap 'profiled nmethods': size=120000Kb used=45161Kb max_used=45161Kb free=74838Kb
 bounds [0x000002ccd66f0000, 0x000002ccd9310000, 0x000002ccddc20000]
CodeHeap 'non-nmethods': size=5760Kb used=2447Kb max_used=2500Kb free=3312Kb
 bounds [0x000002ccd6150000, 0x000002ccd63d0000, 0x000002ccd66f0000]
 total_blobs=21590 nmethods=20609 adapters=891
 compilation: enabled
              stopped_count=0, restarted_count=0
 full_count=0

Compilation events (20 events):
Event: 4188.013 Thread 0x000002cced3a7000 21796       2       com.android.build.gradle.internal.dependency.ConstraintHandler$alignWith$1$1$1$1::execute (9 bytes)
Event: 4188.014 Thread 0x000002cced3a7000 nmethod 21796 0x000002ccd92f7090 code [0x000002ccd92f7260, 0x000002ccd92f74a8]
Event: 4188.014 Thread 0x000002cced3a7000 21797       1       org.gradle.internal.component.local.model.DslOriginDependencyMetadataWrapper::getArtifacts (5 bytes)
Event: 4188.014 Thread 0x000002cced3a7000 nmethod 21797 0x000002ccde96c690 code [0x000002ccde96c840, 0x000002ccde96c8f8]
Event: 4188.014 Thread 0x000002cced3a7000 21799       2       com.google.common.collect.SingletonImmutableSet::createAsList (8 bytes)
Event: 4188.015 Thread 0x000002ccf9886800 nmethod 21734 0x000002ccde96b590 code [0x000002ccde96b780, 0x000002ccde96c218]
Event: 4188.015 Thread 0x000002cced3a7000 nmethod 21799 0x000002ccd92f7610 code [0x000002ccd92f77e0, 0x000002ccd92f7a48]
Event: 4188.015 Thread 0x000002ccf9886800 21442       4       org.apache.xerces.dom.AttrNSImpl::getNamespaceURI (16 bytes)
Event: 4188.016 Thread 0x000002ccf9886800 nmethod 21442 0x000002ccde96c990 code [0x000002ccde96cb20, 0x000002ccde96cbb8]
Event: 4188.016 Thread 0x000002ccf9886800 21521       4       org.apache.xerces.dom.ParentNode::insertBefore (8 bytes)
Event: 4188.017 Thread 0x000002ccf9886800 nmethod 21521 0x000002ccde96cc90 code [0x000002ccde96ce20, 0x000002ccde96cea8]
Event: 4188.017 Thread 0x000002ccf9886800 21541       4       org.apache.xerces.dom.ElementImpl::getTagName (16 bytes)
Event: 4188.021 Thread 0x000002ccf9886800 nmethod 21541 0x000002ccde96cf90 code [0x000002ccde96d140, 0x000002ccde96d308]
Event: 4188.021 Thread 0x000002ccf9886800 21529       4       org.apache.xerces.dom.NodeImpl::appendChild (7 bytes)
Event: 4188.022 Thread 0x000002ccf9886800 nmethod 21529 0x000002ccde96d510 code [0x000002ccde96d6c0, 0x000002ccde96d768]
Event: 4188.022 Thread 0x000002ccf9886800 21523       4       org.apache.xerces.dom.ElementImpl::getDefaultAttributes (48 bytes)
Event: 4188.024 Thread 0x000002ccf9886800 nmethod 21523 0x000002ccde96d890 code [0x000002ccde96da20, 0x000002ccde96db18]
Event: 4188.024 Thread 0x000002ccf9886800 21540       4       java.lang.StringUTF16::putChar (54 bytes)
Event: 4188.025 Thread 0x000002ccf9886800 nmethod 21540 0x000002ccde96dc10 code [0x000002ccde96dda0, 0x000002ccde96de58]
Event: 4188.025 Thread 0x000002ccf9886800 21417       4       org.apache.xerces.impl.XMLNSDocumentScannerImpl::scanAttribute (586 bytes)

GC Heap History (20 events):
Event: 19.214 GC heap before
{Heap before GC invocations=16 (full 0):
 garbage-first heap   total 262144K, used 221679K [0x0000000080000000, 0x0000000100000000)
  region size 1024K, 134 young (137216K), 6 survivors (6144K)
 Metaspace       used 112768K, capacity 116251K, committed 116488K, reserved 1150976K
  class space    used 14806K, capacity 16072K, committed 16152K, reserved 1048576K
}
Event: 19.226 GC heap after
{Heap after GC invocations=17 (full 0):
 garbage-first heap   total 262144K, used 83548K [0x0000000080000000, 0x0000000100000000)
  region size 1024K, 11 young (11264K), 11 survivors (11264K)
 Metaspace       used 112768K, capacity 116251K, committed 116488K, reserved 1150976K
  class space    used 14806K, capacity 16072K, committed 16152K, reserved 1048576K
}
Event: 2410.438 GC heap before
{Heap before GC invocations=18 (full 0):
 garbage-first heap   total 262144K, used 213596K [0x0000000080000000, 0x0000000100000000)
  region size 1024K, 137 young (140288K), 11 survivors (11264K)
 Metaspace       used 115740K, capacity 119259K, committed 119432K, reserved 1153024K
  class space    used 15059K, capacity 16397K, committed 16536K, reserved 1048576K
}
Event: 2410.468 GC heap after
{Heap after GC invocations=19 (full 0):
 garbage-first heap   total 262144K, used 101251K [0x0000000080000000, 0x0000000100000000)
  region size 1024K, 18 young (18432K), 18 survivors (18432K)
 Metaspace       used 115740K, capacity 119259K, committed 119432K, reserved 1153024K
  class space    used 15059K, capacity 16397K, committed 16536K, reserved 1048576K
}
Event: 2412.983 GC heap before
{Heap before GC invocations=19 (full 0):
 garbage-first heap   total 262144K, used 219011K [0x0000000080000000, 0x0000000100000000)
  region size 1024K, 119 young (121856K), 18 survivors (18432K)
 Metaspace       used 119604K, capacity 123166K, committed 123400K, reserved 1157120K
  class space    used 15399K, capacity 16783K, committed 16920K, reserved 1048576K
}
Event: 2413.007 GC heap after
{Heap after GC invocations=20 (full 0):
 garbage-first heap   total 262144K, used 109477K [0x0000000080000000, 0x0000000100000000)
  region size 1024K, 9 young (9216K), 9 survivors (9216K)
 Metaspace       used 119604K, capacity 123166K, committed 123400K, reserved 1157120K
  class space    used 15399K, capacity 16783K, committed 16920K, reserved 1048576K
}
Event: 2431.957 GC heap before
{Heap before GC invocations=20 (full 0):
 garbage-first heap   total 262144K, used 206757K [0x0000000080000000, 0x0000000100000000)
  region size 1024K, 103 young (105472K), 9 survivors (9216K)
 Metaspace       used 120880K, capacity 124453K, committed 124680K, reserved 1157120K
  class space    used 15494K, capacity 16911K, committed 16920K, reserved 1048576K
}
Event: 2431.965 GC heap after
{Heap after GC invocations=21 (full 0):
 garbage-first heap   total 262144K, used 112673K [0x0000000080000000, 0x0000000100000000)
  region size 1024K, 4 young (4096K), 4 survivors (4096K)
 Metaspace       used 120880K, capacity 124453K, committed 124680K, reserved 1157120K
  class space    used 15494K, capacity 16911K, committed 16920K, reserved 1048576K
}
Event: 2433.173 GC heap before
{Heap before GC invocations=21 (full 0):
 garbage-first heap   total 262144K, used 210977K [0x0000000080000000, 0x0000000100000000)
  region size 1024K, 99 young (101376K), 4 survivors (4096K)
 Metaspace       used 121612K, capacity 125241K, committed 125576K, reserved 1159168K
  class space    used 15518K, capacity 16940K, committed 17048K, reserved 1048576K
}
Event: 2433.185 GC heap after
{Heap after GC invocations=22 (full 0):
 garbage-first heap   total 262144K, used 125659K [0x0000000080000000, 0x0000000100000000)
  region size 1024K, 13 young (13312K), 13 survivors (13312K)
 Metaspace       used 121612K, capacity 125241K, committed 125576K, reserved 1159168K
  class space    used 15518K, capacity 16940K, committed 17048K, reserved 1048576K
}
Event: 2433.772 GC heap before
{Heap before GC invocations=22 (full 0):
 garbage-first heap   total 262144K, used 208603K [0x0000000080000000, 0x0000000100000000)
  region size 1024K, 93 young (95232K), 13 survivors (13312K)
 Metaspace       used 122396K, capacity 126111K, committed 126344K, reserved 1159168K
  class space    used 15550K, capacity 17004K, committed 17048K, reserved 1048576K
}
Event: 2433.794 GC heap after
{Heap after GC invocations=23 (full 0):
 garbage-first heap   total 262144K, used 135573K [0x0000000080000000, 0x0000000100000000)
  region size 1024K, 11 young (11264K), 11 survivors (11264K)
 Metaspace       used 122396K, capacity 126111K, committed 126344K, reserved 1159168K
  class space    used 15550K, capacity 17004K, committed 17048K, reserved 1048576K
}
Event: 2434.155 GC heap before
{Heap before GC invocations=23 (full 0):
 garbage-first heap   total 262144K, used 174485K [0x0000000080000000, 0x0000000100000000)
  region size 1024K, 51 young (52224K), 11 survivors (11264K)
 Metaspace       used 122905K, capacity 126594K, committed 126856K, reserved 1159168K
  class space    used 15558K, capacity 17005K, committed 17048K, reserved 1048576K
}
Event: 2434.168 GC heap after
{Heap after GC invocations=24 (full 0):
 garbage-first heap   total 262144K, used 132909K [0x0000000080000000, 0x0000000100000000)
  region size 1024K, 3 young (3072K), 3 survivors (3072K)
 Metaspace       used 122905K, capacity 126594K, committed 126856K, reserved 1159168K
  class space    used 15558K, capacity 17005K, committed 17048K, reserved 1048576K
}
Event: 4083.776 GC heap before
{Heap before GC invocations=25 (full 0):
 garbage-first heap   total 262144K, used 216877K [0x0000000080000000, 0x0000000100000000)
  region size 1024K, 78 young (79872K), 3 survivors (3072K)
 Metaspace       used 122827K, capacity 126124K, committed 127112K, reserved 1159168K
  class space    used 15378K, capacity 16659K, committed 17048K, reserved 1048576K
}
Event: 4083.779 GC heap after
{Heap after GC invocations=26 (full 0):
 garbage-first heap   total 262144K, used 123619K [0x0000000080000000, 0x0000000100000000)
  region size 1024K, 1 young (1024K), 1 survivors (1024K)
 Metaspace       used 122827K, capacity 126124K, committed 127112K, reserved 1159168K
  class space    used 15378K, capacity 16659K, committed 17048K, reserved 1048576K
}
Event: 4186.993 GC heap before
{Heap before GC invocations=26 (full 0):
 garbage-first heap   total 262144K, used 133859K [0x0000000080000000, 0x0000000100000000)
  region size 1024K, 12 young (12288K), 1 survivors (1024K)
 Metaspace       used 122866K, capacity 126274K, committed 127368K, reserved 1159168K
  class space    used 15380K, capacity 16663K, committed 17048K, reserved 1048576K
}
Event: 4187.001 GC heap after
{Heap after GC invocations=27 (full 0):
 garbage-first heap   total 262144K, used 101671K [0x0000000080000000, 0x0000000100000000)
  region size 1024K, 2 young (2048K), 2 survivors (2048K)
 Metaspace       used 122866K, capacity 126274K, committed 127368K, reserved 1159168K
  class space    used 15380K, capacity 16663K, committed 17048K, reserved 1048576K
}
Event: 4187.072 GC heap before
{Heap before GC invocations=27 (full 0):
 garbage-first heap   total 262144K, used 110887K [0x0000000080000000, 0x0000000100000000)
  region size 1024K, 12 young (12288K), 2 survivors (2048K)
 Metaspace       used 122892K, capacity 126282K, committed 127368K, reserved 1159168K
  class space    used 15381K, capacity 16664K, committed 17048K, reserved 1048576K
}
Event: 4187.087 GC heap after
{Heap after GC invocations=28 (full 0):
 garbage-first heap   total 262144K, used 94642K [0x0000000080000000, 0x0000000100000000)
  region size 1024K, 1 young (1024K), 1 survivors (1024K)
 Metaspace       used 122892K, capacity 126282K, committed 127368K, reserved 1159168K
  class space    used 15381K, capacity 16664K, committed 17048K, reserved 1048576K
}

Deoptimization events (20 events):
Event: 4187.919 Thread 0x000002ccef919000 DEOPT PACKING pc=0x000002ccd88e3bf8 sp=0x000000ffefdfd660
Event: 4187.919 Thread 0x000002ccef919000 DEOPT UNPACKING pc=0x000002ccd619a95e sp=0x000000ffefdfcb80 mode 0
Event: 4187.919 Thread 0x000002ccef919000 DEOPT PACKING pc=0x000002ccd88e3bf8 sp=0x000000ffefdfd640
Event: 4187.919 Thread 0x000002ccef919000 DEOPT UNPACKING pc=0x000002ccd619a95e sp=0x000000ffefdfcb60 mode 0
Event: 4187.921 Thread 0x000002ccef919000 DEOPT PACKING pc=0x000002ccd88e3bf8 sp=0x000000ffefdfd9c0
Event: 4187.921 Thread 0x000002ccef919000 DEOPT UNPACKING pc=0x000002ccd619a95e sp=0x000000ffefdfcee0 mode 0
Event: 4187.922 Thread 0x000002ccef919000 DEOPT PACKING pc=0x000002ccd88e3bf8 sp=0x000000ffefdfd560
Event: 4187.922 Thread 0x000002ccef919000 DEOPT UNPACKING pc=0x000002ccd619a95e sp=0x000000ffefdfca80 mode 0
Event: 4187.922 Thread 0x000002ccef919000 DEOPT PACKING pc=0x000002ccd88e3bf8 sp=0x000000ffefdfd640
Event: 4187.922 Thread 0x000002ccef919000 DEOPT UNPACKING pc=0x000002ccd619a95e sp=0x000000ffefdfcb60 mode 0
Event: 4187.922 Thread 0x000002ccef919000 DEOPT PACKING pc=0x000002ccd88e3bf8 sp=0x000000ffefdfd640
Event: 4187.922 Thread 0x000002ccef919000 DEOPT UNPACKING pc=0x000002ccd619a95e sp=0x000000ffefdfcb60 mode 0
Event: 4187.925 Thread 0x000002ccef919000 DEOPT PACKING pc=0x000002ccd88e3bf8 sp=0x000000ffefdfd640
Event: 4187.925 Thread 0x000002ccef919000 DEOPT UNPACKING pc=0x000002ccd619a95e sp=0x000000ffefdfcb60 mode 0
Event: 4187.966 Thread 0x000002ccef919000 DEOPT PACKING pc=0x000002ccd6eb5784 sp=0x000000ffefdfda40
Event: 4187.966 Thread 0x000002ccef919000 DEOPT UNPACKING pc=0x000002ccd619a95e sp=0x000000ffefdfcf90 mode 0
Event: 4187.975 Thread 0x000002ccf268c000 Uncommon trap: trap_request=0xffffff4d fr.pc=0x000002ccde6d410c relative=0x00000000000010ac
Event: 4187.975 Thread 0x000002ccf268c000 Uncommon trap: reason=unstable_if action=reinterpret pc=0x000002ccde6d410c method=com.google.common.collect.MapMakerInternalMap$Segment.getEntry(Ljava/lang/Object;I)Lcom/google/common/collect/MapMakerInternalMap$InternalEntry; @ 40 c2
Event: 4187.975 Thread 0x000002ccf268c000 DEOPT PACKING pc=0x000002ccde6d410c sp=0x000000ffef3fbb70
Event: 4187.975 Thread 0x000002ccf268c000 DEOPT UNPACKING pc=0x000002ccd619a1af sp=0x000000ffef3fba80 mode 2

Classes redefined (0 events):
No events

Internal exceptions (20 events):
Event: 2434.288 Thread 0x000002ccf03f8000 Exception <a 'sun/nio/fs/WindowsException'{0x000000008f76e4a8}> (0x000000008f76e4a8) thrown at [./src/hotspot/share/prims/jni.cpp, line 616]
Event: 2434.364 Thread 0x000002ccf03fc800 Exception <a 'sun/nio/fs/WindowsException'{0x000000008ef5d9f0}> (0x000000008ef5d9f0) thrown at [./src/hotspot/share/prims/jni.cpp, line 616]
Event: 2434.415 Thread 0x000002ccf03f8000 Exception <a 'sun/nio/fs/WindowsException'{0x000000008e917f90}> (0x000000008e917f90) thrown at [./src/hotspot/share/prims/jni.cpp, line 616]
Event: 2434.492 Thread 0x000002ccf03ff800 Exception <a 'sun/nio/fs/WindowsException'{0x000000008e23af90}> (0x000000008e23af90) thrown at [./src/hotspot/share/prims/jni.cpp, line 616]
Event: 2434.507 Thread 0x000002ccef917800 Implicit null exception at 0x000002ccddde7227 to 0x000002ccddde73a8
Event: 2434.534 Thread 0x000002ccf03fa000 Implicit null exception at 0x000002ccde04fb7e to 0x000002ccde052560
Event: 2434.617 Thread 0x000002ccf03fa000 Implicit null exception at 0x000002ccde04bb7e to 0x000002ccde04e570
Event: 2434.642 Thread 0x000002ccf03fa000 Implicit null exception at 0x000002ccdde545ce to 0x000002ccdde54b74
Event: 2434.701 Thread 0x000002ccef41a800 Implicit null exception at 0x000002ccddfe6804 to 0x000002ccddfe7020
Event: 2434.704 Thread 0x000002ccef41a800 Exception <a 'sun/nio/fs/WindowsException'{0x000000008d4e8be8}> (0x000000008d4e8be8) thrown at [./src/hotspot/share/prims/jni.cpp, line 616]
Event: 2434.704 Thread 0x000002ccef41a800 Exception <a 'sun/nio/fs/WindowsException'{0x000000008d4e8c68}> (0x000000008d4e8c68) thrown at [./src/hotspot/share/prims/jni.cpp, line 616]
Event: 2434.705 Thread 0x000002ccef41a800 Exception <a 'sun/nio/fs/WindowsException'{0x000000008d4ea5a0}> (0x000000008d4ea5a0) thrown at [./src/hotspot/share/prims/jni.cpp, line 616]
Event: 4187.095 Thread 0x000002ccf2995800 Exception <a 'sun/nio/fs/WindowsException'{0x000000008ff6e898}> (0x000000008ff6e898) thrown at [./src/hotspot/share/prims/jni.cpp, line 616]
Event: 4187.095 Thread 0x000002ccf2995800 Exception <a 'sun/nio/fs/WindowsException'{0x000000008ff70140}> (0x000000008ff70140) thrown at [./src/hotspot/share/prims/jni.cpp, line 616]
Event: 4187.150 Thread 0x000002ccf2995800 Exception <a 'java/lang/NoClassDefFoundError'{0x000000008fb1aae8}: org/jetbrains/kotlin/gradle/plugin/KotlinBasePluginWrapper> (0x000000008fb1aae8) thrown at [./src/hotspot/share/oops/constantPool.cpp, line 775]
Event: 4187.202 Thread 0x000002ccf2995800 Exception <a 'sun/nio/fs/WindowsException'{0x000000008f9f03a0}> (0x000000008f9f03a0) thrown at [./src/hotspot/share/prims/jni.cpp, line 616]
Event: 4187.208 Thread 0x000002ccf2995800 Exception <a 'sun/nio/fs/WindowsException'{0x000000008f892660}> (0x000000008f892660) thrown at [./src/hotspot/share/prims/jni.cpp, line 616]
Event: 4187.208 Thread 0x000002ccf2995800 Exception <a 'sun/nio/fs/WindowsException'{0x000000008f893948}> (0x000000008f893948) thrown at [./src/hotspot/share/prims/jni.cpp, line 616]
Event: 4187.208 Thread 0x000002ccf2995800 Exception <a 'sun/nio/fs/WindowsException'{0x000000008f894c80}> (0x000000008f894c80) thrown at [./src/hotspot/share/prims/jni.cpp, line 616]
Event: 4187.208 Thread 0x000002ccf2995800 Exception <a 'sun/nio/fs/WindowsException'{0x000000008f895fb8}> (0x000000008f895fb8) thrown at [./src/hotspot/share/prims/jni.cpp, line 616]

Events (20 events):
Event: 4187.869 Executing VM operation: RevokeBias
Event: 4187.869 Executing VM operation: RevokeBias done
Event: 4187.869 Executing VM operation: RevokeBias
Event: 4187.870 Executing VM operation: RevokeBias done
Event: 4187.870 Executing VM operation: RevokeBias
Event: 4187.870 Executing VM operation: RevokeBias done
Event: 4187.870 Executing VM operation: RevokeBias
Event: 4187.871 Executing VM operation: RevokeBias done
Event: 4187.871 Executing VM operation: RevokeBias
Event: 4187.871 Executing VM operation: RevokeBias done
Event: 4187.873 Executing VM operation: BulkRevokeBias
Event: 4187.877 Executing VM operation: BulkRevokeBias done
Event: 4187.889 Executing VM operation: RevokeBias
Event: 4187.889 Executing VM operation: RevokeBias done
Event: 4187.969 Executing VM operation: RevokeBias
Event: 4187.969 Executing VM operation: RevokeBias done
Event: 4187.989 Executing VM operation: RevokeBias
Event: 4187.989 Executing VM operation: RevokeBias done
Event: 4188.007 Executing VM operation: RevokeBias
Event: 4188.007 Executing VM operation: RevokeBias done


Dynamic libraries:
0x00007ff7a7830000 - 0x00007ff7a783a000 	C:\Program Files\Android\Android Studio\jre\bin\java.exe
0x00007ffd34fd0000 - 0x00007ffd351c8000 	C:\WINDOWS\SYSTEM32\ntdll.dll
0x00007ffd33cf0000 - 0x00007ffd33daf000 	C:\WINDOWS\System32\KERNEL32.DLL
0x00007ffd329b0000 - 0x00007ffd32c82000 	C:\WINDOWS\System32\KERNELBASE.dll
0x00007ffd32700000 - 0x00007ffd32800000 	C:\WINDOWS\System32\ucrtbase.dll
0x00007ffd0ffc0000 - 0x00007ffd0ffd7000 	C:\Program Files\Android\Android Studio\jre\bin\VCRUNTIME140.dll
0x00007ffd0ffe0000 - 0x00007ffd0fff9000 	C:\Program Files\Android\Android Studio\jre\bin\jli.dll
0x00007ffd340a0000 - 0x00007ffd3423d000 	C:\WINDOWS\System32\USER32.dll
0x00007ffd32ff0000 - 0x00007ffd33012000 	C:\WINDOWS\System32\win32u.dll
0x00007ffd1c250000 - 0x00007ffd1c4ea000 	C:\WINDOWS\WinSxS\amd64_microsoft.windows.common-controls_6595b64144ccf1df_6.0.19041.1110_none_60b5254171f9507e\COMCTL32.dll
0x00007ffd33cb0000 - 0x00007ffd33cdb000 	C:\WINDOWS\System32\GDI32.dll
0x00007ffd348a0000 - 0x00007ffd3493e000 	C:\WINDOWS\System32\msvcrt.dll
0x00007ffd328a0000 - 0x00007ffd329af000 	C:\WINDOWS\System32\gdi32full.dll
0x00007ffd32800000 - 0x00007ffd3289d000 	C:\WINDOWS\System32\msvcp_win.dll
0x00007ffd346b0000 - 0x00007ffd346e2000 	C:\WINDOWS\System32\IMM32.DLL
0x00007ffd02660000 - 0x00007ffd026fd000 	C:\Program Files\Android\Android Studio\jre\bin\msvcp140.dll
0x00007ffcee9c0000 - 0x00007ffcef4c2000 	C:\Program Files\Android\Android Studio\jre\bin\server\jvm.dll
0x00007ffd33100000 - 0x00007ffd331ae000 	C:\WINDOWS\System32\ADVAPI32.dll
0x00007ffd34a60000 - 0x00007ffd34afc000 	C:\WINDOWS\System32\sechost.dll
0x00007ffd33b80000 - 0x00007ffd33ca5000 	C:\WINDOWS\System32\RPCRT4.dll
0x00007ffd33230000 - 0x00007ffd33238000 	C:\WINDOWS\System32\PSAPI.DLL
0x00007ffd1ab70000 - 0x00007ffd1ab79000 	C:\WINDOWS\SYSTEM32\WSOCK32.dll
0x00007ffd1d020000 - 0x00007ffd1d047000 	C:\WINDOWS\SYSTEM32\WINMM.dll
0x00007ffd2ac30000 - 0x00007ffd2ac3a000 	C:\WINDOWS\SYSTEM32\VERSION.dll
0x00007ffd33a60000 - 0x00007ffd33acb000 	C:\WINDOWS\System32\WS2_32.dll
0x00007ffd30f70000 - 0x00007ffd30f82000 	C:\WINDOWS\SYSTEM32\kernel.appcore.dll
0x00007ffd27cd0000 - 0x00007ffd27ce1000 	C:\Program Files\Android\Android Studio\jre\bin\verify.dll
0x00007ffd30480000 - 0x00007ffd30664000 	C:\WINDOWS\SYSTEM32\DBGHELP.DLL
0x00007ffd16000000 - 0x00007ffd1602c000 	C:\WINDOWS\SYSTEM32\dbgcore.DLL
0x00007ffd32ea0000 - 0x00007ffd32f22000 	C:\WINDOWS\System32\bcryptPrimitives.dll
0x00007ffd263f0000 - 0x00007ffd26419000 	C:\Program Files\Android\Android Studio\jre\bin\java.dll
0x00007ffd2df00000 - 0x00007ffd2df0b000 	C:\Program Files\Android\Android Studio\jre\bin\jimage.dll
0x00007ffd264f0000 - 0x00007ffd26508000 	C:\Program Files\Android\Android Studio\jre\bin\zip.dll
0x00007ffd33310000 - 0x00007ffd33a53000 	C:\WINDOWS\System32\SHELL32.dll
0x00007ffd30770000 - 0x00007ffd30f02000 	C:\WINDOWS\SYSTEM32\windows.storage.dll
0x00007ffd34b00000 - 0x00007ffd34e54000 	C:\WINDOWS\System32\combase.dll
0x00007ffd32130000 - 0x00007ffd32160000 	C:\WINDOWS\SYSTEM32\Wldp.dll
0x00007ffd33e80000 - 0x00007ffd33f2d000 	C:\WINDOWS\System32\SHCORE.dll
0x00007ffd330a0000 - 0x00007ffd330f5000 	C:\WINDOWS\System32\shlwapi.dll
0x00007ffd32610000 - 0x00007ffd3262f000 	C:\WINDOWS\SYSTEM32\profapi.dll
0x00007ffd16ec0000 - 0x00007ffd16eda000 	C:\Program Files\Android\Android Studio\jre\bin\net.dll
0x00007ffd28dd0000 - 0x00007ffd28edc000 	C:\WINDOWS\SYSTEM32\WINHTTP.dll
0x00007ffd31e90000 - 0x00007ffd31efa000 	C:\WINDOWS\system32\mswsock.dll
0x00007ffd16ea0000 - 0x00007ffd16eb4000 	C:\Program Files\Android\Android Studio\jre\bin\nio.dll
0x00007ffd2a7f0000 - 0x00007ffd2a817000 	C:\Users\Rizky Awanta Jordhie\.gradle\native\e1d6ef7f7dcc3fd88c89a11ec53ec762bb8ba0a96d01ffa2cd45eb1d1d8dd5c5\windows-amd64\native-platform.dll
0x00007ffccfbe0000 - 0x00007ffccfd24000 	C:\Users\Rizky Awanta Jordhie\.gradle\native\0d407fdbe67a94daf76414ababcb853783967236a71b16ec16e742cd7a986fd3\windows-amd64\native-platform-file-events.dll
0x00007ffd2b420000 - 0x00007ffd2b42a000 	C:\Program Files\Android\Android Studio\jre\bin\management.dll
0x00007ffd2ab20000 - 0x00007ffd2ab2d000 	C:\Program Files\Android\Android Studio\jre\bin\management_ext.dll
0x00007ffd32080000 - 0x00007ffd32098000 	C:\WINDOWS\SYSTEM32\CRYPTSP.dll
0x00007ffd31740000 - 0x00007ffd31774000 	C:\WINDOWS\system32\rsaenh.dll
0x00007ffd326d0000 - 0x00007ffd326f7000 	C:\WINDOWS\System32\bcrypt.dll
0x00007ffd325d0000 - 0x00007ffd325fe000 	C:\WINDOWS\SYSTEM32\USERENV.dll
0x00007ffd320a0000 - 0x00007ffd320ac000 	C:\WINDOWS\SYSTEM32\CRYPTBASE.dll
0x00007ffd31b30000 - 0x00007ffd31b6b000 	C:\WINDOWS\SYSTEM32\IPHLPAPI.DLL
0x00007ffd332a0000 - 0x00007ffd332a8000 	C:\WINDOWS\System32\NSI.dll
0x00007ffd2b1f0000 - 0x00007ffd2b207000 	C:\WINDOWS\SYSTEM32\dhcpcsvc6.DLL
0x00007ffd2b220000 - 0x00007ffd2b23d000 	C:\WINDOWS\SYSTEM32\dhcpcsvc.DLL
0x00007ffd31b70000 - 0x00007ffd31c3a000 	C:\WINDOWS\SYSTEM32\DNSAPI.dll
0x00007ffd10020000 - 0x00007ffd10047000 	C:\Program Files\Android\Android Studio\jre\bin\sunec.dll
0x00007ffd31860000 - 0x00007ffd31893000 	C:\WINDOWS\SYSTEM32\ntmarta.dll

dbghelp: loaded successfully - version: 4.0.5 - missing functions: none
symbol engine: initialized successfully - sym options: 0x614 - pdb path: .;C:\Program Files\Android\Android Studio\jre\bin;C:\WINDOWS\SYSTEM32;C:\WINDOWS\WinSxS\amd64_microsoft.windows.common-controls_6595b64144ccf1df_6.0.19041.1110_none_60b5254171f9507e;C:\Program Files\Android\Android Studio\jre\bin\server;C:\Users\Rizky Awanta Jordhie\.gradle\native\e1d6ef7f7dcc3fd88c89a11ec53ec762bb8ba0a96d01ffa2cd45eb1d1d8dd5c5\windows-amd64;C:\Users\Rizky Awanta Jordhie\.gradle\native\0d407fdbe67a94daf76414ababcb853783967236a71b16ec16e742cd7a986fd3\windows-amd64

VM Arguments:
jvm_args: --add-opens=java.base/java.util=ALL-UNNAMED --add-opens=java.base/java.lang=ALL-UNNAMED --add-opens=java.base/java.lang.invoke=ALL-UNNAMED --add-opens=java.base/java.util=ALL-UNNAMED --add-opens=java.prefs/java.util.prefs=ALL-UNNAMED --add-opens=java.prefs/java.util.prefs=ALL-UNNAMED --add-opens=java.base/java.nio.charset=ALL-UNNAMED --add-opens=java.base/java.net=ALL-UNNAMED --add-opens=java.base/java.util.concurrent.atomic=ALL-UNNAMED -Xmx2048m -Dfile.encoding=UTF-8 -Duser.country=US -Duser.language=en -Duser.variant 
java_command: org.gradle.launcher.daemon.bootstrap.GradleDaemon 7.4
java_class_path (initial): C:\Users\Rizky Awanta Jordhie\.gradle\wrapper\dists\gradle-7.4-bin\c0gwcg53nkjbqw7r0h0umtfvt\gradle-7.4\lib\gradle-launcher-7.4.jar
Launcher Type: SUN_STANDARD

[Global flags]
     intx CICompilerCount                          = 4                                         {product} {ergonomic}
     uint ConcGCThreads                            = 2                                         {product} {ergonomic}
     uint G1ConcRefinementThreads                  = 8                                         {product} {ergonomic}
   size_t G1HeapRegionSize                         = 1048576                                   {product} {ergonomic}
    uintx GCDrainStackTargetSize                   = 64                                        {product} {ergonomic}
   size_t InitialHeapSize                          = 268435456                                 {product} {ergonomic}
   size_t MarkStackSize                            = 4194304                                   {product} {ergonomic}
   size_t MaxHeapSize                              = 2147483648                                {product} {command line}
   size_t MaxNewSize                               = 1287651328                                {product} {ergonomic}
   size_t MinHeapDeltaBytes                        = 1048576                                   {product} {ergonomic}
    uintx NonNMethodCodeHeapSize                   = 5836300                                {pd product} {ergonomic}
    uintx NonProfiledCodeHeapSize                  = 122910970                              {pd product} {ergonomic}
    uintx ProfiledCodeHeapSize                     = 122910970                              {pd product} {ergonomic}
    uintx ReservedCodeCacheSize                    = 251658240                              {pd product} {ergonomic}
     bool SegmentedCodeCache                       = true                                      {product} {ergonomic}
     bool UseCompressedClassPointers               = true                                 {lp64_product} {ergonomic}
     bool UseCompressedOops                        = true                                 {lp64_product} {ergonomic}
     bool UseG1GC                                  = true                                      {product} {ergonomic}
     bool UseLargePagesIndividualAllocation        = false                                  {pd product} {ergonomic}

Logging:
Log output configuration:
 #0: stdout all=warning uptime,level,tags
 #1: stderr all=off uptime,level,tags

Environment Variables:
PATH=C:\Program Files\Common Files\Oracle\Java\javapath;C:\Program Files (x86)\Common Files\Intel\Shared Libraries\redist\intel64\compiler;c:\programdata\oracle\java\javapath;c:\program files (x86)\intel\icls client\;c:\program files\intel\icls client\;c:\windows\system32;c:\windows;c:\windows\system32\wbem;c:\windows\system32\windowspowershell\v1.0\;c:\program files (x86)\intel\intel(r) management engine components\dal;c:\program files\intel\intel(r) management engine components\dal;c:\program files (x86)\intel\intel(r) management engine components\ipt;c:\program files\intel\intel(r) management engine components\ipt;c:\program files\dotnet\;c:\windows\system32;c:\windows;c:\windows\system32\wbem;c:\windows\system32\windowspowershell\v1.0\;c:\windows\system32\openssh\;c:\android;c:\windows\system32;c:\windows;c:\windows\system32\wbem;c:\windows\system32\windowspowershell\v1.0\;c:\windows\system32\openssh\;c:\program files\crucial\crucial storage executive;c:\program files (x86)\calibre2\;C:\Program Files (x86)\NVIDIA Corporation\PhysX\Common;C:\Gradle\gradle-7.5.1\bin;C:\Program Files\Git\cmd;C:\Users\Rizky Awanta Jordhie\AppData\Local\Programs\Python\Python39\Scripts\;C:\Users\Rizky Awanta Jordhie\AppData\Local\Programs\Python\Python39\;C:\Users\Rizky Awanta Jordhie\AppData\Local\Microsoft\WindowsApps;C:\Users\Rizky Awanta Jordhie\AppData\Local\Programs\Microsoft VS Code\bin;C:\intelFPGA\20.1\modelsim_ase\win32aloem;C:\intelFPGA_lite\21.1\questa_fse\win64;C:\Gradle\gradle-7.5.1\bin;
USERNAME=Rizky Awanta Jordhie
OS=Windows_NT
PROCESSOR_IDENTIFIER=Intel64 Family 6 Model 142 Stepping 10, GenuineIntel



---------------  S Y S T E M  ---------------

OS: Windows 10 , 64 bit Build 19041 (10.0.19041.2251)
OS uptime: 0 days 8:36 hours

CPU:total 8 (initial active 8) (4 cores per cpu, 2 threads per core) family 6 model 142 stepping 10 microcode 0xb4, cmov, cx8, fxsr, mmx, sse, sse2, sse3, ssse3, sse4.1, sse4.2, popcnt, avx, avx2, aes, clmul, erms, 3dnowpref, lzcnt, ht, tsc, tscinvbit, bmi1, bmi2, adx, fma

Memory: 4k page, system-wide physical 16270M (1333M free)
TotalPageFile size 16270M (AvailPageFile size 8M)
current process WorkingSet (physical memory assigned to process): 572M, peak: 581M
current process commit charge ("private bytes"): 652M, peak: 656M

vm_info: OpenJDK 64-Bit Server VM (11.0.13+0-b1751.21-8125866) for windows-amd64 JRE (11.0.13+0-b1751.21-8125866), built on Feb  2 2022 03:00:22 by "builder" with MS VC++ 14.0 (VS2015)

END.
