#
# There is insufficient memory for the Java Runtime Environment to continue.
# Native memory allocation (mmap) failed to map 1048576 bytes for Failed to commit area from 0x0000000090700000 to 0x0000000090800000 of length 1048576.
# Possible reasons:
#   The system is out of physical RAM or swap space
#   The process is running with CompressedOops enabled, and the Java Heap may be blocking the growth of the native heap
# Possible solutions:
#   Reduce memory load on the system
#   Increase physical memory or swap space
#   Check if swap backing store is full
#   Decrease Java heap size (-Xmx/-Xms)
#   Decrease number of Java threads
#   Decrease Java thread stack sizes (-Xss)
#   Set larger code cache with -XX:ReservedCodeCacheSize=
#   JVM is running with Unscaled Compressed Oops mode in which the Java heap is
#     placed in the first 4GB address space. The Java Heap base address is the
#     maximum limit for the native heap growth. Please use -XX:HeapBaseMinAddress
#     to set the Java Heap base and to place the Java Heap above 4GB virtual address.
# This output file may be truncated or incomplete.
#
#  Out of Memory Error (./src/hotspot/os/windows/os_windows.cpp:3619), pid=22896, tid=25812
#
# JRE version: OpenJDK Runtime Environment (11.0.13) (build 11.0.13+0-b1751.21-8125866)
# Java VM: OpenJDK 64-Bit Server VM (11.0.13+0-b1751.21-8125866, mixed mode, tiered, compressed oops, g1 gc, windows-amd64)
# No core dump will be written. Minidumps are not enabled by default on client versions of Windows
#

---------------  S U M M A R Y ------------

Command Line: --add-opens=java.base/java.util=ALL-UNNAMED --add-opens=java.base/java.lang=ALL-UNNAMED --add-opens=java.base/java.lang.invoke=ALL-UNNAMED --add-opens=java.base/java.util=ALL-UNNAMED --add-opens=java.prefs/java.util.prefs=ALL-UNNAMED --add-opens=java.prefs/java.util.prefs=ALL-UNNAMED --add-opens=java.base/java.nio.charset=ALL-UNNAMED --add-opens=java.base/java.net=ALL-UNNAMED --add-opens=java.base/java.util.concurrent.atomic=ALL-UNNAMED -Xmx2048m -Dfile.encoding=UTF-8 -Duser.country=US -Duser.language=en -Duser.variant org.gradle.launcher.daemon.bootstrap.GradleDaemon 7.4

Host: Intel(R) Core(TM) i5-8250U CPU @ 1.60GHz, 8 cores, 15G,  Windows 10 , 64 bit Build 19041 (10.0.19041.2251)
Time: Wed Dec 14 05:21:30 2022 SE Asia Standard Time elapsed time: 14.144662 seconds (0d 0h 0m 14s)

---------------  T H R E A D  ---------------

Current thread (0x00000174c8d52000):  GCTaskThread "GC Thread#2" [stack: 0x0000004f0a400000,0x0000004f0a500000] [id=25812]

Stack: [0x0000004f0a400000,0x0000004f0a500000]
[error occurred during error reporting (printing stack bounds), id 0xc0000005, EXCEPTION_ACCESS_VIOLATION (0xc0000005) at pc=0x00000174b078112d]

Native frames: (J=compiled Java code, j=interpreted, Vv=VM code, C=native code)
V  [jvm.dll+0x6100fa]
V  [jvm.dll+0x747090]
V  [jvm.dll+0x7486ad]
V  [jvm.dll+0x748ce5]
V  [jvm.dll+0x748c9b]
V  [jvm.dll+0x60f224]
V  [jvm.dll+0x60f9b8]
C  [ntdll.dll+0xa241f]
C  [ntdll.dll+0x514a4]
C  [ntdll.dll+0xa0f4e]
C  0x00000174b078112d


---------------  P R O C E S S  ---------------

Threads class SMR info:
_java_thread_list=0x00000174d2a7b1c0, length=154, elements={
0x00000174ab490000, 0x00000174c813c800, 0x00000174c8147000, 0x00000174c819a800,
0x00000174c819b800, 0x00000174c819d000, 0x00000174c81aa000, 0x00000174c81b4800,
0x00000174c81b6000, 0x00000174c833c800, 0x00000174ca9f0800, 0x00000174c868f000,
0x00000174c99f8800, 0x00000174cb576800, 0x00000174caad2800, 0x00000174c9bf7000,
0x00000174c9b88000, 0x00000174c8dfa800, 0x00000174c9922800, 0x00000174c959d800,
0x00000174cab2e000, 0x00000174cab2a800, 0x00000174cab2b800, 0x00000174caa51800,
0x00000174cab2d000, 0x00000174cab2c800, 0x00000174cab29000, 0x00000174cab2a000,
0x00000174cab2f000, 0x00000174cab2f800, 0x00000174cb3f3800, 0x00000174cb3f5800,
0x00000174cb3f2000, 0x00000174cb3f8000, 0x00000174cb3fb000, 0x00000174cb3fc000,
0x00000174cb3f6000, 0x00000174cb3fe800, 0x00000174cb3fc800, 0x00000174cb3fd800,
0x00000174cb3f8800, 0x00000174cb3ff000, 0x00000174cb3f9800, 0x00000174cb400000,
0x00000174cc0bb000, 0x00000174cc0b9000, 0x00000174cc0bb800, 0x00000174cc0bc800,
0x00000174cc0bd000, 0x00000174cc0be000, 0x00000174cc0bf000, 0x00000174cc0bf800,
0x00000174cc0ba000, 0x00000174cc0c2000, 0x00000174cc0c3000, 0x00000174cc0c5800,
0x00000174cc0c0800, 0x00000174cc0c6000, 0x00000174cc0c4000, 0x00000174cc0c7000,
0x00000174cc0c4800, 0x00000174cc0c1800, 0x00000174cc0c8000, 0x00000174cbe0d000,
0x00000174cbe0e000, 0x00000174cbe0c800, 0x00000174cbe0f000, 0x00000174cbe0b800,
0x00000174cbe09000, 0x00000174cbe0f800, 0x00000174cbe0b000, 0x00000174cbe0a000,
0x00000174cbe16000, 0x00000174cbe10800, 0x00000174cbe14000, 0x00000174cbe17000,
0x00000174cbe12000, 0x00000174cbe14800, 0x00000174cbe13000, 0x00000174cbe15800,
0x00000174cbe11800, 0x00000174cbe18000, 0x00000174cb79b000, 0x00000174cb795800,
0x00000174cb799800, 0x00000174cb798800, 0x00000174cb797000, 0x00000174cb79c000,
0x00000174cb79a000, 0x00000174cb796000, 0x00000174cb79c800, 0x00000174cb79d800,
0x00000174cb797800, 0x00000174cb7a0800, 0x00000174cb7a0000, 0x00000174cb7a4000,
0x00000174cb79e800, 0x00000174cb7a1800, 0x00000174cb79f000, 0x00000174cb7a2800,
0x00000174cb7a3000, 0x00000174cb4d6800, 0x00000174cb4d4000, 0x00000174cb4d8000,
0x00000174cb4d5800, 0x00000174cb4d5000, 0x00000174cb4d7000, 0x00000174cb4d2800,
0x00000174cb4d9000, 0x00000174cb4d3000, 0x00000174cb4dd000, 0x00000174cb4de000,
0x00000174cb4da800, 0x00000174cb4d9800, 0x00000174cb4e1000, 0x00000174cb4db800,
0x00000174cb4e0000, 0x00000174cb4de800, 0x00000174cb4dc000, 0x00000174cb4df800,
0x00000174ce1bc800, 0x00000174ce1ba000, 0x00000174ce1bc000, 0x00000174ce1b7000,
0x00000174ce1bd800, 0x00000174ce1b8000, 0x00000174ce1be800, 0x00000174ce1b8800,
0x00000174ce1bf000, 0x00000174ce1b9800, 0x00000174ce1c0800, 0x00000174ce1c1800,
0x00000174ce1c5800, 0x00000174cb2f1000, 0x00000174ce1c2800, 0x00000174ce1c3000,
0x00000174ce1c4000, 0x00000174ce1c5000, 0x00000174ce1c0000, 0x00000174cdc41000,
0x00000174cdc43000, 0x00000174cdc3e800, 0x00000174cdc42000, 0x00000174cdc3d000,
0x00000174cdc40800, 0x00000174cdc3e000, 0x00000174cdc45800, 0x00000174cdc3f800,
0x00000174cdc47000, 0x00000174cdc4c000, 0x00000174cdc48800, 0x00000174cdc47800,
0x00000174cdc46000, 0x00000174cdc49800
}

Java Threads: ( => current thread )
  0x00000174ab490000 JavaThread "main" [_thread_blocked, id=25296, stack(0x0000004f09100000,0x0000004f09200000)]
  0x00000174c813c800 JavaThread "Reference Handler" daemon [_thread_blocked, id=22384, stack(0x0000004f09800000,0x0000004f09900000)]
  0x00000174c8147000 JavaThread "Finalizer" daemon [_thread_blocked, id=27512, stack(0x0000004f09900000,0x0000004f09a00000)]
  0x00000174c819a800 JavaThread "Signal Dispatcher" daemon [_thread_blocked, id=28596, stack(0x0000004f09a00000,0x0000004f09b00000)]
  0x00000174c819b800 JavaThread "Attach Listener" daemon [_thread_blocked, id=19880, stack(0x0000004f09b00000,0x0000004f09c00000)]
  0x00000174c819d000 JavaThread "Service Thread" daemon [_thread_blocked, id=12940, stack(0x0000004f09c00000,0x0000004f09d00000)]
  0x00000174c81aa000 JavaThread "C2 CompilerThread0" daemon [_thread_in_native, id=8992, stack(0x0000004f09d00000,0x0000004f09e00000)]
  0x00000174c81b4800 JavaThread "C1 CompilerThread0" daemon [_thread_blocked, id=10292, stack(0x0000004f09e00000,0x0000004f09f00000)]
  0x00000174c81b6000 JavaThread "Sweeper thread" daemon [_thread_blocked, id=17196, stack(0x0000004f09f00000,0x0000004f0a000000)]
  0x00000174c833c800 JavaThread "Common-Cleaner" daemon [_thread_blocked, id=26328, stack(0x0000004f0a000000,0x0000004f0a100000)]
  0x00000174ca9f0800 JavaThread "Daemon health stats" [_thread_blocked, id=16760, stack(0x0000004f0a900000,0x0000004f0aa00000)]
  0x00000174c868f000 JavaThread "Incoming local TCP Connector on port 64363" [_thread_in_native, id=28800, stack(0x0000004f0a200000,0x0000004f0a300000)]
  0x00000174c99f8800 JavaThread "Daemon periodic checks" [_thread_blocked, id=25640, stack(0x0000004f0a800000,0x0000004f0a900000)]
  0x00000174cb576800 JavaThread "Daemon" [_thread_blocked, id=24792, stack(0x0000004f0aa00000,0x0000004f0ab00000)]
  0x00000174caad2800 JavaThread "Handler for socket connection from /127.0.0.1:64363 to /127.0.0.1:64364" [_thread_in_native, id=18560, stack(0x0000004f0ab00000,0x0000004f0ac00000)]
  0x00000174c9bf7000 JavaThread "Cancel handler" [_thread_blocked, id=27952, stack(0x0000004f0ac00000,0x0000004f0ad00000)]
  0x00000174c9b88000 JavaThread "Daemon worker" [_thread_blocked, id=17120, stack(0x0000004f0ad00000,0x0000004f0ae00000)]
  0x00000174c8dfa800 JavaThread "Asynchronous log dispatcher for DefaultDaemonConnection: socket connection from /127.0.0.1:64363 to /127.0.0.1:64364" [_thread_blocked, id=28436, stack(0x0000004f0ae00000,0x0000004f0af00000)]
  0x00000174c9922800 JavaThread "Stdin handler" [_thread_blocked, id=16056, stack(0x0000004f0af00000,0x0000004f0b000000)]
  0x00000174c959d800 JavaThread "Daemon client event forwarder" [_thread_blocked, id=8308, stack(0x0000004f0b000000,0x0000004f0b100000)]
  0x00000174cab2e000 JavaThread "Cache worker for journal cache (C:\Users\Rizky Awanta Jordhie\.gradle\caches\journal-1)" [_thread_blocked, id=26460, stack(0x0000004f0b100000,0x0000004f0b200000)]
  0x00000174cab2a800 JavaThread "File lock request listener" [_thread_in_native, id=25848, stack(0x0000004f0b200000,0x0000004f0b300000)]
  0x00000174cab2b800 JavaThread "Cache worker for file hash cache (C:\Users\Rizky Awanta Jordhie\.gradle\caches\7.4\fileHashes)" [_thread_blocked, id=25632, stack(0x0000004f0b300000,0x0000004f0b400000)]
  0x00000174caa51800 JavaThread "C2 CompilerThread1" daemon [_thread_blocked, id=15060, stack(0x0000004f0b700000,0x0000004f0b800000)]
  0x00000174cab2d000 JavaThread "File watcher server" daemon [_thread_blocked, id=18856, stack(0x0000004f0b900000,0x0000004f0ba00000)]
  0x00000174cab2c800 JavaThread "File watcher consumer" daemon [_thread_blocked, id=19892, stack(0x0000004f0ba00000,0x0000004f0bb00000)]
  0x00000174cab29000 JavaThread "Cache worker for checksums cache (C:\Android\AndroidStudioProjects\jsleepandroid\.gradle\7.4\checksums)" [_thread_blocked, id=19736, stack(0x0000004f0bb00000,0x0000004f0bc00000)]
  0x00000174cab2a000 JavaThread "Cache worker for cache directory md-rule (C:\Users\Rizky Awanta Jordhie\.gradle\caches\7.4\md-rule)" [_thread_blocked, id=26804, stack(0x0000004f0bc00000,0x0000004f0bd00000)]
  0x00000174cab2f000 JavaThread "Cache worker for file hash cache (C:\Android\AndroidStudioProjects\jsleepandroid\.gradle\7.4\fileHashes)" [_thread_blocked, id=20144, stack(0x0000004f0bd00000,0x0000004f0be00000)]
  0x00000174cab2f800 JavaThread "Cache worker for cache directory md-supplier (C:\Users\Rizky Awanta Jordhie\.gradle\caches\7.4\md-supplier)" [_thread_blocked, id=11932, stack(0x0000004f0be00000,0x0000004f0bf00000)]
  0x00000174cb3f3800 JavaThread "Cache worker for execution history cache (C:\Users\Rizky Awanta Jordhie\.gradle\caches\7.4\executionHistory)" [_thread_blocked, id=18216, stack(0x0000004f0bf00000,0x0000004f0c000000)]
  0x00000174cb3f5800 JavaThread "jar transforms" [_thread_blocked, id=29200, stack(0x0000004f0c000000,0x0000004f0c100000)]
  0x00000174cb3f2000 JavaThread "Cache worker for file content cache (C:\Users\Rizky Awanta Jordhie\.gradle\caches\7.4\fileContent)" [_thread_blocked, id=20632, stack(0x0000004f0c100000,0x0000004f0c200000)]
  0x00000174cb3f8000 JavaThread "jar transforms Thread 2" [_thread_blocked, id=23600, stack(0x0000004f0c200000,0x0000004f0c300000)]
  0x00000174cb3fb000 JavaThread "Cache worker for dependencies-accessors (C:\Android\AndroidStudioProjects\jsleepandroid\.gradle\7.4\dependencies-accessors)" [_thread_blocked, id=21772, stack(0x0000004f0c300000,0x0000004f0c400000)]
  0x00000174cb3fc000 JavaThread "jar transforms Thread 3" [_thread_blocked, id=19520, stack(0x0000004f0c400000,0x0000004f0c500000)]
  0x00000174cb3f6000 JavaThread "Cache worker for Build Output Cleanup Cache (C:\Android\AndroidStudioProjects\jsleepandroid\.gradle\buildOutputCleanup)" [_thread_blocked, id=20292, stack(0x0000004f0c500000,0x0000004f0c600000)]
  0x00000174cb3fe800 JavaThread "Unconstrained build operations" [_thread_blocked, id=13036, stack(0x0000004f0c600000,0x0000004f0c700000)]
  0x00000174cb3fc800 JavaThread "Unconstrained build operations Thread 2" [_thread_blocked, id=27532, stack(0x0000004f0c700000,0x0000004f0c800000)]
  0x00000174cb3fd800 JavaThread "Unconstrained build operations Thread 3" [_thread_blocked, id=19052, stack(0x0000004f0c800000,0x0000004f0c900000)]
  0x00000174cb3f8800 JavaThread "Unconstrained build operations Thread 4" [_thread_blocked, id=28648, stack(0x0000004f0c900000,0x0000004f0ca00000)]
  0x00000174cb3ff000 JavaThread "Unconstrained build operations Thread 5" [_thread_blocked, id=17856, stack(0x0000004f0ca00000,0x0000004f0cb00000)]
  0x00000174cb3f9800 JavaThread "Unconstrained build operations Thread 6" [_thread_blocked, id=28896, stack(0x0000004f0cb00000,0x0000004f0cc00000)]
  0x00000174cb400000 JavaThread "Unconstrained build operations Thread 7" [_thread_blocked, id=26216, stack(0x0000004f0cc00000,0x0000004f0cd00000)]
  0x00000174cc0bb000 JavaThread "Unconstrained build operations Thread 8" [_thread_blocked, id=23016, stack(0x0000004f0cd00000,0x0000004f0ce00000)]
  0x00000174cc0b9000 JavaThread "Unconstrained build operations Thread 9" [_thread_blocked, id=25320, stack(0x0000004f0ce00000,0x0000004f0cf00000)]
  0x00000174cc0bb800 JavaThread "Unconstrained build operations Thread 10" [_thread_blocked, id=11404, stack(0x0000004f0cf00000,0x0000004f0d000000)]
  0x00000174cc0bc800 JavaThread "Unconstrained build operations Thread 11" [_thread_blocked, id=12448, stack(0x0000004f0d000000,0x0000004f0d100000)]
  0x00000174cc0bd000 JavaThread "Unconstrained build operations Thread 12" [_thread_blocked, id=28484, stack(0x0000004f0d100000,0x0000004f0d200000)]
  0x00000174cc0be000 JavaThread "Unconstrained build operations Thread 13" [_thread_blocked, id=12976, stack(0x0000004f0d200000,0x0000004f0d300000)]
  0x00000174cc0bf000 JavaThread "Unconstrained build operations Thread 14" [_thread_blocked, id=28408, stack(0x0000004f0d300000,0x0000004f0d400000)]
  0x00000174cc0bf800 JavaThread "Unconstrained build operations Thread 15" [_thread_blocked, id=18904, stack(0x0000004f0d400000,0x0000004f0d500000)]
  0x00000174cc0ba000 JavaThread "Unconstrained build operations Thread 16" [_thread_blocked, id=26336, stack(0x0000004f0d500000,0x0000004f0d600000)]
  0x00000174cc0c2000 JavaThread "Unconstrained build operations Thread 17" [_thread_blocked, id=28972, stack(0x0000004f0d600000,0x0000004f0d700000)]
  0x00000174cc0c3000 JavaThread "Unconstrained build operations Thread 18" [_thread_blocked, id=20808, stack(0x0000004f0d700000,0x0000004f0d800000)]
  0x00000174cc0c5800 JavaThread "Unconstrained build operations Thread 19" [_thread_blocked, id=19468, stack(0x0000004f0d800000,0x0000004f0d900000)]
  0x00000174cc0c0800 JavaThread "Unconstrained build operations Thread 20" [_thread_blocked, id=25540, stack(0x0000004f0d900000,0x0000004f0da00000)]
  0x00000174cc0c6000 JavaThread "Unconstrained build operations Thread 21" [_thread_blocked, id=25328, stack(0x0000004f0da00000,0x0000004f0db00000)]
  0x00000174cc0c4000 JavaThread "Unconstrained build operations Thread 22" [_thread_blocked, id=11860, stack(0x0000004f0db00000,0x0000004f0dc00000)]
  0x00000174cc0c7000 JavaThread "Unconstrained build operations Thread 23" [_thread_blocked, id=7352, stack(0x0000004f0dc00000,0x0000004f0dd00000)]
  0x00000174cc0c4800 JavaThread "Unconstrained build operations Thread 24" [_thread_blocked, id=24280, stack(0x0000004f0dd00000,0x0000004f0de00000)]
  0x00000174cc0c1800 JavaThread "Unconstrained build operations Thread 25" [_thread_blocked, id=23028, stack(0x0000004f0de00000,0x0000004f0df00000)]
  0x00000174cc0c8000 JavaThread "Unconstrained build operations Thread 26" [_thread_blocked, id=22392, stack(0x0000004f0df00000,0x0000004f0e000000)]
  0x00000174cbe0d000 JavaThread "Unconstrained build operations Thread 27" [_thread_blocked, id=17040, stack(0x0000004f0e000000,0x0000004f0e100000)]
  0x00000174cbe0e000 JavaThread "Unconstrained build operations Thread 28" [_thread_blocked, id=15468, stack(0x0000004f0e100000,0x0000004f0e200000)]
  0x00000174cbe0c800 JavaThread "Unconstrained build operations Thread 29" [_thread_blocked, id=9012, stack(0x0000004f0e200000,0x0000004f0e300000)]
  0x00000174cbe0f000 JavaThread "Unconstrained build operations Thread 30" [_thread_blocked, id=12804, stack(0x0000004f0e300000,0x0000004f0e400000)]
  0x00000174cbe0b800 JavaThread "Unconstrained build operations Thread 31" [_thread_blocked, id=2192, stack(0x0000004f0e400000,0x0000004f0e500000)]
  0x00000174cbe09000 JavaThread "Unconstrained build operations Thread 32" [_thread_blocked, id=19552, stack(0x0000004f0e500000,0x0000004f0e600000)]
  0x00000174cbe0f800 JavaThread "Unconstrained build operations Thread 33" [_thread_blocked, id=20644, stack(0x0000004f0e600000,0x0000004f0e700000)]
  0x00000174cbe0b000 JavaThread "Unconstrained build operations Thread 34" [_thread_blocked, id=6852, stack(0x0000004f0e700000,0x0000004f0e800000)]
  0x00000174cbe0a000 JavaThread "Unconstrained build operations Thread 35" [_thread_blocked, id=26116, stack(0x0000004f0e800000,0x0000004f0e900000)]
  0x00000174cbe16000 JavaThread "Unconstrained build operations Thread 36" [_thread_blocked, id=19932, stack(0x0000004f0e900000,0x0000004f0ea00000)]
  0x00000174cbe10800 JavaThread "Unconstrained build operations Thread 37" [_thread_blocked, id=25980, stack(0x0000004f0ea00000,0x0000004f0eb00000)]
  0x00000174cbe14000 JavaThread "Unconstrained build operations Thread 38" [_thread_blocked, id=14228, stack(0x0000004f0eb00000,0x0000004f0ec00000)]
  0x00000174cbe17000 JavaThread "Unconstrained build operations Thread 39" [_thread_blocked, id=26968, stack(0x0000004f0ec00000,0x0000004f0ed00000)]
  0x00000174cbe12000 JavaThread "Unconstrained build operations Thread 40" [_thread_blocked, id=25376, stack(0x0000004f0ed00000,0x0000004f0ee00000)]
  0x00000174cbe14800 JavaThread "Unconstrained build operations Thread 41" [_thread_blocked, id=19720, stack(0x0000004f0ee00000,0x0000004f0ef00000)]
  0x00000174cbe13000 JavaThread "Unconstrained build operations Thread 42" [_thread_blocked, id=12536, stack(0x0000004f0ef00000,0x0000004f0f000000)]
  0x00000174cbe15800 JavaThread "Unconstrained build operations Thread 43" [_thread_blocked, id=12332, stack(0x0000004f0f000000,0x0000004f0f100000)]
  0x00000174cbe11800 JavaThread "Unconstrained build operations Thread 44" [_thread_blocked, id=28468, stack(0x0000004f0f100000,0x0000004f0f200000)]
  0x00000174cbe18000 JavaThread "Unconstrained build operations Thread 45" [_thread_blocked, id=28776, stack(0x0000004f0f200000,0x0000004f0f300000)]
  0x00000174cb79b000 JavaThread "Unconstrained build operations Thread 46" [_thread_blocked, id=25596, stack(0x0000004f0f300000,0x0000004f0f400000)]
  0x00000174cb795800 JavaThread "Unconstrained build operations Thread 47" [_thread_blocked, id=26488, stack(0x0000004f0f400000,0x0000004f0f500000)]
  0x00000174cb799800 JavaThread "Unconstrained build operations Thread 48" [_thread_blocked, id=19872, stack(0x0000004f0f500000,0x0000004f0f600000)]
  0x00000174cb798800 JavaThread "Unconstrained build operations Thread 49" [_thread_blocked, id=25104, stack(0x0000004f0f600000,0x0000004f0f700000)]
  0x00000174cb797000 JavaThread "Unconstrained build operations Thread 50" [_thread_blocked, id=15392, stack(0x0000004f0f700000,0x0000004f0f800000)]
  0x00000174cb79c000 JavaThread "Unconstrained build operations Thread 51" [_thread_blocked, id=23176, stack(0x0000004f0f800000,0x0000004f0f900000)]
  0x00000174cb79a000 JavaThread "Unconstrained build operations Thread 52" [_thread_blocked, id=24608, stack(0x0000004f0f900000,0x0000004f0fa00000)]
  0x00000174cb796000 JavaThread "Unconstrained build operations Thread 53" [_thread_blocked, id=19904, stack(0x0000004f0fa00000,0x0000004f0fb00000)]
  0x00000174cb79c800 JavaThread "Unconstrained build operations Thread 54" [_thread_blocked, id=19764, stack(0x0000004f0fb00000,0x0000004f0fc00000)]
  0x00000174cb79d800 JavaThread "Unconstrained build operations Thread 55" [_thread_blocked, id=20000, stack(0x0000004f0fc00000,0x0000004f0fd00000)]
  0x00000174cb797800 JavaThread "Unconstrained build operations Thread 56" [_thread_blocked, id=11112, stack(0x0000004f0fd00000,0x0000004f0fe00000)]
  0x00000174cb7a0800 JavaThread "Unconstrained build operations Thread 57" [_thread_blocked, id=22648, stack(0x0000004f0fe00000,0x0000004f0ff00000)]
  0x00000174cb7a0000 JavaThread "Unconstrained build operations Thread 58" [_thread_blocked, id=28992, stack(0x0000004f0ff00000,0x0000004f10000000)]
  0x00000174cb7a4000 JavaThread "Unconstrained build operations Thread 59" [_thread_blocked, id=15164, stack(0x0000004f10000000,0x0000004f10100000)]
  0x00000174cb79e800 JavaThread "Unconstrained build operations Thread 60" [_thread_blocked, id=27948, stack(0x0000004f10100000,0x0000004f10200000)]
  0x00000174cb7a1800 JavaThread "Unconstrained build operations Thread 61" [_thread_blocked, id=27228, stack(0x0000004f10200000,0x0000004f10300000)]
  0x00000174cb79f000 JavaThread "Unconstrained build operations Thread 62" [_thread_blocked, id=26276, stack(0x0000004f10300000,0x0000004f10400000)]
  0x00000174cb7a2800 JavaThread "Unconstrained build operations Thread 63" [_thread_blocked, id=19864, stack(0x0000004f10400000,0x0000004f10500000)]
  0x00000174cb7a3000 JavaThread "Unconstrained build operations Thread 64" [_thread_blocked, id=13196, stack(0x0000004f10500000,0x0000004f10600000)]
  0x00000174cb4d6800 JavaThread "Unconstrained build operations Thread 65" [_thread_blocked, id=11544, stack(0x0000004f10600000,0x0000004f10700000)]
  0x00000174cb4d4000 JavaThread "Unconstrained build operations Thread 66" [_thread_blocked, id=20168, stack(0x0000004f10700000,0x0000004f10800000)]
  0x00000174cb4d8000 JavaThread "Unconstrained build operations Thread 67" [_thread_blocked, id=29608, stack(0x0000004f10800000,0x0000004f10900000)]
  0x00000174cb4d5800 JavaThread "Unconstrained build operations Thread 68" [_thread_blocked, id=16784, stack(0x0000004f10900000,0x0000004f10a00000)]
  0x00000174cb4d5000 JavaThread "Unconstrained build operations Thread 69" [_thread_blocked, id=19380, stack(0x0000004f10a00000,0x0000004f10b00000)]
  0x00000174cb4d7000 JavaThread "Unconstrained build operations Thread 70" [_thread_blocked, id=22352, stack(0x0000004f10b00000,0x0000004f10c00000)]
  0x00000174cb4d2800 JavaThread "Unconstrained build operations Thread 71" [_thread_blocked, id=24036, stack(0x0000004f10c00000,0x0000004f10d00000)]
  0x00000174cb4d9000 JavaThread "Unconstrained build operations Thread 72" [_thread_blocked, id=27564, stack(0x0000004f10d00000,0x0000004f10e00000)]
  0x00000174cb4d3000 JavaThread "Unconstrained build operations Thread 73" [_thread_blocked, id=17460, stack(0x0000004f10e00000,0x0000004f10f00000)]
  0x00000174cb4dd000 JavaThread "Unconstrained build operations Thread 74" [_thread_blocked, id=19620, stack(0x0000004f10f00000,0x0000004f11000000)]
  0x00000174cb4de000 JavaThread "Unconstrained build operations Thread 75" [_thread_blocked, id=1072, stack(0x0000004f11000000,0x0000004f11100000)]
  0x00000174cb4da800 JavaThread "Unconstrained build operations Thread 76" [_thread_blocked, id=16044, stack(0x0000004f11100000,0x0000004f11200000)]
  0x00000174cb4d9800 JavaThread "Unconstrained build operations Thread 77" [_thread_blocked, id=13296, stack(0x0000004f11200000,0x0000004f11300000)]
  0x00000174cb4e1000 JavaThread "Unconstrained build operations Thread 78" [_thread_blocked, id=17800, stack(0x0000004f11300000,0x0000004f11400000)]
  0x00000174cb4db800 JavaThread "Unconstrained build operations Thread 79" [_thread_blocked, id=9900, stack(0x0000004f11400000,0x0000004f11500000)]
  0x00000174cb4e0000 JavaThread "Unconstrained build operations Thread 80" [_thread_blocked, id=29324, stack(0x0000004f11500000,0x0000004f11600000)]
  0x00000174cb4de800 JavaThread "jar transforms Thread 4" [_thread_blocked, id=20328, stack(0x0000004f11600000,0x0000004f11700000)]
  0x00000174cb4dc000 JavaThread "jar transforms Thread 5" [_thread_blocked, id=20980, stack(0x0000004f11700000,0x0000004f11800000)]
  0x00000174cb4df800 JavaThread "jar transforms Thread 6" [_thread_blocked, id=19900, stack(0x0000004f11800000,0x0000004f11900000)]
  0x00000174ce1bc800 JavaThread "jar transforms Thread 7" [_thread_blocked, id=27788, stack(0x0000004f11900000,0x0000004f11a00000)]
  0x00000174ce1ba000 JavaThread "jar transforms Thread 8" [_thread_blocked, id=20360, stack(0x0000004f11a00000,0x0000004f11b00000)]
  0x00000174ce1bc000 JavaThread "Memory manager" [_thread_blocked, id=18264, stack(0x0000004f11b00000,0x0000004f11c00000)]
  0x00000174ce1b7000 JavaThread "build event listener" [_thread_blocked, id=18148, stack(0x0000004f11c00000,0x0000004f11d00000)]
  0x00000174ce1bd800 JavaThread "included builds" [_thread_blocked, id=12168, stack(0x0000004f11d00000,0x0000004f11e00000)]
  0x00000174ce1b8000 JavaThread "Execution worker for ':'" [_thread_blocked, id=18064, stack(0x0000004f11e00000,0x0000004f11f00000)]
  0x00000174ce1be800 JavaThread "Execution worker for ':' Thread 2" [_thread_blocked, id=29504, stack(0x0000004f11f00000,0x0000004f12000000)]
  0x00000174ce1b8800 JavaThread "Execution worker for ':' Thread 3" [_thread_blocked, id=25888, stack(0x0000004f12000000,0x0000004f12100000)]
  0x00000174ce1bf000 JavaThread "Execution worker for ':' Thread 4" [_thread_blocked, id=27440, stack(0x0000004f12100000,0x0000004f12200000)]
  0x00000174ce1b9800 JavaThread "Execution worker for ':' Thread 5" [_thread_blocked, id=14628, stack(0x0000004f12200000,0x0000004f12300000)]
  0x00000174ce1c0800 JavaThread "Execution worker for ':' Thread 6" [_thread_blocked, id=27360, stack(0x0000004f12300000,0x0000004f12400000)]
  0x00000174ce1c1800 JavaThread "Execution worker for ':' Thread 7" [_thread_blocked, id=28108, stack(0x0000004f12400000,0x0000004f12500000)]
  0x00000174ce1c5800 JavaThread "Cache worker for execution history cache (C:\Android\AndroidStudioProjects\jsleepandroid\.gradle\7.4\executionHistory)" [_thread_blocked, id=26516, stack(0x0000004f12500000,0x0000004f12600000)]
  0x00000174cb2f1000 JavaThread "C2 CompilerThread2" daemon [_thread_blocked, id=10272, stack(0x0000004f0b800000,0x0000004f0b900000)]
  0x00000174ce1c2800 JavaThread "WorkerExecutor Queue" [_thread_blocked, id=24400, stack(0x0000004f12600000,0x0000004f12700000)]
  0x00000174ce1c3000 JavaThread "WorkerExecutor Queue Thread 2" [_thread_blocked, id=1964, stack(0x0000004f12700000,0x0000004f12800000)]
  0x00000174ce1c4000 JavaThread "WorkerExecutor Queue Thread 3" [_thread_blocked, id=19868, stack(0x0000004f12800000,0x0000004f12900000)]
  0x00000174ce1c5000 JavaThread "WorkerExecutor Queue Thread 4" [_thread_blocked, id=23232, stack(0x0000004f12900000,0x0000004f12a00000)]
  0x00000174ce1c0000 JavaThread "WorkerExecutor Queue Thread 5" [_thread_blocked, id=25368, stack(0x0000004f12a00000,0x0000004f12b00000)]
  0x00000174cdc41000 JavaThread "WorkerExecutor Queue Thread 6" [_thread_blocked, id=19060, stack(0x0000004f12b00000,0x0000004f12c00000)]
  0x00000174cdc43000 JavaThread "WorkerExecutor Queue Thread 7" [_thread_blocked, id=29456, stack(0x0000004f12c00000,0x0000004f12d00000)]
  0x00000174cdc3e800 JavaThread "WorkerExecutor Queue Thread 8" [_thread_blocked, id=16776, stack(0x0000004f12d00000,0x0000004f12e00000)]
  0x00000174cdc42000 JavaThread "WorkerExecutor Queue Thread 9" [_thread_blocked, id=10264, stack(0x0000004f12e00000,0x0000004f12f00000)]
  0x00000174cdc3d000 JavaThread "pool-3-thread-1" [_thread_blocked, id=468, stack(0x0000004f12f00000,0x0000004f13000000)]
  0x00000174cdc40800 JavaThread "stderr" [_thread_in_native, id=20152, stack(0x0000004f13000000,0x0000004f13100000)]
  0x00000174cdc3e000 JavaThread "stdout" [_thread_in_native, id=26720, stack(0x0000004f13100000,0x0000004f13200000)]
  0x00000174cdc45800 JavaThread "ForkJoinPool-1-worker-3" daemon [_thread_blocked, id=28572, stack(0x0000004f13200000,0x0000004f13300000)]
  0x00000174cdc3f800 JavaThread "ForkJoinPool-1-worker-5" daemon [_thread_blocked, id=17656, stack(0x0000004f13300000,0x0000004f13400000)]
  0x00000174cdc47000 JavaThread "ForkJoinPool-1-worker-7" daemon [_thread_blocked, id=15648, stack(0x0000004f13400000,0x0000004f13500000)]
  0x00000174cdc4c000 JavaThread "ForkJoinPool-1-worker-9" daemon [_thread_blocked, id=4936, stack(0x0000004f13500000,0x0000004f13600000)]
  0x00000174cdc48800 JavaThread "ForkJoinPool-1-worker-11" daemon [_thread_blocked, id=24080, stack(0x0000004f13600000,0x0000004f13700000)]
  0x00000174cdc47800 JavaThread "ForkJoinPool-1-worker-13" daemon [_thread_blocked, id=28520, stack(0x0000004f13700000,0x0000004f13800000)]
  0x00000174cdc46000 JavaThread "ForkJoinPool-1-worker-15" daemon [_thread_blocked, id=19516, stack(0x0000004f13800000,0x0000004f13900000)]
  0x00000174cdc49800 JavaThread "ForkJoinPool-1-worker-1" daemon [_thread_blocked, id=26620, stack(0x0000004f13900000,0x0000004f13a00000)]

Other Threads:
  0x00000174c8136800 VMThread "VM Thread" [stack: 0x0000004f09700000,0x0000004f09800000] [id=21812]
  0x00000174c8377800 WatcherThread [stack: 0x0000004f0a100000,0x0000004f0a200000] [id=13948]
  0x00000174ab4a8000 GCTaskThread "GC Thread#0" [stack: 0x0000004f09200000,0x0000004f09300000] [id=20060]
  0x00000174c91eb000 GCTaskThread "GC Thread#1" [stack: 0x0000004f0a300000,0x0000004f0a400000] [id=26708]
=>0x00000174c8d52000 GCTaskThread "GC Thread#2" [stack: 0x0000004f0a400000,0x0000004f0a500000] [id=25812]
  0x00000174c8d27800 GCTaskThread "GC Thread#3" [stack: 0x0000004f0a500000,0x0000004f0a600000] [id=16964]
  0x00000174c8c70800 GCTaskThread "GC Thread#4" [stack: 0x0000004f0a600000,0x0000004f0a700000] [id=11956]
  0x00000174c9164000 GCTaskThread "GC Thread#5" [stack: 0x0000004f0a700000,0x0000004f0a800000] [id=25080]
  0x00000174c902f000 GCTaskThread "GC Thread#6" [stack: 0x0000004f0b400000,0x0000004f0b500000] [id=8184]
  0x00000174c902f800 GCTaskThread "GC Thread#7" [stack: 0x0000004f0b500000,0x0000004f0b600000] [id=25676]
  0x00000174ab4db000 ConcurrentGCThread "G1 Main Marker" [stack: 0x0000004f09300000,0x0000004f09400000] [id=16580]
  0x00000174ab4dc800 ConcurrentGCThread "G1 Conc#0" [stack: 0x0000004f09400000,0x0000004f09500000] [id=18764]
  0x00000174c963a000 ConcurrentGCThread "G1 Conc#1" [stack: 0x0000004f0b600000,0x0000004f0b700000] [id=7236]
  0x00000174c777b800 ConcurrentGCThread "G1 Refine#0" [stack: 0x0000004f09500000,0x0000004f09600000] [id=20316]
  0x00000174c777c800 ConcurrentGCThread "G1 Young RemSet Sampling" [stack: 0x0000004f09600000,0x0000004f09700000] [id=3432]

Threads with active compile tasks:
C2 CompilerThread0  14166 10968       4       com.android.tools.r8.code.y1::a (4129 bytes)
C2 CompilerThread1  14166 10738       4       com.android.tools.r8.dex.i::l (2158 bytes)
C2 CompilerThread2  14167 11263       4       com.android.tools.r8.dex.i::h (959 bytes)

VM state:at safepoint (normal execution)

VM Mutex/Monitor currently owned by a thread:  ([mutex/lock_event])
[0x00000174ab48afe0] FreeList_lock - owner thread: 0x00000174c8d52000
[0x00000174ab48cbc0] Threads_lock - owner thread: 0x00000174c8136800
[0x00000174ab48c980] Heap_lock - owner thread: 0x00000174cdc45800

Heap address: 0x0000000080000000, size: 2048 MB, Compressed Oops mode: 32-bit
Narrow klass base: 0x0000000000000000, Narrow klass shift: 3
Compressed class space size: 1073741824 Address: 0x0000000100000000

Heap:
 garbage-first heap   total 270336K, used 213607K [0x0000000080000000, 0x0000000100000000)
  region size 1024K, 131 young (134144K), 17 survivors (17408K)
 Metaspace       used 95849K, capacity 98515K, committed 98640K, reserved 1134592K
  class space    used 12624K, capacity 13653K, committed 13696K, reserved 1048576K
Heap Regions: E=young(eden), S=young(survivor), O=old, HS=humongous(starts), HC=humongous(continues), CS=collection set, F=free, A=archive, TAMS=top-at-mark-start (previous, next)
|   0|0x0000000080000000, 0x0000000080100000, 0x0000000080100000|100%| O|  |TAMS 0x0000000080100000, 0x0000000080000000| Untracked 
|   1|0x0000000080100000, 0x0000000080200000, 0x0000000080200000|100%| O|  |TAMS 0x0000000080200000, 0x0000000080100000| Untracked 
|   2|0x0000000080200000, 0x0000000080300000, 0x0000000080300000|100%| O|  |TAMS 0x0000000080300000, 0x0000000080200000| Untracked 
|   3|0x0000000080300000, 0x0000000080400000, 0x0000000080400000|100%|HS|  |TAMS 0x0000000080400000, 0x0000000080300000| Complete 
|   4|0x0000000080400000, 0x0000000080500000, 0x0000000080500000|100%|HC|  |TAMS 0x0000000080500000, 0x0000000080400000| Complete 
|   5|0x0000000080500000, 0x0000000080600000, 0x0000000080600000|100%|HC|  |TAMS 0x0000000080600000, 0x0000000080500000| Complete 
|   6|0x0000000080600000, 0x0000000080700000, 0x0000000080700000|100%| O|  |TAMS 0x0000000080700000, 0x0000000080600000| Untracked 
|   7|0x0000000080700000, 0x0000000080800000, 0x0000000080800000|100%| O|  |TAMS 0x0000000080800000, 0x0000000080700000| Untracked 
|   8|0x0000000080800000, 0x0000000080900000, 0x0000000080900000|100%| O|  |TAMS 0x0000000080900000, 0x0000000080800000| Untracked 
|   9|0x0000000080900000, 0x0000000080a00000, 0x0000000080a00000|100%| O|  |TAMS 0x0000000080a00000, 0x0000000080900000| Untracked 
|  10|0x0000000080a00000, 0x0000000080b00000, 0x0000000080b00000|100%| O|  |TAMS 0x0000000080b00000, 0x0000000080a00000| Untracked 
|  11|0x0000000080b00000, 0x0000000080c00000, 0x0000000080c00000|100%| O|  |TAMS 0x0000000080c00000, 0x0000000080b00000| Untracked 
|  12|0x0000000080c00000, 0x0000000080d00000, 0x0000000080d00000|100%| O|  |TAMS 0x0000000080d00000, 0x0000000080c00000| Untracked 
|  13|0x0000000080d00000, 0x0000000080e00000, 0x0000000080e00000|100%| O|  |TAMS 0x0000000080e00000, 0x0000000080d00000| Untracked 
|  14|0x0000000080e00000, 0x0000000080f00000, 0x0000000080f00000|100%| O|  |TAMS 0x0000000080f00000, 0x0000000080e00000| Untracked 
|  15|0x0000000080f00000, 0x0000000081000000, 0x0000000081000000|100%| O|  |TAMS 0x0000000081000000, 0x0000000080f00000| Untracked 
|  16|0x0000000081000000, 0x0000000081100000, 0x0000000081100000|100%| O|  |TAMS 0x0000000081100000, 0x0000000081000000| Untracked 
|  17|0x0000000081100000, 0x0000000081200000, 0x0000000081200000|100%|HS|  |TAMS 0x0000000081200000, 0x0000000081100000| Complete 
|  18|0x0000000081200000, 0x0000000081300000, 0x0000000081300000|100%|HS|  |TAMS 0x0000000081300000, 0x0000000081200000| Complete 
|  19|0x0000000081300000, 0x0000000081400000, 0x0000000081400000|100%| O|  |TAMS 0x0000000081400000, 0x0000000081300000| Untracked 
|  20|0x0000000081400000, 0x0000000081500000, 0x0000000081500000|100%|HS|  |TAMS 0x0000000081500000, 0x0000000081400000| Complete 
|  21|0x0000000081500000, 0x0000000081600000, 0x0000000081600000|100%|HC|  |TAMS 0x0000000081600000, 0x0000000081500000| Complete 
|  22|0x0000000081600000, 0x0000000081700000, 0x0000000081700000|100%| O|  |TAMS 0x0000000081700000, 0x0000000081600000| Untracked 
|  23|0x0000000081700000, 0x0000000081800000, 0x0000000081800000|100%| O|  |TAMS 0x0000000081800000, 0x0000000081700000| Untracked 
|  24|0x0000000081800000, 0x0000000081900000, 0x0000000081900000|100%| O|  |TAMS 0x0000000081900000, 0x0000000081800000| Untracked 
|  25|0x0000000081900000, 0x0000000081a00000, 0x0000000081a00000|100%| O|  |TAMS 0x0000000081a00000, 0x0000000081900000| Untracked 
|  26|0x0000000081a00000, 0x0000000081b00000, 0x0000000081b00000|100%| O|  |TAMS 0x0000000081b00000, 0x0000000081a00000| Untracked 
|  27|0x0000000081b00000, 0x0000000081c00000, 0x0000000081c00000|100%| O|  |TAMS 0x0000000081c00000, 0x0000000081b00000| Untracked 
|  28|0x0000000081c00000, 0x0000000081d00000, 0x0000000081d00000|100%| O|  |TAMS 0x0000000081d00000, 0x0000000081c00000| Untracked 
|  29|0x0000000081d00000, 0x0000000081e00000, 0x0000000081e00000|100%| O|  |TAMS 0x0000000081e00000, 0x0000000081d00000| Untracked 
|  30|0x0000000081e00000, 0x0000000081f00000, 0x0000000081f00000|100%| O|  |TAMS 0x0000000081f00000, 0x0000000081e00000| Untracked 
|  31|0x0000000081f00000, 0x0000000082000000, 0x0000000082000000|100%| O|  |TAMS 0x0000000082000000, 0x0000000081f00000| Untracked 
|  32|0x0000000082000000, 0x0000000082100000, 0x0000000082100000|100%| O|  |TAMS 0x0000000082048c00, 0x0000000082000000| Untracked 
|  33|0x0000000082100000, 0x0000000082200000, 0x0000000082200000|100%| O|  |TAMS 0x0000000082100000, 0x0000000082100000| Untracked 
|  34|0x0000000082200000, 0x0000000082300000, 0x0000000082300000|100%| O|  |TAMS 0x0000000082200000, 0x0000000082200000| Untracked 
|  35|0x0000000082300000, 0x0000000082400000, 0x0000000082400000|100%| O|  |TAMS 0x0000000082300000, 0x0000000082300000| Untracked 
|  36|0x0000000082400000, 0x0000000082500000, 0x0000000082500000|100%| O|  |TAMS 0x0000000082400000, 0x0000000082400000| Untracked 
|  37|0x0000000082500000, 0x0000000082600000, 0x0000000082600000|100%| O|  |TAMS 0x0000000082500000, 0x0000000082500000| Untracked 
|  38|0x0000000082600000, 0x0000000082700000, 0x0000000082700000|100%| O|  |TAMS 0x0000000082600000, 0x0000000082600000| Untracked 
|  39|0x0000000082700000, 0x0000000082800000, 0x0000000082800000|100%| O|  |TAMS 0x0000000082700000, 0x0000000082700000| Untracked 
|  40|0x0000000082800000, 0x0000000082900000, 0x0000000082900000|100%| O|  |TAMS 0x0000000082800000, 0x0000000082800000| Untracked 
|  41|0x0000000082900000, 0x0000000082a00000, 0x0000000082a00000|100%| O|  |TAMS 0x0000000082900000, 0x0000000082900000| Untracked 
|  42|0x0000000082a00000, 0x0000000082b00000, 0x0000000082b00000|100%| O|  |TAMS 0x0000000082a00000, 0x0000000082a00000| Untracked 
|  43|0x0000000082b00000, 0x0000000082c00000, 0x0000000082c00000|100%| O|  |TAMS 0x0000000082b00000, 0x0000000082b00000| Untracked 
|  44|0x0000000082c00000, 0x0000000082d00000, 0x0000000082d00000|100%| O|  |TAMS 0x0000000082c00000, 0x0000000082c00000| Untracked 
|  45|0x0000000082d00000, 0x0000000082e00000, 0x0000000082e00000|100%| O|  |TAMS 0x0000000082d00000, 0x0000000082d00000| Untracked 
|  46|0x0000000082e00000, 0x0000000082f00000, 0x0000000082f00000|100%| O|  |TAMS 0x0000000082e00000, 0x0000000082e00000| Untracked 
|  47|0x0000000082f00000, 0x0000000083000000, 0x0000000083000000|100%| O|  |TAMS 0x0000000082f00000, 0x0000000082f00000| Untracked 
|  48|0x0000000083000000, 0x0000000083100000, 0x0000000083100000|100%| O|  |TAMS 0x0000000083000000, 0x0000000083000000| Untracked 
|  49|0x0000000083100000, 0x0000000083200000, 0x0000000083200000|100%| O|  |TAMS 0x0000000083100000, 0x0000000083100000| Untracked 
|  50|0x0000000083200000, 0x0000000083300000, 0x0000000083300000|100%| O|  |TAMS 0x0000000083200000, 0x0000000083200000| Untracked 
|  51|0x0000000083300000, 0x0000000083400000, 0x0000000083400000|100%| O|  |TAMS 0x0000000083300000, 0x0000000083300000| Untracked 
|  52|0x0000000083400000, 0x0000000083500000, 0x0000000083500000|100%| O|  |TAMS 0x0000000083400000, 0x0000000083400000| Untracked 
|  53|0x0000000083500000, 0x0000000083600000, 0x0000000083600000|100%|HS|  |TAMS 0x0000000083500000, 0x0000000083500000| Complete 
|  54|0x0000000083600000, 0x0000000083700000, 0x0000000083700000|100%|HC|  |TAMS 0x0000000083600000, 0x0000000083600000| Complete 
|  55|0x0000000083700000, 0x0000000083800000, 0x0000000083800000|100%|HS|  |TAMS 0x0000000083700000, 0x0000000083700000| Complete 
|  56|0x0000000083800000, 0x0000000083900000, 0x0000000083900000|100%|HS|  |TAMS 0x0000000083800000, 0x0000000083800000| Complete 
|  57|0x0000000083900000, 0x0000000083a00000, 0x0000000083a00000|100%|HS|  |TAMS 0x0000000083900000, 0x0000000083900000| Complete 
|  58|0x0000000083a00000, 0x0000000083b00000, 0x0000000083b00000|100%| O|  |TAMS 0x0000000083a00000, 0x0000000083a00000| Untracked 
|  59|0x0000000083b00000, 0x0000000083c00000, 0x0000000083c00000|100%| O|  |TAMS 0x0000000083b00000, 0x0000000083b00000| Untracked 
|  60|0x0000000083c00000, 0x0000000083d00000, 0x0000000083d00000|100%| O|  |TAMS 0x0000000083c00000, 0x0000000083c00000| Untracked 
|  61|0x0000000083d00000, 0x0000000083e00000, 0x0000000083e00000|100%| O|  |TAMS 0x0000000083d00000, 0x0000000083d00000| Untracked 
|  62|0x0000000083e00000, 0x0000000083f00000, 0x0000000083f00000|100%| O|  |TAMS 0x0000000083e00000, 0x0000000083e00000| Untracked 
|  63|0x0000000083f00000, 0x0000000084000000, 0x0000000084000000|100%| O|  |TAMS 0x0000000083f00000, 0x0000000083f00000| Untracked 
|  64|0x0000000084000000, 0x0000000084100000, 0x0000000084100000|100%| O|  |TAMS 0x0000000084000000, 0x0000000084000000| Untracked 
|  65|0x0000000084100000, 0x0000000084200000, 0x0000000084200000|100%| O|  |TAMS 0x0000000084100000, 0x0000000084100000| Untracked 
|  66|0x0000000084200000, 0x0000000084300000, 0x0000000084300000|100%|HS|  |TAMS 0x0000000084200000, 0x0000000084200000| Complete 
|  67|0x0000000084300000, 0x0000000084400000, 0x0000000084400000|100%|HS|  |TAMS 0x0000000084300000, 0x0000000084300000| Complete 
|  68|0x0000000084400000, 0x0000000084500000, 0x0000000084500000|100%|HC|  |TAMS 0x0000000084400000, 0x0000000084400000| Complete 
|  69|0x0000000084500000, 0x0000000084600000, 0x0000000084600000|100%|HS|  |TAMS 0x0000000084500000, 0x0000000084500000| Complete 
|  70|0x0000000084600000, 0x0000000084700000, 0x0000000084700000|100%|HC|  |TAMS 0x0000000084600000, 0x0000000084600000| Complete 
|  71|0x0000000084700000, 0x0000000084800000, 0x0000000084800000|100%|HS|  |TAMS 0x0000000084700000, 0x0000000084700000| Complete 
|  72|0x0000000084800000, 0x0000000084900000, 0x0000000084900000|100%|HS|  |TAMS 0x0000000084800000, 0x0000000084800000| Complete 
|  73|0x0000000084900000, 0x0000000084a00000, 0x0000000084a00000|100%|HS|  |TAMS 0x0000000084900000, 0x0000000084900000| Complete 
|  74|0x0000000084a00000, 0x0000000084b00000, 0x0000000084b00000|100%|HS|  |TAMS 0x0000000084a00000, 0x0000000084a00000| Complete 
|  75|0x0000000084b00000, 0x0000000084c00000, 0x0000000084c00000|100%|HS|  |TAMS 0x0000000084b00000, 0x0000000084b00000| Complete 
|  76|0x0000000084c00000, 0x0000000084d00000, 0x0000000084d00000|100%|HS|  |TAMS 0x0000000084c00000, 0x0000000084c00000| Complete 
|  77|0x0000000084d00000, 0x0000000084e00000, 0x0000000084e00000|100%| O|  |TAMS 0x0000000084d00000, 0x0000000084d00000| Untracked 
|  78|0x0000000084e00000, 0x0000000084f00000, 0x0000000084f00000|100%| O|  |TAMS 0x0000000084e00000, 0x0000000084e00000| Untracked 
|  79|0x0000000084f00000, 0x0000000085000000, 0x0000000085000000|100%| O|  |TAMS 0x0000000084f00000, 0x0000000084f00000| Untracked 
|  80|0x0000000085000000, 0x0000000085100000, 0x0000000085100000|100%| O|  |TAMS 0x0000000085000000, 0x0000000085000000| Untracked 
|  81|0x0000000085100000, 0x0000000085200000, 0x0000000085200000|100%| O|  |TAMS 0x0000000085100000, 0x0000000085100000| Untracked 
|  82|0x0000000085200000, 0x0000000085300000, 0x0000000085300000|100%| O|  |TAMS 0x0000000085200000, 0x0000000085200000| Untracked 
|  83|0x0000000085300000, 0x0000000085400000, 0x0000000085400000|100%| O|  |TAMS 0x0000000085300000, 0x0000000085300000| Untracked 
|  84|0x0000000085400000, 0x0000000085500000, 0x0000000085500000|100%| O|  |TAMS 0x0000000085400000, 0x0000000085400000| Untracked 
|  85|0x0000000085500000, 0x0000000085600000, 0x0000000085600000|100%| O|  |TAMS 0x0000000085500000, 0x0000000085500000| Untracked 
|  86|0x0000000085600000, 0x0000000085700000, 0x0000000085700000|100%| O|  |TAMS 0x0000000085600000, 0x0000000085600000| Untracked 
|  87|0x0000000085700000, 0x0000000085800000, 0x0000000085800000|100%| O|  |TAMS 0x0000000085700000, 0x0000000085700000| Untracked 
|  88|0x0000000085800000, 0x0000000085900000, 0x0000000085900000|100%| O|  |TAMS 0x0000000085800000, 0x0000000085800000| Untracked 
|  89|0x0000000085900000, 0x0000000085a00000, 0x0000000085a00000|100%| O|  |TAMS 0x0000000085900000, 0x0000000085900000| Untracked 
|  90|0x0000000085a00000, 0x0000000085b00000, 0x0000000085b00000|100%| O|  |TAMS 0x0000000085a00000, 0x0000000085a00000| Untracked 
|  91|0x0000000085b00000, 0x0000000085c00000, 0x0000000085c00000|100%| O|  |TAMS 0x0000000085b00000, 0x0000000085b00000| Untracked 
|  92|0x0000000085c00000, 0x0000000085d00000, 0x0000000085d00000|100%| O|  |TAMS 0x0000000085c00000, 0x0000000085c00000| Untracked 
|  93|0x0000000085d00000, 0x0000000085e00000, 0x0000000085e00000|100%| O|  |TAMS 0x0000000085d00000, 0x0000000085d00000| Untracked 
|  94|0x0000000085e00000, 0x0000000085f00000, 0x0000000085f00000|100%| O|  |TAMS 0x0000000085e00000, 0x0000000085e00000| Untracked 
|  95|0x0000000085f00000, 0x0000000086000000, 0x0000000086000000|100%| O|  |TAMS 0x0000000085f00000, 0x0000000085f00000| Untracked 
|  96|0x0000000086000000, 0x0000000086100000, 0x0000000086100000|100%| E|CS|TAMS 0x0000000086000000, 0x0000000086000000| Complete 
|  97|0x0000000086100000, 0x0000000086200000, 0x0000000086200000|100%| E|CS|TAMS 0x0000000086100000, 0x0000000086100000| Complete 
|  98|0x0000000086200000, 0x0000000086300000, 0x0000000086300000|100%| E|CS|TAMS 0x0000000086200000, 0x0000000086200000| Complete 
|  99|0x0000000086300000, 0x0000000086400000, 0x0000000086400000|100%| E|CS|TAMS 0x0000000086300000, 0x0000000086300000| Complete 
| 100|0x0000000086400000, 0x0000000086500000, 0x0000000086500000|100%| E|CS|TAMS 0x0000000086400000, 0x0000000086400000| Complete 
| 101|0x0000000086500000, 0x0000000086600000, 0x0000000086600000|100%| E|CS|TAMS 0x0000000086500000, 0x0000000086500000| Complete 
| 102|0x0000000086600000, 0x0000000086700000, 0x0000000086700000|100%| E|CS|TAMS 0x0000000086600000, 0x0000000086600000| Complete 
| 103|0x0000000086700000, 0x0000000086800000, 0x0000000086800000|100%| E|CS|TAMS 0x0000000086700000, 0x0000000086700000| Complete 
| 104|0x0000000086800000, 0x0000000086900000, 0x0000000086900000|100%| O|  |TAMS 0x0000000086800000, 0x0000000086800000| Untracked 
| 105|0x0000000086900000, 0x0000000086a00000, 0x0000000086a00000|100%| O|  |TAMS 0x0000000086900000, 0x0000000086900000| Untracked 
| 106|0x0000000086a00000, 0x0000000086b00000, 0x0000000086b00000|100%| O|  |TAMS 0x0000000086a00000, 0x0000000086a00000| Untracked 
| 107|0x0000000086b00000, 0x0000000086c00000, 0x0000000086c00000|100%| O|  |TAMS 0x0000000086b00000, 0x0000000086b00000| Untracked 
| 108|0x0000000086c00000, 0x0000000086d00000, 0x0000000086d00000|100%| O|  |TAMS 0x0000000086c00000, 0x0000000086c00000| Untracked 
| 109|0x0000000086d00000, 0x0000000086e00000, 0x0000000086e00000|100%| O|  |TAMS 0x0000000086d00000, 0x0000000086d00000| Untracked 
| 110|0x0000000086e00000, 0x0000000086f00000, 0x0000000086f00000|100%| O|  |TAMS 0x0000000086e00000, 0x0000000086e00000| Untracked 
| 111|0x0000000086f00000, 0x0000000087000000, 0x0000000087000000|100%| O|  |TAMS 0x0000000086f00000, 0x0000000086f00000| Untracked 
| 112|0x0000000087000000, 0x0000000087100000, 0x0000000087100000|100%| O|  |TAMS 0x0000000087000000, 0x0000000087000000| Untracked 
| 113|0x0000000087100000, 0x0000000087200000, 0x0000000087200000|100%| O|  |TAMS 0x0000000087100000, 0x0000000087100000| Untracked 
| 114|0x0000000087200000, 0x0000000087300000, 0x0000000087300000|100%| O|  |TAMS 0x0000000087200000, 0x0000000087200000| Untracked 
| 115|0x0000000087300000, 0x0000000087400000, 0x0000000087400000|100%| S|  |TAMS 0x0000000087300000, 0x0000000087300000| Complete 
| 116|0x0000000087400000, 0x0000000087500000, 0x0000000087500000|100%| S|  |TAMS 0x0000000087400000, 0x0000000087400000| Complete 
| 117|0x0000000087500000, 0x0000000087600000, 0x0000000087600000|100%| S|  |TAMS 0x0000000087500000, 0x0000000087500000| Complete 
| 118|0x0000000087600000, 0x0000000087700000, 0x0000000087700000|100%| S|  |TAMS 0x0000000087600000, 0x0000000087600000| Complete 
| 119|0x0000000087700000, 0x0000000087800000, 0x0000000087800000|100%| E|CS|TAMS 0x0000000087700000, 0x0000000087700000| Complete 
| 120|0x0000000087800000, 0x0000000087900000, 0x0000000087900000|100%| E|CS|TAMS 0x0000000087800000, 0x0000000087800000| Complete 
| 121|0x0000000087900000, 0x0000000087a00000, 0x0000000087a00000|100%| E|CS|TAMS 0x0000000087900000, 0x0000000087900000| Complete 
| 122|0x0000000087a00000, 0x0000000087b00000, 0x0000000087b00000|100%| E|CS|TAMS 0x0000000087a00000, 0x0000000087a00000| Complete 
| 123|0x0000000087b00000, 0x0000000087c00000, 0x0000000087c00000|100%| E|CS|TAMS 0x0000000087b00000, 0x0000000087b00000| Complete 
| 124|0x0000000087c00000, 0x0000000087d00000, 0x0000000087d00000|100%| E|CS|TAMS 0x0000000087c00000, 0x0000000087c00000| Complete 
| 125|0x0000000087d00000, 0x0000000087e00000, 0x0000000087e00000|100%| E|CS|TAMS 0x0000000087d00000, 0x0000000087d00000| Complete 
| 126|0x0000000087e00000, 0x0000000087f00000, 0x0000000087f00000|100%| E|CS|TAMS 0x0000000087e00000, 0x0000000087e00000| Complete 
| 127|0x0000000087f00000, 0x0000000088000000, 0x0000000088000000|100%| E|CS|TAMS 0x0000000087f00000, 0x0000000087f00000| Complete 
| 128|0x0000000088000000, 0x0000000088100000, 0x0000000088100000|100%| E|CS|TAMS 0x0000000088000000, 0x0000000088000000| Complete 
| 129|0x0000000088100000, 0x0000000088200000, 0x0000000088200000|100%| S|  |TAMS 0x0000000088100000, 0x0000000088100000| Complete 
| 130|0x0000000088200000, 0x0000000088300000, 0x0000000088300000|100%| S|  |TAMS 0x0000000088200000, 0x0000000088200000| Complete 
| 131|0x0000000088300000, 0x0000000088400000, 0x0000000088400000|100%| S|  |TAMS 0x0000000088300000, 0x0000000088300000| Complete 
| 132|0x0000000088400000, 0x0000000088500000, 0x0000000088500000|100%| S|  |TAMS 0x0000000088400000, 0x0000000088400000| Complete 
| 133|0x0000000088500000, 0x0000000088600000, 0x0000000088600000|100%| S|  |TAMS 0x0000000088500000, 0x0000000088500000| Complete 
| 134|0x0000000088600000, 0x0000000088700000, 0x0000000088700000|100%| S|  |TAMS 0x0000000088600000, 0x0000000088600000| Complete 
| 135|0x0000000088700000, 0x0000000088800000, 0x0000000088800000|100%| S|  |TAMS 0x0000000088700000, 0x0000000088700000| Complete 
| 136|0x0000000088800000, 0x0000000088900000, 0x0000000088900000|100%| S|  |TAMS 0x0000000088800000, 0x0000000088800000| Complete 
| 137|0x0000000088900000, 0x0000000088a00000, 0x0000000088a00000|100%| S|  |TAMS 0x0000000088900000, 0x0000000088900000| Complete 
| 138|0x0000000088a00000, 0x0000000088b00000, 0x0000000088b00000|100%| S|  |TAMS 0x0000000088a00000, 0x0000000088a00000| Complete 
| 139|0x0000000088b00000, 0x0000000088c00000, 0x0000000088c00000|100%| S|  |TAMS 0x0000000088b00000, 0x0000000088b00000| Complete 
| 140|0x0000000088c00000, 0x0000000088d00000, 0x0000000088d00000|100%| S|  |TAMS 0x0000000088c00000, 0x0000000088c00000| Complete 
| 141|0x0000000088d00000, 0x0000000088e00000, 0x0000000088e00000|100%| S|  |TAMS 0x0000000088d00000, 0x0000000088d00000| Complete 
| 142|0x0000000088e00000, 0x0000000088f00000, 0x0000000088f00000|100%| E|CS|TAMS 0x0000000088e00000, 0x0000000088e00000| Complete 
| 143|0x0000000088f00000, 0x0000000089000000, 0x0000000089000000|100%| E|CS|TAMS 0x0000000088f00000, 0x0000000088f00000| Complete 
| 144|0x0000000089000000, 0x0000000089100000, 0x0000000089100000|100%| E|CS|TAMS 0x0000000089000000, 0x0000000089000000| Complete 
| 145|0x0000000089100000, 0x0000000089200000, 0x0000000089200000|100%| E|CS|TAMS 0x0000000089100000, 0x0000000089100000| Complete 
| 146|0x0000000089200000, 0x0000000089300000, 0x0000000089300000|100%| E|CS|TAMS 0x0000000089200000, 0x0000000089200000| Complete 
| 147|0x0000000089300000, 0x0000000089400000, 0x0000000089400000|100%| E|CS|TAMS 0x0000000089300000, 0x0000000089300000| Complete 
| 148|0x0000000089400000, 0x0000000089500000, 0x0000000089500000|100%| E|CS|TAMS 0x0000000089400000, 0x0000000089400000| Complete 
| 149|0x0000000089500000, 0x0000000089600000, 0x0000000089600000|100%| E|CS|TAMS 0x0000000089500000, 0x0000000089500000| Complete 
| 150|0x0000000089600000, 0x0000000089700000, 0x0000000089700000|100%| E|CS|TAMS 0x0000000089600000, 0x0000000089600000| Complete 
| 151|0x0000000089700000, 0x0000000089800000, 0x0000000089800000|100%| E|CS|TAMS 0x0000000089700000, 0x0000000089700000| Complete 
| 152|0x0000000089800000, 0x0000000089900000, 0x0000000089900000|100%| E|CS|TAMS 0x0000000089800000, 0x0000000089800000| Complete 
| 153|0x0000000089900000, 0x0000000089a00000, 0x0000000089a00000|100%| E|CS|TAMS 0x0000000089900000, 0x0000000089900000| Complete 
| 154|0x0000000089a00000, 0x0000000089b00000, 0x0000000089b00000|100%| E|CS|TAMS 0x0000000089a00000, 0x0000000089a00000| Complete 
| 155|0x0000000089b00000, 0x0000000089c00000, 0x0000000089c00000|100%| E|CS|TAMS 0x0000000089b00000, 0x0000000089b00000| Complete 
| 156|0x0000000089c00000, 0x0000000089d00000, 0x0000000089d00000|100%| E|CS|TAMS 0x0000000089c00000, 0x0000000089c00000| Complete 
| 157|0x0000000089d00000, 0x0000000089e00000, 0x0000000089e00000|100%| E|CS|TAMS 0x0000000089d00000, 0x0000000089d00000| Complete 
| 158|0x0000000089e00000, 0x0000000089f00000, 0x0000000089f00000|100%| E|CS|TAMS 0x0000000089e00000, 0x0000000089e00000| Complete 
| 159|0x0000000089f00000, 0x000000008a000000, 0x000000008a000000|100%| E|CS|TAMS 0x0000000089f00000, 0x0000000089f00000| Complete 
| 160|0x000000008a000000, 0x000000008a100000, 0x000000008a100000|100%| E|CS|TAMS 0x000000008a000000, 0x000000008a000000| Complete 
| 161|0x000000008a100000, 0x000000008a200000, 0x000000008a200000|100%| E|CS|TAMS 0x000000008a100000, 0x000000008a100000| Complete 
| 162|0x000000008a200000, 0x000000008a300000, 0x000000008a300000|100%| E|CS|TAMS 0x000000008a200000, 0x000000008a200000| Complete 
| 163|0x000000008a300000, 0x000000008a400000, 0x000000008a400000|100%| E|CS|TAMS 0x000000008a300000, 0x000000008a300000| Complete 
| 164|0x000000008a400000, 0x000000008a500000, 0x000000008a500000|100%| E|CS|TAMS 0x000000008a400000, 0x000000008a400000| Complete 
| 165|0x000000008a500000, 0x000000008a600000, 0x000000008a600000|100%| E|CS|TAMS 0x000000008a500000, 0x000000008a500000| Complete 
| 166|0x000000008a600000, 0x000000008a700000, 0x000000008a700000|100%| E|CS|TAMS 0x000000008a600000, 0x000000008a600000| Complete 
| 167|0x000000008a700000, 0x000000008a800000, 0x000000008a800000|100%| E|CS|TAMS 0x000000008a700000, 0x000000008a700000| Complete 
| 168|0x000000008a800000, 0x000000008a900000, 0x000000008a900000|100%| E|CS|TAMS 0x000000008a800000, 0x000000008a800000| Complete 
| 169|0x000000008a900000, 0x000000008aa00000, 0x000000008aa00000|100%| E|CS|TAMS 0x000000008a900000, 0x000000008a900000| Complete 
| 170|0x000000008aa00000, 0x000000008ab00000, 0x000000008ab00000|100%| E|CS|TAMS 0x000000008aa00000, 0x000000008aa00000| Complete 
| 171|0x000000008ab00000, 0x000000008ac00000, 0x000000008ac00000|100%| E|CS|TAMS 0x000000008ab00000, 0x000000008ab00000| Complete 
| 172|0x000000008ac00000, 0x000000008ad00000, 0x000000008ad00000|100%| E|CS|TAMS 0x000000008ac00000, 0x000000008ac00000| Complete 
| 173|0x000000008ad00000, 0x000000008ae00000, 0x000000008ae00000|100%| E|CS|TAMS 0x000000008ad00000, 0x000000008ad00000| Complete 
| 174|0x000000008ae00000, 0x000000008af00000, 0x000000008af00000|100%| E|CS|TAMS 0x000000008ae00000, 0x000000008ae00000| Complete 
| 175|0x000000008af00000, 0x000000008b000000, 0x000000008b000000|100%| E|CS|TAMS 0x000000008af00000, 0x000000008af00000| Complete 
| 176|0x000000008b000000, 0x000000008b100000, 0x000000008b100000|100%| E|CS|TAMS 0x000000008b000000, 0x000000008b000000| Complete 
| 177|0x000000008b100000, 0x000000008b200000, 0x000000008b200000|100%| E|CS|TAMS 0x000000008b100000, 0x000000008b100000| Complete 
| 178|0x000000008b200000, 0x000000008b300000, 0x000000008b300000|100%| E|CS|TAMS 0x000000008b200000, 0x000000008b200000| Complete 
| 179|0x000000008b300000, 0x000000008b400000, 0x000000008b400000|100%| E|CS|TAMS 0x000000008b300000, 0x000000008b300000| Complete 
| 180|0x000000008b400000, 0x000000008b500000, 0x000000008b500000|100%| E|CS|TAMS 0x000000008b400000, 0x000000008b400000| Complete 
| 181|0x000000008b500000, 0x000000008b600000, 0x000000008b600000|100%| E|CS|TAMS 0x000000008b500000, 0x000000008b500000| Complete 
| 182|0x000000008b600000, 0x000000008b700000, 0x000000008b700000|100%| E|CS|TAMS 0x000000008b600000, 0x000000008b600000| Complete 
| 183|0x000000008b700000, 0x000000008b800000, 0x000000008b800000|100%| E|CS|TAMS 0x000000008b700000, 0x000000008b700000| Complete 
| 184|0x000000008b800000, 0x000000008b900000, 0x000000008b900000|100%| E|CS|TAMS 0x000000008b800000, 0x000000008b800000| Complete 
| 185|0x000000008b900000, 0x000000008ba00000, 0x000000008ba00000|100%| E|CS|TAMS 0x000000008b900000, 0x000000008b900000| Complete 
| 186|0x000000008ba00000, 0x000000008bb00000, 0x000000008bb00000|100%| E|CS|TAMS 0x000000008ba00000, 0x000000008ba00000| Complete 
| 187|0x000000008bb00000, 0x000000008bc00000, 0x000000008bc00000|100%| E|CS|TAMS 0x000000008bb00000, 0x000000008bb00000| Complete 
| 188|0x000000008bc00000, 0x000000008bd00000, 0x000000008bd00000|100%| E|CS|TAMS 0x000000008bc00000, 0x000000008bc00000| Complete 
| 189|0x000000008bd00000, 0x000000008be00000, 0x000000008be00000|100%| E|CS|TAMS 0x000000008bd00000, 0x000000008bd00000| Complete 
| 190|0x000000008be00000, 0x000000008bf00000, 0x000000008bf00000|100%| E|CS|TAMS 0x000000008be00000, 0x000000008be00000| Complete 
| 191|0x000000008bf00000, 0x000000008c000000, 0x000000008c000000|100%| E|CS|TAMS 0x000000008bf00000, 0x000000008bf00000| Complete 
| 192|0x000000008c000000, 0x000000008c100000, 0x000000008c100000|100%| E|CS|TAMS 0x000000008c000000, 0x000000008c000000| Complete 
| 193|0x000000008c100000, 0x000000008c200000, 0x000000008c200000|100%| E|CS|TAMS 0x000000008c100000, 0x000000008c100000| Complete 
| 194|0x000000008c200000, 0x000000008c300000, 0x000000008c300000|100%| E|CS|TAMS 0x000000008c200000, 0x000000008c200000| Complete 
| 195|0x000000008c300000, 0x000000008c400000, 0x000000008c400000|100%| E|CS|TAMS 0x000000008c300000, 0x000000008c300000| Complete 
| 196|0x000000008c400000, 0x000000008c500000, 0x000000008c500000|100%| E|CS|TAMS 0x000000008c400000, 0x000000008c400000| Complete 
| 197|0x000000008c500000, 0x000000008c600000, 0x000000008c600000|100%| E|CS|TAMS 0x000000008c500000, 0x000000008c500000| Complete 
| 198|0x000000008c600000, 0x000000008c700000, 0x000000008c700000|100%| E|CS|TAMS 0x000000008c600000, 0x000000008c600000| Complete 
| 199|0x000000008c700000, 0x000000008c800000, 0x000000008c800000|100%| E|CS|TAMS 0x000000008c700000, 0x000000008c700000| Complete 
| 200|0x000000008c800000, 0x000000008c900000, 0x000000008c900000|100%| E|CS|TAMS 0x000000008c800000, 0x000000008c800000| Complete 
| 201|0x000000008c900000, 0x000000008ca00000, 0x000000008ca00000|100%| E|CS|TAMS 0x000000008c900000, 0x000000008c900000| Complete 
| 202|0x000000008ca00000, 0x000000008cb00000, 0x000000008cb00000|100%| E|CS|TAMS 0x000000008ca00000, 0x000000008ca00000| Complete 
| 203|0x000000008cb00000, 0x000000008cc00000, 0x000000008cc00000|100%| E|CS|TAMS 0x000000008cb00000, 0x000000008cb00000| Complete 
| 204|0x000000008cc00000, 0x000000008cd00000, 0x000000008cd00000|100%| E|CS|TAMS 0x000000008cc00000, 0x000000008cc00000| Complete 
| 205|0x000000008cd00000, 0x000000008ce00000, 0x000000008ce00000|100%| E|CS|TAMS 0x000000008cd00000, 0x000000008cd00000| Complete 
| 206|0x000000008ce00000, 0x000000008cf00000, 0x000000008cf00000|100%| E|CS|TAMS 0x000000008ce00000, 0x000000008ce00000| Complete 
| 207|0x000000008cf00000, 0x000000008d000000, 0x000000008d000000|100%| E|CS|TAMS 0x000000008cf00000, 0x000000008cf00000| Complete 
| 208|0x000000008d000000, 0x000000008d100000, 0x000000008d100000|100%| E|CS|TAMS 0x000000008d000000, 0x000000008d000000| Complete 
| 209|0x000000008d100000, 0x000000008d200000, 0x000000008d200000|100%| E|CS|TAMS 0x000000008d100000, 0x000000008d100000| Complete 
| 210|0x000000008d200000, 0x000000008d300000, 0x000000008d300000|100%| E|CS|TAMS 0x000000008d200000, 0x000000008d200000| Complete 
| 211|0x000000008d300000, 0x000000008d400000, 0x000000008d400000|100%| E|CS|TAMS 0x000000008d300000, 0x000000008d300000| Complete 
| 212|0x000000008d400000, 0x000000008d500000, 0x000000008d500000|100%| E|CS|TAMS 0x000000008d400000, 0x000000008d400000| Complete 
| 213|0x000000008d500000, 0x000000008d600000, 0x000000008d600000|100%| E|CS|TAMS 0x000000008d500000, 0x000000008d500000| Complete 
| 214|0x000000008d600000, 0x000000008d700000, 0x000000008d700000|100%| E|CS|TAMS 0x000000008d600000, 0x000000008d600000| Complete 
| 215|0x000000008d700000, 0x000000008d800000, 0x000000008d800000|100%| E|CS|TAMS 0x000000008d700000, 0x000000008d700000| Complete 
| 216|0x000000008d800000, 0x000000008d900000, 0x000000008d900000|100%| E|CS|TAMS 0x000000008d800000, 0x000000008d800000| Complete 
| 217|0x000000008d900000, 0x000000008da00000, 0x000000008da00000|100%| E|CS|TAMS 0x000000008d900000, 0x000000008d900000| Complete 
| 218|0x000000008da00000, 0x000000008db00000, 0x000000008db00000|100%| E|CS|TAMS 0x000000008da00000, 0x000000008da00000| Complete 
| 219|0x000000008db00000, 0x000000008dc00000, 0x000000008dc00000|100%| E|CS|TAMS 0x000000008db00000, 0x000000008db00000| Complete 
| 220|0x000000008dc00000, 0x000000008dd00000, 0x000000008dd00000|100%| E|CS|TAMS 0x000000008dc00000, 0x000000008dc00000| Complete 
| 221|0x000000008dd00000, 0x000000008de00000, 0x000000008de00000|100%| E|CS|TAMS 0x000000008dd00000, 0x000000008dd00000| Complete 
| 222|0x000000008de00000, 0x000000008df00000, 0x000000008df00000|100%| E|CS|TAMS 0x000000008de00000, 0x000000008de00000| Complete 
| 223|0x000000008df00000, 0x000000008e000000, 0x000000008e000000|100%| E|CS|TAMS 0x000000008df00000, 0x000000008df00000| Complete 
| 224|0x000000008e000000, 0x000000008e100000, 0x000000008e100000|100%| E|CS|TAMS 0x000000008e000000, 0x000000008e000000| Complete 
| 225|0x000000008e100000, 0x000000008e200000, 0x000000008e200000|100%| E|CS|TAMS 0x000000008e100000, 0x000000008e100000| Complete 
| 226|0x000000008e200000, 0x000000008e300000, 0x000000008e300000|100%| E|CS|TAMS 0x000000008e200000, 0x000000008e200000| Complete 
| 227|0x000000008e300000, 0x000000008e400000, 0x000000008e400000|100%| E|CS|TAMS 0x000000008e300000, 0x000000008e300000| Complete 
| 228|0x000000008e400000, 0x000000008e500000, 0x000000008e500000|100%| E|CS|TAMS 0x000000008e400000, 0x000000008e400000| Complete 
| 229|0x000000008e500000, 0x000000008e600000, 0x000000008e600000|100%| E|CS|TAMS 0x000000008e500000, 0x000000008e500000| Complete 
| 230|0x000000008e600000, 0x000000008e700000, 0x000000008e700000|100%| E|CS|TAMS 0x000000008e600000, 0x000000008e600000| Complete 
| 231|0x000000008e700000, 0x000000008e800000, 0x000000008e800000|100%| E|CS|TAMS 0x000000008e700000, 0x000000008e700000| Complete 
| 232|0x000000008e800000, 0x000000008e900000, 0x000000008e900000|100%| E|CS|TAMS 0x000000008e800000, 0x000000008e800000| Complete 
| 233|0x000000008e900000, 0x000000008ea00000, 0x000000008ea00000|100%| E|CS|TAMS 0x000000008e900000, 0x000000008e900000| Complete 
| 234|0x000000008ea00000, 0x000000008eb00000, 0x000000008eb00000|100%| E|CS|TAMS 0x000000008ea00000, 0x000000008ea00000| Complete 
| 235|0x000000008eb00000, 0x000000008ec00000, 0x000000008ec00000|100%| E|CS|TAMS 0x000000008eb00000, 0x000000008eb00000| Complete 
| 236|0x000000008ec00000, 0x000000008ed00000, 0x000000008ed00000|100%| E|CS|TAMS 0x000000008ec00000, 0x000000008ec00000| Complete 
| 237|0x000000008ed00000, 0x000000008ee00000, 0x000000008ee00000|100%| E|CS|TAMS 0x000000008ed00000, 0x000000008ed00000| Complete 
| 238|0x000000008ee00000, 0x000000008ef00000, 0x000000008ef00000|100%| E|CS|TAMS 0x000000008ee00000, 0x000000008ee00000| Complete 
| 239|0x000000008ef00000, 0x000000008f000000, 0x000000008f000000|100%| E|CS|TAMS 0x000000008ef00000, 0x000000008ef00000| Complete 
| 240|0x000000008f000000, 0x000000008f100000, 0x000000008f100000|100%| E|CS|TAMS 0x000000008f000000, 0x000000008f000000| Complete 
| 241|0x000000008f100000, 0x000000008f200000, 0x000000008f200000|100%| E|CS|TAMS 0x000000008f100000, 0x000000008f100000| Complete 
| 242|0x000000008f200000, 0x000000008f300000, 0x000000008f300000|100%| E|CS|TAMS 0x000000008f200000, 0x000000008f200000| Complete 
| 243|0x000000008f300000, 0x000000008f400000, 0x000000008f400000|100%| E|CS|TAMS 0x000000008f300000, 0x000000008f300000| Complete 
| 244|0x000000008f400000, 0x000000008f500000, 0x000000008f500000|100%| E|CS|TAMS 0x000000008f400000, 0x000000008f400000| Complete 
| 245|0x000000008f500000, 0x000000008f600000, 0x000000008f600000|100%| E|CS|TAMS 0x000000008f500000, 0x000000008f500000| Complete 
| 246|0x000000008f600000, 0x000000008f700000, 0x000000008f700000|100%| E|CS|TAMS 0x000000008f600000, 0x000000008f600000| Complete 
| 247|0x000000008f700000, 0x000000008f800000, 0x000000008f800000|100%| E|CS|TAMS 0x000000008f700000, 0x000000008f700000| Complete 
| 248|0x000000008f800000, 0x000000008f900000, 0x000000008f900000|100%| E|CS|TAMS 0x000000008f800000, 0x000000008f800000| Complete 
| 249|0x000000008f900000, 0x000000008fa00000, 0x000000008fa00000|100%| E|CS|TAMS 0x000000008f900000, 0x000000008f900000| Complete 
| 250|0x000000008fa00000, 0x000000008fb00000, 0x000000008fb00000|100%| E|CS|TAMS 0x000000008fa00000, 0x000000008fa00000| Complete 
| 251|0x000000008fb00000, 0x000000008fc00000, 0x000000008fc00000|100%| E|CS|TAMS 0x000000008fb00000, 0x000000008fb00000| Complete 
| 252|0x000000008fc00000, 0x000000008fd00000, 0x000000008fd00000|100%| E|CS|TAMS 0x000000008fc00000, 0x000000008fc00000| Complete 
| 253|0x000000008fd00000, 0x000000008fe00000, 0x000000008fe00000|100%| E|CS|TAMS 0x000000008fd00000, 0x000000008fd00000| Complete 
| 254|0x000000008fe00000, 0x000000008ff00000, 0x000000008ff00000|100%| E|CS|TAMS 0x000000008fe00000, 0x000000008fe00000| Complete 
| 255|0x000000008ff00000, 0x0000000090000000, 0x0000000090000000|100%| E|CS|TAMS 0x000000008ff00000, 0x000000008ff00000| Complete 
| 256|0x0000000090000000, 0x0000000090100000, 0x0000000090100000|100%| O|  |TAMS 0x0000000090000000, 0x0000000090000000| Untracked 
| 257|0x0000000090100000, 0x0000000090200000, 0x0000000090200000|100%| O|  |TAMS 0x0000000090100000, 0x0000000090100000| Untracked 
| 258|0x0000000090200000, 0x0000000090300000, 0x0000000090300000|100%| O|  |TAMS 0x0000000090200000, 0x0000000090200000| Untracked 
| 259|0x0000000090300000, 0x0000000090400000, 0x0000000090400000|100%| O|  |TAMS 0x0000000090300000, 0x0000000090300000| Untracked 
| 260|0x0000000090400000, 0x0000000090500000, 0x0000000090500000|100%| O|  |TAMS 0x0000000090400000, 0x0000000090400000| Untracked 
| 261|0x0000000090500000, 0x0000000090600000, 0x0000000090600000|100%| O|  |TAMS 0x0000000090500000, 0x0000000090500000| Untracked 
| 262|0x0000000090600000, 0x0000000090700000, 0x0000000090700000|100%| O|  |TAMS 0x0000000090600000, 0x0000000090600000| Untracked 

Card table byte_map: [0x00000174c05f0000,0x00000174c09f0000] _byte_map_base: 0x00000174c01f0000

Marking Bits (Prev, Next): (CMBitMap*) 0x00000174ab4d2250, (CMBitMap*) 0x00000174ab4d2218
 Prev Bits: [0x00000174c2df0000, 0x00000174c4df0000)
 Next Bits: [0x00000174c0df0000, 0x00000174c2df0000)

Polling page: 0x00000174b0760000

Metaspace:

Usage:
  Non-class:     82.87 MB capacity,    81.27 MB ( 98%) used,     1.30 MB (  2%) free+waste,   304.00 KB ( <1%) overhead. 
      Class:     13.33 MB capacity,    12.33 MB ( 92%) used,   887.52 KB (  7%) free+waste,   140.56 KB (  1%) overhead. 
       Both:     96.21 MB capacity,    93.60 MB ( 97%) used,     2.17 MB (  2%) free+waste,   444.56 KB ( <1%) overhead. 

Virtual space:
  Non-class space:       84.00 MB reserved,      82.95 MB ( 99%) committed 
      Class space:        1.00 GB reserved,      13.38 MB (  1%) committed 
             Both:        1.08 GB reserved,      96.33 MB (  9%) committed 

Chunk freelists:
   Non-Class:  18.00 KB
       Class:  11.00 KB
        Both:  29.00 KB

MaxMetaspaceSize: 17179869184.00 GB
CompressedClassSpaceSize: 1.00 GB
Initial GC threshold: 20.80 MB
Current GC threshold: 98.88 MB
CDS: off

CodeHeap 'non-profiled nmethods': size=120000Kb used=6821Kb max_used=6821Kb free=113178Kb
 bounds [0x00000174b8250000, 0x00000174b8900000, 0x00000174bf780000]
CodeHeap 'profiled nmethods': size=120000Kb used=23759Kb max_used=23759Kb free=96241Kb
 bounds [0x00000174b0d20000, 0x00000174b2460000, 0x00000174b8250000]
CodeHeap 'non-nmethods': size=5760Kb used=2398Kb max_used=2463Kb free=3362Kb
 bounds [0x00000174b0780000, 0x00000174b0a00000, 0x00000174b0d20000]
 total_blobs=12151 nmethods=11228 adapters=835
 compilation: enabled
              stopped_count=0, restarted_count=0
 full_count=0

Compilation events (20 events):
Event: 14.058 Thread 0x00000174c81b4800 11322 %     3       com.android.tools.r8.dex.i::d @ 203 (507 bytes)
Event: 14.063 Thread 0x00000174c81b4800 nmethod 11322% 0x00000174b2445810 code [0x00000174b2445e60, 0x00000174b2449ee8]
Event: 14.063 Thread 0x00000174c81b4800 11323       2       com.android.tools.r8.graph.f1$a::p0 (2 bytes)
Event: 14.063 Thread 0x00000174c81b4800 nmethod 11323 0x00000174b244c010 code [0x00000174b244c1c0, 0x00000174b244c2b8]
Event: 14.063 Thread 0x00000174c81b4800 11324       2       com.android.tools.r8.code.c0::hashCode (22 bytes)
Event: 14.063 Thread 0x00000174c81b4800 nmethod 11324 0x00000174b244c390 code [0x00000174b244c540, 0x00000174b244c688]
Event: 14.064 Thread 0x00000174c81b4800 11325       3       com.android.tools.r8.internal.dt::d (191 bytes)
Event: 14.065 Thread 0x00000174c81b4800 nmethod 11325 0x00000174b244c710 code [0x00000174b244c9a0, 0x00000174b244d668]
Event: 14.068 Thread 0x00000174c81b4800 11328       2       java.util.Arrays::hashCode (44 bytes)
Event: 14.068 Thread 0x00000174c81b4800 nmethod 11328 0x00000174b244db10 code [0x00000174b244dcc0, 0x00000174b244de38]
Event: 14.070 Thread 0x00000174c81b4800 11329       2       com.android.tools.r8.code.N0::hashCode (28 bytes)
Event: 14.070 Thread 0x00000174c81b4800 nmethod 11329 0x00000174b244df10 code [0x00000174b244e0c0, 0x00000174b244e208]
Event: 14.072 Thread 0x00000174c81b4800 11330       2       com.android.tools.r8.graph.N2::a (157 bytes)
Event: 14.073 Thread 0x00000174c81b4800 nmethod 11330 0x00000174b244e290 code [0x00000174b244e4c0, 0x00000174b244ec58]
Event: 14.073 Thread 0x00000174c81b4800 11331 %     3       com.android.tools.r8.dex.i::b @ 71 (267 bytes)
Event: 14.075 Thread 0x00000174c81b4800 nmethod 11331% 0x00000174b244f090 code [0x00000174b244f500, 0x00000174b2451ba8]
Event: 14.075 Thread 0x00000174c81b4800 11332       2       com.android.tools.r8.graph.N2::g (64 bytes)
Event: 14.076 Thread 0x00000174c81b4800 nmethod 11332 0x00000174b2452990 code [0x00000174b2452ba0, 0x00000174b2452eb8]
Event: 14.076 Thread 0x00000174c81b4800 11336       2       com.android.tools.r8.code.x0::<init> (97 bytes)
Event: 14.077 Thread 0x00000174c81b4800 nmethod 11336 0x00000174b2453090 code [0x00000174b24532a0, 0x00000174b24537d8]

GC Heap History (20 events):
Event: 2.732 GC heap after
{Heap after GC invocations=2 (full 0):
 garbage-first heap   total 262144K, used 17132K [0x0000000080000000, 0x0000000100000000)
  region size 1024K, 11 young (11264K), 11 survivors (11264K)
 Metaspace       used 20827K, capacity 21189K, committed 21296K, reserved 1069056K
  class space    used 2531K, capacity 2688K, committed 2688K, reserved 1048576K
}
Event: 3.024 GC heap before
{Heap before GC invocations=3 (full 0):
 garbage-first heap   total 262144K, used 49900K [0x0000000080000000, 0x0000000100000000)
  region size 1024K, 43 young (44032K), 11 survivors (11264K)
 Metaspace       used 23988K, capacity 24505K, committed 24832K, reserved 1071104K
  class space    used 3041K, capacity 3221K, committed 3328K, reserved 1048576K
}
Event: 3.031 GC heap after
{Heap after GC invocations=4 (full 0):
 garbage-first heap   total 262144K, used 18666K [0x0000000080000000, 0x0000000100000000)
  region size 1024K, 2 young (2048K), 2 survivors (2048K)
 Metaspace       used 23988K, capacity 24505K, committed 24832K, reserved 1071104K
  class space    used 3041K, capacity 3221K, committed 3328K, reserved 1048576K
}
Event: 4.139 GC heap before
{Heap before GC invocations=4 (full 0):
 garbage-first heap   total 262144K, used 102634K [0x0000000080000000, 0x0000000100000000)
  region size 1024K, 85 young (87040K), 2 survivors (2048K)
 Metaspace       used 35172K, capacity 35945K, committed 36048K, reserved 1081344K
  class space    used 4517K, capacity 4808K, committed 4864K, reserved 1048576K
}
Event: 4.146 GC heap after
{Heap after GC invocations=5 (full 0):
 garbage-first heap   total 262144K, used 22552K [0x0000000080000000, 0x0000000100000000)
  region size 1024K, 6 young (6144K), 6 survivors (6144K)
 Metaspace       used 35172K, capacity 35945K, committed 36048K, reserved 1081344K
  class space    used 4517K, capacity 4808K, committed 4864K, reserved 1048576K
}
Event: 5.466 GC heap before
{Heap before GC invocations=6 (full 0):
 garbage-first heap   total 262144K, used 140312K [0x0000000080000000, 0x0000000100000000)
  region size 1024K, 118 young (120832K), 6 survivors (6144K)
 Metaspace       used 44865K, capacity 45935K, committed 46032K, reserved 1089536K
  class space    used 5681K, capacity 6075K, committed 6144K, reserved 1048576K
}
Event: 5.477 GC heap after
{Heap after GC invocations=7 (full 0):
 garbage-first heap   total 262144K, used 29639K [0x0000000080000000, 0x0000000100000000)
  region size 1024K, 13 young (13312K), 13 survivors (13312K)
 Metaspace       used 44865K, capacity 45935K, committed 46032K, reserved 1089536K
  class space    used 5681K, capacity 6075K, committed 6144K, reserved 1048576K
}
Event: 6.793 GC heap before
{Heap before GC invocations=7 (full 0):
 garbage-first heap   total 262144K, used 162759K [0x0000000080000000, 0x0000000100000000)
  region size 1024K, 139 young (142336K), 13 survivors (13312K)
 Metaspace       used 53620K, capacity 54954K, committed 55248K, reserved 1097728K
  class space    used 6802K, capacity 7322K, committed 7424K, reserved 1048576K
}
Event: 6.805 GC heap after
{Heap after GC invocations=8 (full 0):
 garbage-first heap   total 262144K, used 42589K [0x0000000080000000, 0x0000000100000000)
  region size 1024K, 16 young (16384K), 16 survivors (16384K)
 Metaspace       used 53620K, capacity 54954K, committed 55248K, reserved 1097728K
  class space    used 6802K, capacity 7322K, committed 7424K, reserved 1048576K
}
Event: 7.327 GC heap before
{Heap before GC invocations=8 (full 0):
 garbage-first heap   total 262144K, used 78429K [0x0000000080000000, 0x0000000100000000)
  region size 1024K, 52 young (53248K), 16 survivors (16384K)
 Metaspace       used 58889K, capacity 60405K, committed 60496K, reserved 1101824K
  class space    used 7463K, capacity 8028K, committed 8064K, reserved 1048576K
}
Event: 7.340 GC heap after
{Heap after GC invocations=9 (full 0):
 garbage-first heap   total 262144K, used 44151K [0x0000000080000000, 0x0000000100000000)
  region size 1024K, 11 young (11264K), 11 survivors (11264K)
 Metaspace       used 58889K, capacity 60405K, committed 60496K, reserved 1101824K
  class space    used 7463K, capacity 8028K, committed 8064K, reserved 1048576K
}
Event: 8.736 GC heap before
{Heap before GC invocations=10 (full 0):
 garbage-first heap   total 262144K, used 187511K [0x0000000080000000, 0x0000000100000000)
  region size 1024K, 144 young (147456K), 11 survivors (11264K)
 Metaspace       used 67086K, capacity 68682K, committed 68816K, reserved 1110016K
  class space    used 8507K, capacity 9147K, committed 9216K, reserved 1048576K
}
Event: 8.750 GC heap after
{Heap after GC invocations=11 (full 0):
 garbage-first heap   total 262144K, used 54629K [0x0000000080000000, 0x0000000100000000)
  region size 1024K, 13 young (13312K), 13 survivors (13312K)
 Metaspace       used 67086K, capacity 68682K, committed 68816K, reserved 1110016K
  class space    used 8507K, capacity 9147K, committed 9216K, reserved 1048576K
}
Event: 10.492 GC heap before
{Heap before GC invocations=11 (full 0):
 garbage-first heap   total 262144K, used 185701K [0x0000000080000000, 0x0000000100000000)
  region size 1024K, 141 young (144384K), 13 survivors (13312K)
 Metaspace       used 80334K, capacity 82283K, committed 82512K, reserved 1120256K
  class space    used 10558K, capacity 11293K, committed 11392K, reserved 1048576K
}
Event: 10.508 GC heap after
{Heap after GC invocations=12 (full 0):
 garbage-first heap   total 262144K, used 63055K [0x0000000080000000, 0x0000000100000000)
  region size 1024K, 9 young (9216K), 9 survivors (9216K)
 Metaspace       used 80334K, capacity 82283K, committed 82512K, reserved 1120256K
  class space    used 10558K, capacity 11293K, committed 11392K, reserved 1048576K
}
Event: 11.889 GC heap before
{Heap before GC invocations=12 (full 0):
 garbage-first heap   total 262144K, used 193103K [0x0000000080000000, 0x0000000100000000)
  region size 1024K, 137 young (140288K), 9 survivors (9216K)
 Metaspace       used 86425K, capacity 88699K, committed 89040K, reserved 1126400K
  class space    used 11295K, capacity 12164K, committed 12288K, reserved 1048576K
}
Event: 11.899 GC heap after
{Heap after GC invocations=13 (full 0):
 garbage-first heap   total 262144K, used 69063K [0x0000000080000000, 0x0000000100000000)
  region size 1024K, 15 young (15360K), 15 survivors (15360K)
 Metaspace       used 86425K, capacity 88699K, committed 89040K, reserved 1126400K
  class space    used 11295K, capacity 12164K, committed 12288K, reserved 1048576K
}
Event: 13.023 GC heap before
{Heap before GC invocations=13 (full 0):
 garbage-first heap   total 262144K, used 203207K [0x0000000080000000, 0x0000000100000000)
  region size 1024K, 142 young (145408K), 15 survivors (15360K)
 Metaspace       used 90507K, capacity 92920K, committed 93008K, reserved 1130496K
  class space    used 11739K, capacity 12670K, committed 12672K, reserved 1048576K
}
Event: 13.050 GC heap after
{Heap after GC invocations=14 (full 0):
 garbage-first heap   total 262144K, used 85607K [0x0000000080000000, 0x0000000100000000)
  region size 1024K, 18 young (18432K), 18 survivors (18432K)
 Metaspace       used 90507K, capacity 92920K, committed 93008K, reserved 1130496K
  class space    used 11739K, capacity 12670K, committed 12672K, reserved 1048576K
}
Event: 14.079 GC heap before
{Heap before GC invocations=14 (full 0):
 garbage-first heap   total 262144K, used 212583K [0x0000000080000000, 0x0000000100000000)
  region size 1024K, 132 young (135168K), 18 survivors (18432K)
 Metaspace       used 95849K, capacity 98515K, committed 98640K, reserved 1134592K
  class space    used 12624K, capacity 13653K, committed 13696K, reserved 1048576K
}

Deoptimization events (20 events):
Event: 13.652 Thread 0x00000174ce1c0000 DEOPT PACKING pc=0x00000174b2339926 sp=0x0000004f12afd2c0
Event: 13.652 Thread 0x00000174ce1c0000 DEOPT UNPACKING pc=0x00000174b07ca95e sp=0x0000004f12afc970 mode 0
Event: 13.829 Thread 0x00000174cdc48800 Uncommon trap: trap_request=0xffffff4d fr.pc=0x00000174b88dbbc8 relative=0x00000000000003e8
Event: 13.829 Thread 0x00000174cdc48800 Uncommon trap: reason=unstable_if action=reinterpret pc=0x00000174b88dbbc8 method=java.lang.Math.max(JJ)J @ 3 c2
Event: 13.829 Thread 0x00000174cdc48800 DEOPT PACKING pc=0x00000174b88dbbc8 sp=0x0000004f136fe940
Event: 13.829 Thread 0x00000174cdc48800 DEOPT UNPACKING pc=0x00000174b07ca1af sp=0x0000004f136fe810 mode 2
Event: 13.873 Thread 0x00000174cdc46000 Uncommon trap: trap_request=0xffffff4d fr.pc=0x00000174b87a5298 relative=0x0000000000000358
Event: 13.873 Thread 0x00000174cdc46000 Uncommon trap: reason=unstable_if action=reinterpret pc=0x00000174b87a5298 method=java.util.concurrent.ConcurrentLinkedQueue.offer(Ljava/lang/Object;)Z @ 42 c2
Event: 13.873 Thread 0x00000174cdc46000 DEOPT PACKING pc=0x00000174b87a5298 sp=0x0000004f138fea70
Event: 13.873 Thread 0x00000174cdc46000 DEOPT UNPACKING pc=0x00000174b07ca1af sp=0x0000004f138fe9b8 mode 2
Event: 13.914 Thread 0x00000174cdc46000 Uncommon trap: trap_request=0xffffff4d fr.pc=0x00000174b877ba98 relative=0x0000000000000358
Event: 13.914 Thread 0x00000174cdc46000 Uncommon trap: reason=unstable_if action=reinterpret pc=0x00000174b877ba98 method=java.util.concurrent.ConcurrentLinkedQueue.offer(Ljava/lang/Object;)Z @ 42 c2
Event: 13.915 Thread 0x00000174cdc46000 DEOPT PACKING pc=0x00000174b877ba98 sp=0x0000004f138fea20
Event: 13.915 Thread 0x00000174cdc46000 DEOPT UNPACKING pc=0x00000174b07ca1af sp=0x0000004f138fe9d0 mode 2
Event: 13.986 Thread 0x00000174cdc48800 DEOPT PACKING pc=0x00000174b23f3dce sp=0x0000004f136fe4d0
Event: 13.986 Thread 0x00000174cdc48800 DEOPT UNPACKING pc=0x00000174b07ca95e sp=0x0000004f136fda58 mode 0
Event: 14.005 Thread 0x00000174cdc46000 DEOPT PACKING pc=0x00000174b23f3dce sp=0x0000004f138fe240
Event: 14.005 Thread 0x00000174cdc46000 DEOPT UNPACKING pc=0x00000174b07ca95e sp=0x0000004f138fd7c0 mode 0
Event: 14.063 Thread 0x00000174cdc45800 DEOPT PACKING pc=0x00000174b242bc5b sp=0x0000004f132fedf0
Event: 14.063 Thread 0x00000174cdc45800 DEOPT UNPACKING pc=0x00000174b07ca95e sp=0x0000004f132fe348 mode 0

Classes redefined (0 events):
No events

Internal exceptions (20 events):
Event: 13.064 Thread 0x00000174ce1b8800 Exception <a 'sun/nio/fs/WindowsException'{0x000000008ffa8e80}> (0x000000008ffa8e80) thrown at [./src/hotspot/share/prims/jni.cpp, line 616]
Event: 13.065 Thread 0x00000174ce1b8800 Exception <a 'sun/nio/fs/WindowsException'{0x000000008ffa9d38}> (0x000000008ffa9d38) thrown at [./src/hotspot/share/prims/jni.cpp, line 616]
Event: 13.065 Thread 0x00000174ce1b8800 Exception <a 'sun/nio/fs/WindowsException'{0x000000008ffaa020}> (0x000000008ffaa020) thrown at [./src/hotspot/share/prims/jni.cpp, line 616]
Event: 13.065 Thread 0x00000174ce1b8800 Exception <a 'sun/nio/fs/WindowsException'{0x000000008ffaaea8}> (0x000000008ffaaea8) thrown at [./src/hotspot/share/prims/jni.cpp, line 616]
Event: 13.071 Thread 0x00000174ce1c0000 Exception <a 'java/lang/NoSuchMethodError'{0x000000008fe13eb0}: 'java.lang.Object java.lang.invoke.DirectMethodHandle$Holder.newInvokeSpecial(java.lang.Object, int)'> (0x000000008fe13eb0) thrown at [./src/hotspot/share/interpreter/linkResolver.cpp, line 773]
Event: 13.079 Thread 0x00000174ce1b8800 Exception <a 'java/lang/NoSuchMethodError'{0x000000008fee0e68}: <clinit>> (0x000000008fee0e68) thrown at [./src/hotspot/share/prims/jni.cpp, line 1366]
Event: 13.086 Thread 0x00000174ce1b8800 Exception <a 'java/lang/NoSuchMethodError'{0x000000008fd3ccc0}: <clinit>> (0x000000008fd3ccc0) thrown at [./src/hotspot/share/prims/jni.cpp, line 1366]
Event: 13.088 Thread 0x00000174ce1b8800 Exception <a 'java/lang/NoSuchMethodError'{0x000000008fd4f438}: <clinit>> (0x000000008fd4f438) thrown at [./src/hotspot/share/prims/jni.cpp, line 1366]
Event: 13.182 Thread 0x00000174ce1c4000 Exception <a 'java/lang/NoSuchMethodError'{0x000000008f746140}: 'void java.lang.invoke.DirectMethodHandle$Holder.invokeStatic(java.lang.Object, long)'> (0x000000008f746140) thrown at [./src/hotspot/share/interpreter/linkResolver.cpp, line 773]
Event: 13.183 Thread 0x00000174ce1c4000 Exception <a 'java/lang/NoSuchMethodError'{0x000000008f74b600}: 'java.lang.Object java.lang.invoke.DirectMethodHandle$Holder.invokeStatic(java.lang.Object, long)'> (0x000000008f74b600) thrown at [./src/hotspot/share/interpreter/linkResolver.cpp, line 773]
Event: 13.188 Thread 0x00000174ce1c4000 Exception <a 'java/lang/NoSuchMethodError'{0x000000008f777590}: 'java.lang.Object java.lang.invoke.DirectMethodHandle$Holder.invokeStaticInit(java.lang.Object, java.lang.Object, long, java.lang.Object)'> (0x000000008f777590) thrown at [./src/hotspot/share/interpreter/linkResolver.cpp, line 773]
Event: 13.189 Thread 0x00000174ce1c4000 Exception <a 'java/lang/NoSuchMethodError'{0x000000008f77d728}: 'java.lang.Object java.lang.invoke.DirectMethodHandle$Holder.invokeStatic(java.lang.Object, java.lang.Object, long)'> (0x000000008f77d728) thrown at [./src/hotspot/share/interpreter/linkResolver.cpp, line 773]
Event: 13.191 Thread 0x00000174ce1c4000 Exception <a 'java/lang/NoSuchMethodError'{0x000000008f783fa8}: 'java.lang.Object java.lang.invoke.Invokers$Holder.linkToTargetMethod(java.lang.Object, long, java.lang.Object)'> (0x000000008f783fa8) thrown at [./src/hotspot/share/interpreter/linkResolver.cpp, line 773]
Event: 13.316 Thread 0x00000174ce1c0000 Exception <a 'java/lang/NoSuchMethodError'{0x000000008f2cba18}: 'java.lang.Object java.lang.invoke.DirectMethodHandle$Holder.invokeStaticInit(java.lang.Object, java.lang.Object, java.lang.Object, java.lang.Object, java.lang.Object, java.lang.Object, java.lang.Object, java.lang.Object, java.lang.Object, java.lang.Object, java.lang.Object, java.lang.Object, java.lang.Object, java.lang.Object, java.lang.Object, java.lang.Object, java.lang.Object, java.lang.Object, int, java.lang.Object, java.lang.Object)'> (0
Event: 13.360 Thread 0x00000174ce1c4000 Exception <a 'java/lang/NoSuchMethodError'{0x000000008e73d048}: 'int java.lang.invoke.DirectMethodHandle$Holder.invokeSpecialIFC(java.lang.Object, java.lang.Object, java.lang.Object)'> (0x000000008e73d048) thrown at [./src/hotspot/share/interpreter/linkResolver.cpp, line 773]
Event: 13.658 Thread 0x00000174cdc47000 Exception <a 'java/lang/IncompatibleClassChangeError'{0x000000008c70f3a8}: Found class java.lang.Object, but interface was expected> (0x000000008c70f3a8) thrown at [./src/hotspot/share/interpreter/linkResolver.cpp, line 839]
Event: 13.691 Thread 0x00000174cdc4c000 Exception <a 'java/lang/IncompatibleClassChangeError'{0x000000008c542028}: Found class java.lang.Object, but interface was expected> (0x000000008c542028) thrown at [./src/hotspot/share/interpreter/linkResolver.cpp, line 839]
Event: 13.691 Thread 0x00000174cdc46000 Exception <a 'java/lang/IncompatibleClassChangeError'{0x000000008c527040}: Found class java.lang.Object, but interface was expected> (0x000000008c527040) thrown at [./src/hotspot/share/interpreter/linkResolver.cpp, line 839]
Event: 13.692 Thread 0x00000174cdc46000 Exception <a 'java/lang/IncompatibleClassChangeError'{0x000000008c529ba8}: Found class java.lang.Object, but interface was expected> (0x000000008c529ba8) thrown at [./src/hotspot/share/interpreter/linkResolver.cpp, line 839]
Event: 13.692 Thread 0x00000174cdc4c000 Exception <a 'java/lang/IncompatibleClassChangeError'{0x000000008c56bef0}: Found class java.lang.Object, but interface was expected> (0x000000008c56bef0) thrown at [./src/hotspot/share/interpreter/linkResolver.cpp, line 839]

Events (20 events):
Event: 13.848 loading class com/android/tools/r8/graph/T0 done
Event: 13.851 loading class com/android/tools/r8/graph/N2
Event: 13.851 loading class com/android/tools/r8/graph/N2 done
Event: 13.851 loading class com/android/tools/r8/graph/N2
Event: 13.851 loading class com/android/tools/r8/graph/N2 done
Event: 13.851 loading class com/android/tools/r8/graph/N2
Event: 13.851 loading class com/android/tools/r8/graph/N2 done
Event: 13.851 loading class com/android/tools/r8/graph/N2
Event: 13.851 loading class com/android/tools/r8/graph/N2 done
Event: 13.851 loading class com/android/tools/r8/graph/N2
Event: 13.851 loading class com/android/tools/r8/graph/N2 done
Event: 13.852 loading class com/android/tools/r8/graph/N2
Event: 13.852 loading class com/android/tools/r8/graph/N2 done
Event: 13.852 loading class com/android/tools/r8/internal/qK
Event: 13.852 loading class com/android/tools/r8/internal/qK done
Event: 13.852 loading class com/android/tools/r8/internal/vK
Event: 13.852 loading class com/android/tools/r8/internal/vK done
Event: 13.854 loading class com/android/tools/r8/internal/kl
Event: 13.854 loading class com/android/tools/r8/internal/kl done
Event: 14.079 Executing VM operation: G1CollectForAllocation


Dynamic libraries:
0x00007ff7a7830000 - 0x00007ff7a783a000 	C:\Program Files\Android\Android Studio\jre\bin\java.exe
0x00007ffd34fd0000 - 0x00007ffd351c8000 	C:\WINDOWS\SYSTEM32\ntdll.dll
0x00007ffd33cf0000 - 0x00007ffd33daf000 	C:\WINDOWS\System32\KERNEL32.DLL
0x00007ffd329b0000 - 0x00007ffd32c82000 	C:\WINDOWS\System32\KERNELBASE.dll
0x00007ffd32700000 - 0x00007ffd32800000 	C:\WINDOWS\System32\ucrtbase.dll
0x00007ffd0ffe0000 - 0x00007ffd0fff7000 	C:\Program Files\Android\Android Studio\jre\bin\VCRUNTIME140.dll
0x00007ffd2dee0000 - 0x00007ffd2def9000 	C:\Program Files\Android\Android Studio\jre\bin\jli.dll
0x00007ffd340a0000 - 0x00007ffd3423d000 	C:\WINDOWS\System32\USER32.dll
0x00007ffd32ff0000 - 0x00007ffd33012000 	C:\WINDOWS\System32\win32u.dll
0x00007ffd1c250000 - 0x00007ffd1c4ea000 	C:\WINDOWS\WinSxS\amd64_microsoft.windows.common-controls_6595b64144ccf1df_6.0.19041.1110_none_60b5254171f9507e\COMCTL32.dll
0x00007ffd33cb0000 - 0x00007ffd33cdb000 	C:\WINDOWS\System32\GDI32.dll
0x00007ffd348a0000 - 0x00007ffd3493e000 	C:\WINDOWS\System32\msvcrt.dll
0x00007ffd328a0000 - 0x00007ffd329af000 	C:\WINDOWS\System32\gdi32full.dll
0x00007ffd32800000 - 0x00007ffd3289d000 	C:\WINDOWS\System32\msvcp_win.dll
0x00007ffd346b0000 - 0x00007ffd346e2000 	C:\WINDOWS\System32\IMM32.DLL
0x00007ffd02660000 - 0x00007ffd026fd000 	C:\Program Files\Android\Android Studio\jre\bin\msvcp140.dll
0x00007ffcee9c0000 - 0x00007ffcef4c2000 	C:\Program Files\Android\Android Studio\jre\bin\server\jvm.dll
0x00007ffd33100000 - 0x00007ffd331ae000 	C:\WINDOWS\System32\ADVAPI32.dll
0x00007ffd34a60000 - 0x00007ffd34afc000 	C:\WINDOWS\System32\sechost.dll
0x00007ffd33b80000 - 0x00007ffd33ca5000 	C:\WINDOWS\System32\RPCRT4.dll
0x00007ffd33230000 - 0x00007ffd33238000 	C:\WINDOWS\System32\PSAPI.DLL
0x00007ffd2ac30000 - 0x00007ffd2ac3a000 	C:\WINDOWS\SYSTEM32\VERSION.dll
0x00007ffd1d020000 - 0x00007ffd1d047000 	C:\WINDOWS\SYSTEM32\WINMM.dll
0x00007ffd1ab70000 - 0x00007ffd1ab79000 	C:\WINDOWS\SYSTEM32\WSOCK32.dll
0x00007ffd33a60000 - 0x00007ffd33acb000 	C:\WINDOWS\System32\WS2_32.dll
0x00007ffd30f70000 - 0x00007ffd30f82000 	C:\WINDOWS\SYSTEM32\kernel.appcore.dll
0x00007ffd27cd0000 - 0x00007ffd27ce1000 	C:\Program Files\Android\Android Studio\jre\bin\verify.dll
0x00007ffd30480000 - 0x00007ffd30664000 	C:\WINDOWS\SYSTEM32\DBGHELP.DLL
0x00007ffd16000000 - 0x00007ffd1602c000 	C:\WINDOWS\SYSTEM32\dbgcore.DLL
0x00007ffd32ea0000 - 0x00007ffd32f22000 	C:\WINDOWS\System32\bcryptPrimitives.dll
0x00007ffd263f0000 - 0x00007ffd26419000 	C:\Program Files\Android\Android Studio\jre\bin\java.dll
0x00007ffd2df00000 - 0x00007ffd2df0b000 	C:\Program Files\Android\Android Studio\jre\bin\jimage.dll
0x00007ffd264f0000 - 0x00007ffd26508000 	C:\Program Files\Android\Android Studio\jre\bin\zip.dll
0x00007ffd33310000 - 0x00007ffd33a53000 	C:\WINDOWS\System32\SHELL32.dll
0x00007ffd30770000 - 0x00007ffd30f02000 	C:\WINDOWS\SYSTEM32\windows.storage.dll
0x00007ffd34b00000 - 0x00007ffd34e54000 	C:\WINDOWS\System32\combase.dll
0x00007ffd32130000 - 0x00007ffd32160000 	C:\WINDOWS\SYSTEM32\Wldp.dll
0x00007ffd33e80000 - 0x00007ffd33f2d000 	C:\WINDOWS\System32\SHCORE.dll
0x00007ffd330a0000 - 0x00007ffd330f5000 	C:\WINDOWS\System32\shlwapi.dll
0x00007ffd32610000 - 0x00007ffd3262f000 	C:\WINDOWS\SYSTEM32\profapi.dll
0x00007ffd16ec0000 - 0x00007ffd16eda000 	C:\Program Files\Android\Android Studio\jre\bin\net.dll
0x00007ffd28dd0000 - 0x00007ffd28edc000 	C:\WINDOWS\SYSTEM32\WINHTTP.dll
0x00007ffd31e90000 - 0x00007ffd31efa000 	C:\WINDOWS\system32\mswsock.dll
0x00007ffd16ea0000 - 0x00007ffd16eb4000 	C:\Program Files\Android\Android Studio\jre\bin\nio.dll
0x00007ffd2a7f0000 - 0x00007ffd2a817000 	C:\Users\Rizky Awanta Jordhie\.gradle\native\e1d6ef7f7dcc3fd88c89a11ec53ec762bb8ba0a96d01ffa2cd45eb1d1d8dd5c5\windows-amd64\native-platform.dll
0x00007ffccfbe0000 - 0x00007ffccfd24000 	C:\Users\Rizky Awanta Jordhie\.gradle\native\0d407fdbe67a94daf76414ababcb853783967236a71b16ec16e742cd7a986fd3\windows-amd64\native-platform-file-events.dll
0x00007ffd2b420000 - 0x00007ffd2b42a000 	C:\Program Files\Android\Android Studio\jre\bin\management.dll
0x00007ffd2ab20000 - 0x00007ffd2ab2d000 	C:\Program Files\Android\Android Studio\jre\bin\management_ext.dll
0x00007ffd32080000 - 0x00007ffd32098000 	C:\WINDOWS\SYSTEM32\CRYPTSP.dll
0x00007ffd31740000 - 0x00007ffd31774000 	C:\WINDOWS\system32\rsaenh.dll
0x00007ffd326d0000 - 0x00007ffd326f7000 	C:\WINDOWS\System32\bcrypt.dll
0x00007ffd325d0000 - 0x00007ffd325fe000 	C:\WINDOWS\SYSTEM32\USERENV.dll
0x00007ffd320a0000 - 0x00007ffd320ac000 	C:\WINDOWS\SYSTEM32\CRYPTBASE.dll
0x00007ffd31b30000 - 0x00007ffd31b6b000 	C:\WINDOWS\SYSTEM32\IPHLPAPI.DLL
0x00007ffd332a0000 - 0x00007ffd332a8000 	C:\WINDOWS\System32\NSI.dll
0x00007ffd2b1f0000 - 0x00007ffd2b207000 	C:\WINDOWS\SYSTEM32\dhcpcsvc6.DLL
0x00007ffd2b220000 - 0x00007ffd2b23d000 	C:\WINDOWS\SYSTEM32\dhcpcsvc.DLL
0x00007ffd31b70000 - 0x00007ffd31c3a000 	C:\WINDOWS\SYSTEM32\DNSAPI.dll

dbghelp: loaded successfully - version: 4.0.5 - missing functions: none
symbol engine: initialized successfully - sym options: 0x614 - pdb path: .;C:\Program Files\Android\Android Studio\jre\bin;C:\WINDOWS\SYSTEM32;C:\WINDOWS\WinSxS\amd64_microsoft.windows.common-controls_6595b64144ccf1df_6.0.19041.1110_none_60b5254171f9507e;C:\Program Files\Android\Android Studio\jre\bin\server;C:\Users\Rizky Awanta Jordhie\.gradle\native\e1d6ef7f7dcc3fd88c89a11ec53ec762bb8ba0a96d01ffa2cd45eb1d1d8dd5c5\windows-amd64;C:\Users\Rizky Awanta Jordhie\.gradle\native\0d407fdbe67a94daf76414ababcb853783967236a71b16ec16e742cd7a986fd3\windows-amd64

VM Arguments:
jvm_args: --add-opens=java.base/java.util=ALL-UNNAMED --add-opens=java.base/java.lang=ALL-UNNAMED --add-opens=java.base/java.lang.invoke=ALL-UNNAMED --add-opens=java.base/java.util=ALL-UNNAMED --add-opens=java.prefs/java.util.prefs=ALL-UNNAMED --add-opens=java.prefs/java.util.prefs=ALL-UNNAMED --add-opens=java.base/java.nio.charset=ALL-UNNAMED --add-opens=java.base/java.net=ALL-UNNAMED --add-opens=java.base/java.util.concurrent.atomic=ALL-UNNAMED -Xmx2048m -Dfile.encoding=UTF-8 -Duser.country=US -Duser.language=en -Duser.variant 
java_command: org.gradle.launcher.daemon.bootstrap.GradleDaemon 7.4
java_class_path (initial): C:\Users\Rizky Awanta Jordhie\.gradle\wrapper\dists\gradle-7.4-bin\c0gwcg53nkjbqw7r0h0umtfvt\gradle-7.4\lib\gradle-launcher-7.4.jar
Launcher Type: SUN_STANDARD

[Global flags]
     intx CICompilerCount                          = 4                                         {product} {ergonomic}
     uint ConcGCThreads                            = 2                                         {product} {ergonomic}
     uint G1ConcRefinementThreads                  = 8                                         {product} {ergonomic}
   size_t G1HeapRegionSize                         = 1048576                                   {product} {ergonomic}
    uintx GCDrainStackTargetSize                   = 64                                        {product} {ergonomic}
   size_t InitialHeapSize                          = 268435456                                 {product} {ergonomic}
   size_t MarkStackSize                            = 4194304                                   {product} {ergonomic}
   size_t MaxHeapSize                              = 2147483648                                {product} {command line}
   size_t MaxNewSize                               = 1287651328                                {product} {ergonomic}
   size_t MinHeapDeltaBytes                        = 1048576                                   {product} {ergonomic}
    uintx NonNMethodCodeHeapSize                   = 5836300                                {pd product} {ergonomic}
    uintx NonProfiledCodeHeapSize                  = 122910970                              {pd product} {ergonomic}
    uintx ProfiledCodeHeapSize                     = 122910970                              {pd product} {ergonomic}
    uintx ReservedCodeCacheSize                    = 251658240                              {pd product} {ergonomic}
     bool SegmentedCodeCache                       = true                                      {product} {ergonomic}
     bool UseCompressedClassPointers               = true                                 {lp64_product} {ergonomic}
     bool UseCompressedOops                        = true                                 {lp64_product} {ergonomic}
     bool UseG1GC                                  = true                                      {product} {ergonomic}
     bool UseLargePagesIndividualAllocation        = false                                  {pd product} {ergonomic}

Logging:
Log output configuration:
 #0: stdout all=warning uptime,level,tags
 #1: stderr all=off uptime,level,tags

Environment Variables:
PATH=C:\Program Files\Common Files\Oracle\Java\javapath;C:\Program Files (x86)\Common Files\Intel\Shared Libraries\redist\intel64\compiler;c:\programdata\oracle\java\javapath;c:\program files (x86)\intel\icls client\;c:\program files\intel\icls client\;c:\windows\system32;c:\windows;c:\windows\system32\wbem;c:\windows\system32\windowspowershell\v1.0\;c:\program files (x86)\intel\intel(r) management engine components\dal;c:\program files\intel\intel(r) management engine components\dal;c:\program files (x86)\intel\intel(r) management engine components\ipt;c:\program files\intel\intel(r) management engine components\ipt;c:\program files\dotnet\;c:\windows\system32;c:\windows;c:\windows\system32\wbem;c:\windows\system32\windowspowershell\v1.0\;c:\windows\system32\openssh\;c:\android;c:\windows\system32;c:\windows;c:\windows\system32\wbem;c:\windows\system32\windowspowershell\v1.0\;c:\windows\system32\openssh\;c:\program files\crucial\crucial storage executive;c:\program files (x86)\calibre2\;C:\Program Files (x86)\NVIDIA Corporation\PhysX\Common;C:\Gradle\gradle-7.5.1\bin;C:\Program Files\Git\cmd;C:\Users\Rizky Awanta Jordhie\AppData\Local\Programs\Python\Python39\Scripts\;C:\Users\Rizky Awanta Jordhie\AppData\Local\Programs\Python\Python39\;C:\Users\Rizky Awanta Jordhie\AppData\Local\Microsoft\WindowsApps;C:\Users\Rizky Awanta Jordhie\AppData\Local\Programs\Microsoft VS Code\bin;C:\intelFPGA\20.1\modelsim_ase\win32aloem;C:\intelFPGA_lite\21.1\questa_fse\win64;C:\Gradle\gradle-7.5.1\bin;
USERNAME=Rizky Awanta Jordhie
OS=Windows_NT
PROCESSOR_IDENTIFIER=Intel64 Family 6 Model 142 Stepping 10, GenuineIntel



---------------  S Y S T E M  ---------------

OS: Windows 10 , 64 bit Build 19041 (10.0.19041.2251)
OS uptime: 0 days 8:36 hours

CPU:total 8 (initial active 8) (4 cores per cpu, 2 threads per core) family 6 model 142 stepping 10 microcode 0xb4, cmov, cx8, fxsr, mmx, sse, sse2, sse3, ssse3, sse4.1, sse4.2, popcnt, avx, avx2, aes, clmul, erms, 3dnowpref, lzcnt, ht, tsc, tscinvbit, bmi1, bmi2, adx, fma

Memory: 4k page, system-wide physical 16270M (1368M free)
TotalPageFile size 16270M (AvailPageFile size 5M)
current process WorkingSet (physical memory assigned to process): 552M, peak: 552M
current process commit charge ("private bytes"): 598M, peak: 599M

vm_info: OpenJDK 64-Bit Server VM (11.0.13+0-b1751.21-8125866) for windows-amd64 JRE (11.0.13+0-b1751.21-8125866), built on Feb  2 2022 03:00:22 by "builder" with MS VC++ 14.0 (VS2015)

END.
