#
# There is insufficient memory for the Java Runtime Environment to continue.
# Native memory allocation (malloc) failed to allocate 1175616 bytes for Chunk::new
# Possible reasons:
#   The system is out of physical RAM or swap space
#   The process is running with CompressedOops enabled, and the Java Heap may be blocking the growth of the native heap
# Possible solutions:
#   Reduce memory load on the system
#   Increase physical memory or swap space
#   Check if swap backing store is full
#   Decrease Java heap size (-Xmx/-Xms)
#   Decrease number of Java threads
#   Decrease Java thread stack sizes (-Xss)
#   Set larger code cache with -XX:ReservedCodeCacheSize=
#   JVM is running with Unscaled Compressed Oops mode in which the Java heap is
#     placed in the first 4GB address space. The Java Heap base address is the
#     maximum limit for the native heap growth. Please use -XX:HeapBaseMinAddress
#     to set the Java Heap base and to place the Java Heap above 4GB virtual address.
# This output file may be truncated or incomplete.
#
#  Out of Memory Error (./src/hotspot/share/memory/arena.cpp:197), pid=7568, tid=11788
#
# JRE version: OpenJDK Runtime Environment (11.0.13) (build 11.0.13+0-b1751.21-8125866)
# Java VM: OpenJDK 64-Bit Server VM (11.0.13+0-b1751.21-8125866, mixed mode, tiered, compressed oops, g1 gc, windows-amd64)
# No core dump will be written. Minidumps are not enabled by default on client versions of Windows
#

---------------  S U M M A R Y ------------

Command Line: --add-opens=java.base/java.util=ALL-UNNAMED --add-opens=java.base/java.lang=ALL-UNNAMED --add-opens=java.base/java.lang.invoke=ALL-UNNAMED --add-opens=java.base/java.util=ALL-UNNAMED --add-opens=java.prefs/java.util.prefs=ALL-UNNAMED --add-opens=java.prefs/java.util.prefs=ALL-UNNAMED --add-opens=java.base/java.nio.charset=ALL-UNNAMED --add-opens=java.base/java.net=ALL-UNNAMED --add-opens=java.base/java.util.concurrent.atomic=ALL-UNNAMED -Xmx2048m -Dfile.encoding=UTF-8 -Duser.country=US -Duser.language=en -Duser.variant org.gradle.launcher.daemon.bootstrap.GradleDaemon 7.4

Host: Intel(R) Core(TM) i5-8250U CPU @ 1.60GHz, 8 cores, 15G,  Windows 10 , 64 bit Build 19041 (10.0.19041.2251)
Time: Wed Dec 14 05:23:07 2022 SE Asia Standard Time elapsed time: 14.365717 seconds (0d 0h 0m 14s)

---------------  T H R E A D  ---------------

Current thread (0x000001a41ac32800):  JavaThread "C2 CompilerThread2" daemon [_thread_in_native, id=11788, stack(0x0000002ce9b00000,0x0000002ce9c00000)]


Current CompileTask:
C2:  14365 10652 %     4       com.android.tools.r8.dex.i::a @ 310 (1036 bytes)

Stack: [0x0000002ce9b00000,0x0000002ce9c00000]
Native frames: (J=compiled Java code, j=interpreted, Vv=VM code, C=native code)
V  [jvm.dll+0x6100fa]
V  [jvm.dll+0x747090]
V  [jvm.dll+0x7486ad]
V  [jvm.dll+0x748d83]
V  [jvm.dll+0x24ab48]
V  [jvm.dll+0xc04dc]
V  [jvm.dll+0xc0a0c]
V  [jvm.dll+0x2bfab4]
V  [jvm.dll+0x524238]
V  [jvm.dll+0x20b193]
V  [jvm.dll+0x204ca0]
V  [jvm.dll+0x2023c2]
V  [jvm.dll+0x188e01]
V  [jvm.dll+0x21106b]
V  [jvm.dll+0x20f8c1]
V  [jvm.dll+0x70de0f]
V  [jvm.dll+0x706a75]
V  [jvm.dll+0x60ed66]
C  [ucrtbase.dll+0x21bb2]
C  [KERNEL32.DLL+0x174b4]
C  [ntdll.dll+0x526a1]


---------------  P R O C E S S  ---------------

Threads class SMR info:
_java_thread_list=0x000001a42157ba00, length=148, elements={
0x000001a47a910800, 0x000001a4175a1000, 0x000001a4175ae800, 0x000001a417601800,
0x000001a417602800, 0x000001a417605000, 0x000001a41760a800, 0x000001a417617800,
0x000001a417618800, 0x000001a417778800, 0x000001a418afd800, 0x000001a41889c800,
0x000001a417a8d800, 0x000001a41a2ca800, 0x000001a419c82800, 0x000001a419cac000,
0x000001a4199ee800, 0x000001a4199dc800, 0x000001a41967b800, 0x000001a41a1bd800,
0x000001a4190bc800, 0x000001a41a0ba800, 0x000001a41a0bd000, 0x000001a41a0bc800,
0x000001a41ac32800, 0x000001a41a0b7800, 0x000001a41a0be000, 0x000001a41a0b8000,
0x000001a41a0b9000, 0x000001a41a0bb800, 0x000001a41a0ba000, 0x000001a41ccbd800,
0x000001a41ccbc000, 0x000001a41ccbb000, 0x000001a41ccbf000, 0x000001a41ccb9800,
0x000001a41ccc0000, 0x000001a41ccc3800, 0x000001a41ccc2800, 0x000001a41ccc4000,
0x000001a41ccc1800, 0x000001a41ccc5000, 0x000001a41ccc5800, 0x000001a41ccc6800,
0x000001a41ccc1000, 0x000001a41d31a000, 0x000001a41d319000, 0x000001a41d317800,
0x000001a41d31a800, 0x000001a41d31c000, 0x000001a41d31b800, 0x000001a41d318000,
0x000001a41d322000, 0x000001a41d321000, 0x000001a41d31e800, 0x000001a41d31f800,
0x000001a41d320800, 0x000001a41d323000, 0x000001a41d31d000, 0x000001a41d323800,
0x000001a41d31e000, 0x000001a41d324800, 0x000001a41d325000, 0x000001a41d326000,
0x000001a41f03a800, 0x000001a41f03b800, 0x000001a41f03c800, 0x000001a41f03a000,
0x000001a41f037800, 0x000001a41f03d000, 0x000001a41f03e000, 0x000001a41f038000,
0x000001a41f03e800, 0x000001a41f039000, 0x000001a41f040800, 0x000001a41f043000,
0x000001a41f045800, 0x000001a41f041000, 0x000001a41f042000, 0x000001a41f03f800,
0x000001a41f043800, 0x000001a41f044800, 0x000001a41f046000, 0x000001a41e86b800,
0x000001a41e86c800, 0x000001a41e867800, 0x000001a41e868800, 0x000001a41e866800,
0x000001a41e86d800, 0x000001a41e86f000, 0x000001a41e86e000, 0x000001a41e869000,
0x000001a41e86f800, 0x000001a41e86a000, 0x000001a41e86b000, 0x000001a41e871800,
0x000001a41e872000, 0x000001a41e873000, 0x000001a41e874800, 0x000001a41e870800,
0x000001a41e874000, 0x000001a41e875800, 0x000001a419f9e800, 0x000001a419f9f800,
0x000001a419fa0000, 0x000001a419f9d000, 0x000001a419f9e000, 0x000001a419f9c000,
0x000001a419f9a800, 0x000001a419fa1000, 0x000001a419f9b800, 0x000001a419fa6000,
0x000001a419fa3800, 0x000001a419fa2000, 0x000001a419fa5000, 0x000001a419fa7000,
0x000001a419fa7800, 0x000001a419fa8800, 0x000001a419fa2800, 0x000001a419fa4800,
0x000001a419fa9000, 0x000001a41aea6800, 0x000001a41aea7800, 0x000001a41aea4000,
0x000001a41aea5000, 0x000001a41aea9000, 0x000001a41aea8000, 0x000001a41aea3800,
0x000001a41aeac800, 0x000001a41aeaf800, 0x000001a41aeaa800, 0x000001a41aeaa000,
0x000001a41aeab800, 0x000001a41aeae000, 0x000001a41aead000, 0x000001a41aeb0800,
0x000001a41aeb1000, 0x000001a41aeaf000, 0x000001a4216f3000, 0x000001a4216f4800,
0x000001a4216f7000, 0x000001a4216f5800, 0x000001a4216f6800, 0x000001a4216f4000,
0x000001a4216f1800, 0x000001a4216f8000, 0x000001a4216f2000, 0x000001a4216fc000
}

Java Threads: ( => current thread )
  0x000001a47a910800 JavaThread "main" [_thread_blocked, id=24456, stack(0x0000002ce7400000,0x0000002ce7500000)]
  0x000001a4175a1000 JavaThread "Reference Handler" daemon [_thread_blocked, id=16536, stack(0x0000002ce7b00000,0x0000002ce7c00000)]
  0x000001a4175ae800 JavaThread "Finalizer" daemon [_thread_blocked, id=28512, stack(0x0000002ce7c00000,0x0000002ce7d00000)]
  0x000001a417601800 JavaThread "Signal Dispatcher" daemon [_thread_blocked, id=28020, stack(0x0000002ce7d00000,0x0000002ce7e00000)]
  0x000001a417602800 JavaThread "Attach Listener" daemon [_thread_blocked, id=19496, stack(0x0000002ce7e00000,0x0000002ce7f00000)]
  0x000001a417605000 JavaThread "Service Thread" daemon [_thread_blocked, id=16560, stack(0x0000002ce7f00000,0x0000002ce8000000)]
  0x000001a41760a800 JavaThread "C2 CompilerThread0" daemon [_thread_blocked, id=15280, stack(0x0000002ce8000000,0x0000002ce8100000)]
  0x000001a417617800 JavaThread "C1 CompilerThread0" daemon [_thread_blocked, id=23896, stack(0x0000002ce8100000,0x0000002ce8200000)]
  0x000001a417618800 JavaThread "Sweeper thread" daemon [_thread_blocked, id=26172, stack(0x0000002ce8200000,0x0000002ce8300000)]
  0x000001a417778800 JavaThread "Common-Cleaner" daemon [_thread_blocked, id=23292, stack(0x0000002ce8300000,0x0000002ce8400000)]
  0x000001a418afd800 JavaThread "Daemon health stats" [_thread_blocked, id=20172, stack(0x0000002ce8c00000,0x0000002ce8d00000)]
  0x000001a41889c800 JavaThread "Incoming local TCP Connector on port 64379" [_thread_in_native, id=18556, stack(0x0000002ce8500000,0x0000002ce8600000)]
  0x000001a417a8d800 JavaThread "Daemon periodic checks" [_thread_blocked, id=21920, stack(0x0000002ce8b00000,0x0000002ce8c00000)]
  0x000001a41a2ca800 JavaThread "Daemon" [_thread_blocked, id=10520, stack(0x0000002ce8d00000,0x0000002ce8e00000)]
  0x000001a419c82800 JavaThread "Handler for socket connection from /127.0.0.1:64379 to /127.0.0.1:64380" [_thread_in_native, id=7436, stack(0x0000002ce8e00000,0x0000002ce8f00000)]
  0x000001a419cac000 JavaThread "Cancel handler" [_thread_blocked, id=19360, stack(0x0000002ce8f00000,0x0000002ce9000000)]
  0x000001a4199ee800 JavaThread "Daemon worker" [_thread_blocked, id=2024, stack(0x0000002ce9000000,0x0000002ce9100000)]
  0x000001a4199dc800 JavaThread "Asynchronous log dispatcher for DefaultDaemonConnection: socket connection from /127.0.0.1:64379 to /127.0.0.1:64380" [_thread_blocked, id=15456, stack(0x0000002ce9100000,0x0000002ce9200000)]
  0x000001a41967b800 JavaThread "Stdin handler" [_thread_blocked, id=22036, stack(0x0000002ce9200000,0x0000002ce9300000)]
  0x000001a41a1bd800 JavaThread "Daemon client event forwarder" [_thread_blocked, id=18868, stack(0x0000002ce9300000,0x0000002ce9400000)]
  0x000001a4190bc800 JavaThread "C2 CompilerThread1" daemon [_thread_blocked, id=20992, stack(0x0000002ce9400000,0x0000002ce9500000)]
  0x000001a41a0ba800 JavaThread "Cache worker for journal cache (C:\Users\Rizky Awanta Jordhie\.gradle\caches\journal-1)" [_thread_blocked, id=6764, stack(0x0000002ce9500000,0x0000002ce9600000)]
  0x000001a41a0bd000 JavaThread "File lock request listener" [_thread_in_native, id=19020, stack(0x0000002ce9600000,0x0000002ce9700000)]
  0x000001a41a0bc800 JavaThread "Cache worker for file hash cache (C:\Users\Rizky Awanta Jordhie\.gradle\caches\7.4\fileHashes)" [_thread_blocked, id=13940, stack(0x0000002ce9700000,0x0000002ce9800000)]
=>0x000001a41ac32800 JavaThread "C2 CompilerThread2" daemon [_thread_in_native, id=11788, stack(0x0000002ce9b00000,0x0000002ce9c00000)]
  0x000001a41a0b7800 JavaThread "File watcher server" daemon [_thread_in_native, id=17440, stack(0x0000002ce9c00000,0x0000002ce9d00000)]
  0x000001a41a0be000 JavaThread "File watcher consumer" daemon [_thread_blocked, id=19176, stack(0x0000002ce9d00000,0x0000002ce9e00000)]
  0x000001a41a0b8000 JavaThread "Cache worker for checksums cache (C:\Android\AndroidStudioProjects\jsleepandroid\.gradle\7.4\checksums)" [_thread_blocked, id=27684, stack(0x0000002ce9e00000,0x0000002ce9f00000)]
  0x000001a41a0b9000 JavaThread "Cache worker for cache directory md-rule (C:\Users\Rizky Awanta Jordhie\.gradle\caches\7.4\md-rule)" [_thread_blocked, id=16712, stack(0x0000002ce9f00000,0x0000002cea000000)]
  0x000001a41a0bb800 JavaThread "Cache worker for file hash cache (C:\Android\AndroidStudioProjects\jsleepandroid\.gradle\7.4\fileHashes)" [_thread_blocked, id=15852, stack(0x0000002cea000000,0x0000002cea100000)]
  0x000001a41a0ba000 JavaThread "Cache worker for cache directory md-supplier (C:\Users\Rizky Awanta Jordhie\.gradle\caches\7.4\md-supplier)" [_thread_blocked, id=28136, stack(0x0000002cea100000,0x0000002cea200000)]
  0x000001a41ccbd800 JavaThread "Cache worker for execution history cache (C:\Users\Rizky Awanta Jordhie\.gradle\caches\7.4\executionHistory)" [_thread_blocked, id=19444, stack(0x0000002cea200000,0x0000002cea300000)]
  0x000001a41ccbc000 JavaThread "jar transforms" [_thread_blocked, id=17444, stack(0x0000002cea300000,0x0000002cea400000)]
  0x000001a41ccbb000 JavaThread "Cache worker for file content cache (C:\Users\Rizky Awanta Jordhie\.gradle\caches\7.4\fileContent)" [_thread_blocked, id=9768, stack(0x0000002cea400000,0x0000002cea500000)]
  0x000001a41ccbf000 JavaThread "jar transforms Thread 2" [_thread_blocked, id=29088, stack(0x0000002cea500000,0x0000002cea600000)]
  0x000001a41ccb9800 JavaThread "Cache worker for dependencies-accessors (C:\Android\AndroidStudioProjects\jsleepandroid\.gradle\7.4\dependencies-accessors)" [_thread_blocked, id=26044, stack(0x0000002cea600000,0x0000002cea700000)]
  0x000001a41ccc0000 JavaThread "jar transforms Thread 3" [_thread_blocked, id=17616, stack(0x0000002cea700000,0x0000002cea800000)]
  0x000001a41ccc3800 JavaThread "Cache worker for Build Output Cleanup Cache (C:\Android\AndroidStudioProjects\jsleepandroid\.gradle\buildOutputCleanup)" [_thread_blocked, id=20076, stack(0x0000002cea800000,0x0000002cea900000)]
  0x000001a41ccc2800 JavaThread "Unconstrained build operations" [_thread_blocked, id=28636, stack(0x0000002cea900000,0x0000002ceaa00000)]
  0x000001a41ccc4000 JavaThread "Unconstrained build operations Thread 2" [_thread_blocked, id=9600, stack(0x0000002ceaa00000,0x0000002ceab00000)]
  0x000001a41ccc1800 JavaThread "Unconstrained build operations Thread 3" [_thread_blocked, id=15500, stack(0x0000002ceab00000,0x0000002ceac00000)]
  0x000001a41ccc5000 JavaThread "Unconstrained build operations Thread 4" [_thread_blocked, id=23884, stack(0x0000002ceac00000,0x0000002cead00000)]
  0x000001a41ccc5800 JavaThread "Unconstrained build operations Thread 5" [_thread_blocked, id=18036, stack(0x0000002cead00000,0x0000002ceae00000)]
  0x000001a41ccc6800 JavaThread "Unconstrained build operations Thread 6" [_thread_blocked, id=20080, stack(0x0000002ceae00000,0x0000002ceaf00000)]
  0x000001a41ccc1000 JavaThread "Unconstrained build operations Thread 7" [_thread_blocked, id=18916, stack(0x0000002ceaf00000,0x0000002ceb000000)]
  0x000001a41d31a000 JavaThread "Unconstrained build operations Thread 8" [_thread_blocked, id=24720, stack(0x0000002ceb000000,0x0000002ceb100000)]
  0x000001a41d319000 JavaThread "Unconstrained build operations Thread 9" [_thread_blocked, id=29076, stack(0x0000002ceb100000,0x0000002ceb200000)]
  0x000001a41d317800 JavaThread "Unconstrained build operations Thread 10" [_thread_blocked, id=25580, stack(0x0000002ceb200000,0x0000002ceb300000)]
  0x000001a41d31a800 JavaThread "Unconstrained build operations Thread 11" [_thread_blocked, id=28612, stack(0x0000002ceb300000,0x0000002ceb400000)]
  0x000001a41d31c000 JavaThread "Unconstrained build operations Thread 12" [_thread_blocked, id=20248, stack(0x0000002ceb400000,0x0000002ceb500000)]
  0x000001a41d31b800 JavaThread "Unconstrained build operations Thread 13" [_thread_blocked, id=21456, stack(0x0000002ceb500000,0x0000002ceb600000)]
  0x000001a41d318000 JavaThread "Unconstrained build operations Thread 14" [_thread_blocked, id=22004, stack(0x0000002ceb600000,0x0000002ceb700000)]
  0x000001a41d322000 JavaThread "Unconstrained build operations Thread 15" [_thread_blocked, id=21024, stack(0x0000002ceb700000,0x0000002ceb800000)]
  0x000001a41d321000 JavaThread "Unconstrained build operations Thread 16" [_thread_blocked, id=19244, stack(0x0000002ceb800000,0x0000002ceb900000)]
  0x000001a41d31e800 JavaThread "Unconstrained build operations Thread 17" [_thread_blocked, id=22828, stack(0x0000002ceb900000,0x0000002ceba00000)]
  0x000001a41d31f800 JavaThread "Unconstrained build operations Thread 18" [_thread_blocked, id=15272, stack(0x0000002ceba00000,0x0000002cebb00000)]
  0x000001a41d320800 JavaThread "Unconstrained build operations Thread 19" [_thread_blocked, id=24856, stack(0x0000002cebb00000,0x0000002cebc00000)]
  0x000001a41d323000 JavaThread "Unconstrained build operations Thread 20" [_thread_blocked, id=14744, stack(0x0000002cebc00000,0x0000002cebd00000)]
  0x000001a41d31d000 JavaThread "Unconstrained build operations Thread 21" [_thread_blocked, id=24268, stack(0x0000002cebd00000,0x0000002cebe00000)]
  0x000001a41d323800 JavaThread "Unconstrained build operations Thread 22" [_thread_blocked, id=3704, stack(0x0000002cebe00000,0x0000002cebf00000)]
  0x000001a41d31e000 JavaThread "Unconstrained build operations Thread 23" [_thread_blocked, id=21664, stack(0x0000002cebf00000,0x0000002cec000000)]
  0x000001a41d324800 JavaThread "Unconstrained build operations Thread 24" [_thread_blocked, id=27292, stack(0x0000002cec000000,0x0000002cec100000)]
  0x000001a41d325000 JavaThread "Unconstrained build operations Thread 25" [_thread_blocked, id=2824, stack(0x0000002cec100000,0x0000002cec200000)]
  0x000001a41d326000 JavaThread "Unconstrained build operations Thread 26" [_thread_blocked, id=24324, stack(0x0000002cec200000,0x0000002cec300000)]
  0x000001a41f03a800 JavaThread "Unconstrained build operations Thread 27" [_thread_blocked, id=24528, stack(0x0000002cec300000,0x0000002cec400000)]
  0x000001a41f03b800 JavaThread "Unconstrained build operations Thread 28" [_thread_blocked, id=23844, stack(0x0000002cec400000,0x0000002cec500000)]
  0x000001a41f03c800 JavaThread "Unconstrained build operations Thread 29" [_thread_blocked, id=28084, stack(0x0000002cec500000,0x0000002cec600000)]
  0x000001a41f03a000 JavaThread "Unconstrained build operations Thread 30" [_thread_blocked, id=27464, stack(0x0000002cec600000,0x0000002cec700000)]
  0x000001a41f037800 JavaThread "Unconstrained build operations Thread 31" [_thread_blocked, id=19956, stack(0x0000002cec700000,0x0000002cec800000)]
  0x000001a41f03d000 JavaThread "Unconstrained build operations Thread 32" [_thread_blocked, id=24836, stack(0x0000002cec800000,0x0000002cec900000)]
  0x000001a41f03e000 JavaThread "Unconstrained build operations Thread 33" [_thread_blocked, id=23560, stack(0x0000002cec900000,0x0000002ceca00000)]
  0x000001a41f038000 JavaThread "Unconstrained build operations Thread 34" [_thread_blocked, id=23108, stack(0x0000002ceca00000,0x0000002cecb00000)]
  0x000001a41f03e800 JavaThread "Unconstrained build operations Thread 35" [_thread_blocked, id=20312, stack(0x0000002cecb00000,0x0000002cecc00000)]
  0x000001a41f039000 JavaThread "Unconstrained build operations Thread 36" [_thread_blocked, id=16716, stack(0x0000002cecc00000,0x0000002cecd00000)]
  0x000001a41f040800 JavaThread "Unconstrained build operations Thread 37" [_thread_blocked, id=28968, stack(0x0000002cecd00000,0x0000002cece00000)]
  0x000001a41f043000 JavaThread "Unconstrained build operations Thread 38" [_thread_blocked, id=8680, stack(0x0000002cece00000,0x0000002cecf00000)]
  0x000001a41f045800 JavaThread "Unconstrained build operations Thread 39" [_thread_blocked, id=412, stack(0x0000002cecf00000,0x0000002ced000000)]
  0x000001a41f041000 JavaThread "Unconstrained build operations Thread 40" [_thread_blocked, id=28804, stack(0x0000002ced000000,0x0000002ced100000)]
  0x000001a41f042000 JavaThread "Unconstrained build operations Thread 41" [_thread_blocked, id=21252, stack(0x0000002ced100000,0x0000002ced200000)]
  0x000001a41f03f800 JavaThread "Unconstrained build operations Thread 42" [_thread_blocked, id=22532, stack(0x0000002ced200000,0x0000002ced300000)]
  0x000001a41f043800 JavaThread "Unconstrained build operations Thread 43" [_thread_blocked, id=3740, stack(0x0000002ced300000,0x0000002ced400000)]
  0x000001a41f044800 JavaThread "Unconstrained build operations Thread 44" [_thread_blocked, id=25364, stack(0x0000002ced400000,0x0000002ced500000)]
  0x000001a41f046000 JavaThread "Unconstrained build operations Thread 45" [_thread_blocked, id=13596, stack(0x0000002ced500000,0x0000002ced600000)]
  0x000001a41e86b800 JavaThread "Unconstrained build operations Thread 46" [_thread_blocked, id=16708, stack(0x0000002ced600000,0x0000002ced700000)]
  0x000001a41e86c800 JavaThread "Unconstrained build operations Thread 47" [_thread_blocked, id=19220, stack(0x0000002ced700000,0x0000002ced800000)]
  0x000001a41e867800 JavaThread "Unconstrained build operations Thread 48" [_thread_blocked, id=25468, stack(0x0000002ced800000,0x0000002ced900000)]
  0x000001a41e868800 JavaThread "Unconstrained build operations Thread 49" [_thread_blocked, id=16388, stack(0x0000002ced900000,0x0000002ceda00000)]
  0x000001a41e866800 JavaThread "Unconstrained build operations Thread 50" [_thread_blocked, id=22292, stack(0x0000002ceda00000,0x0000002cedb00000)]
  0x000001a41e86d800 JavaThread "Unconstrained build operations Thread 51" [_thread_blocked, id=29052, stack(0x0000002cedb00000,0x0000002cedc00000)]
  0x000001a41e86f000 JavaThread "Unconstrained build operations Thread 52" [_thread_blocked, id=20596, stack(0x0000002cedc00000,0x0000002cedd00000)]
  0x000001a41e86e000 JavaThread "Unconstrained build operations Thread 53" [_thread_blocked, id=8396, stack(0x0000002cedd00000,0x0000002cede00000)]
  0x000001a41e869000 JavaThread "Unconstrained build operations Thread 54" [_thread_blocked, id=28164, stack(0x0000002cede00000,0x0000002cedf00000)]
  0x000001a41e86f800 JavaThread "Unconstrained build operations Thread 55" [_thread_blocked, id=21924, stack(0x0000002cedf00000,0x0000002cee000000)]
  0x000001a41e86a000 JavaThread "Unconstrained build operations Thread 56" [_thread_blocked, id=24824, stack(0x0000002cee000000,0x0000002cee100000)]
  0x000001a41e86b000 JavaThread "Unconstrained build operations Thread 57" [_thread_blocked, id=4044, stack(0x0000002cee100000,0x0000002cee200000)]
  0x000001a41e871800 JavaThread "Unconstrained build operations Thread 58" [_thread_blocked, id=20108, stack(0x0000002cee200000,0x0000002cee300000)]
  0x000001a41e872000 JavaThread "Unconstrained build operations Thread 59" [_thread_blocked, id=24144, stack(0x0000002cee300000,0x0000002cee400000)]
  0x000001a41e873000 JavaThread "Unconstrained build operations Thread 60" [_thread_blocked, id=11664, stack(0x0000002cee400000,0x0000002cee500000)]
  0x000001a41e874800 JavaThread "Unconstrained build operations Thread 61" [_thread_blocked, id=21416, stack(0x0000002cee500000,0x0000002cee600000)]
  0x000001a41e870800 JavaThread "Unconstrained build operations Thread 62" [_thread_blocked, id=27244, stack(0x0000002cee600000,0x0000002cee700000)]
  0x000001a41e874000 JavaThread "Unconstrained build operations Thread 63" [_thread_blocked, id=15112, stack(0x0000002cee700000,0x0000002cee800000)]
  0x000001a41e875800 JavaThread "Unconstrained build operations Thread 64" [_thread_blocked, id=16240, stack(0x0000002cee800000,0x0000002cee900000)]
  0x000001a419f9e800 JavaThread "Unconstrained build operations Thread 65" [_thread_blocked, id=19144, stack(0x0000002cee900000,0x0000002ceea00000)]
  0x000001a419f9f800 JavaThread "Unconstrained build operations Thread 66" [_thread_blocked, id=22060, stack(0x0000002ceea00000,0x0000002ceeb00000)]
  0x000001a419fa0000 JavaThread "Unconstrained build operations Thread 67" [_thread_blocked, id=8672, stack(0x0000002ceeb00000,0x0000002ceec00000)]
  0x000001a419f9d000 JavaThread "Unconstrained build operations Thread 68" [_thread_blocked, id=19016, stack(0x0000002ceec00000,0x0000002ceed00000)]
  0x000001a419f9e000 JavaThread "Unconstrained build operations Thread 69" [_thread_blocked, id=4296, stack(0x0000002ceed00000,0x0000002ceee00000)]
  0x000001a419f9c000 JavaThread "Unconstrained build operations Thread 70" [_thread_blocked, id=20568, stack(0x0000002ceee00000,0x0000002ceef00000)]
  0x000001a419f9a800 JavaThread "Unconstrained build operations Thread 71" [_thread_blocked, id=8856, stack(0x0000002ceef00000,0x0000002cef000000)]
  0x000001a419fa1000 JavaThread "Unconstrained build operations Thread 72" [_thread_blocked, id=17996, stack(0x0000002cef000000,0x0000002cef100000)]
  0x000001a419f9b800 JavaThread "Unconstrained build operations Thread 73" [_thread_blocked, id=27140, stack(0x0000002cef100000,0x0000002cef200000)]
  0x000001a419fa6000 JavaThread "Unconstrained build operations Thread 74" [_thread_blocked, id=17920, stack(0x0000002cef200000,0x0000002cef300000)]
  0x000001a419fa3800 JavaThread "Unconstrained build operations Thread 75" [_thread_blocked, id=29172, stack(0x0000002cef300000,0x0000002cef400000)]
  0x000001a419fa2000 JavaThread "Unconstrained build operations Thread 76" [_thread_blocked, id=20760, stack(0x0000002cef400000,0x0000002cef500000)]
  0x000001a419fa5000 JavaThread "Unconstrained build operations Thread 77" [_thread_blocked, id=4132, stack(0x0000002cef500000,0x0000002cef600000)]
  0x000001a419fa7000 JavaThread "Unconstrained build operations Thread 78" [_thread_blocked, id=25092, stack(0x0000002cef600000,0x0000002cef700000)]
  0x000001a419fa7800 JavaThread "Unconstrained build operations Thread 79" [_thread_blocked, id=22552, stack(0x0000002cef700000,0x0000002cef800000)]
  0x000001a419fa8800 JavaThread "Unconstrained build operations Thread 80" [_thread_blocked, id=15804, stack(0x0000002cef800000,0x0000002cef900000)]
  0x000001a419fa2800 JavaThread "jar transforms Thread 4" [_thread_blocked, id=20748, stack(0x0000002cef900000,0x0000002cefa00000)]
  0x000001a419fa4800 JavaThread "jar transforms Thread 5" [_thread_blocked, id=17096, stack(0x0000002cefa00000,0x0000002cefb00000)]
  0x000001a419fa9000 JavaThread "jar transforms Thread 6" [_thread_blocked, id=21628, stack(0x0000002cefb00000,0x0000002cefc00000)]
  0x000001a41aea6800 JavaThread "jar transforms Thread 7" [_thread_blocked, id=15936, stack(0x0000002cefc00000,0x0000002cefd00000)]
  0x000001a41aea7800 JavaThread "jar transforms Thread 8" [_thread_blocked, id=3880, stack(0x0000002cefd00000,0x0000002cefe00000)]
  0x000001a41aea4000 JavaThread "Memory manager" [_thread_blocked, id=14564, stack(0x0000002cefe00000,0x0000002ceff00000)]
  0x000001a41aea5000 JavaThread "build event listener" [_thread_blocked, id=11612, stack(0x0000002cf0100000,0x0000002cf0200000)]
  0x000001a41aea9000 JavaThread "included builds" [_thread_blocked, id=14096, stack(0x0000002cf0200000,0x0000002cf0300000)]
  0x000001a41aea8000 JavaThread "Execution worker for ':'" [_thread_blocked, id=20580, stack(0x0000002cf0300000,0x0000002cf0400000)]
  0x000001a41aea3800 JavaThread "Execution worker for ':' Thread 2" [_thread_blocked, id=1316, stack(0x0000002cf0400000,0x0000002cf0500000)]
  0x000001a41aeac800 JavaThread "Execution worker for ':' Thread 3" [_thread_blocked, id=19784, stack(0x0000002cf0500000,0x0000002cf0600000)]
  0x000001a41aeaf800 JavaThread "Execution worker for ':' Thread 4" [_thread_blocked, id=28492, stack(0x0000002cf0600000,0x0000002cf0700000)]
  0x000001a41aeaa800 JavaThread "Execution worker for ':' Thread 5" [_thread_blocked, id=20204, stack(0x0000002cf0700000,0x0000002cf0800000)]
  0x000001a41aeaa000 JavaThread "Execution worker for ':' Thread 6" [_thread_blocked, id=22508, stack(0x0000002cf0800000,0x0000002cf0900000)]
  0x000001a41aeab800 JavaThread "Execution worker for ':' Thread 7" [_thread_blocked, id=17596, stack(0x0000002cf0900000,0x0000002cf0a00000)]
  0x000001a41aeae000 JavaThread "Cache worker for execution history cache (C:\Android\AndroidStudioProjects\jsleepandroid\.gradle\7.4\executionHistory)" [_thread_blocked, id=24944, stack(0x0000002cf0a00000,0x0000002cf0b00000)]
  0x000001a41aead000 JavaThread "WorkerExecutor Queue" [_thread_blocked, id=18792, stack(0x0000002cf0b00000,0x0000002cf0c00000)]
  0x000001a41aeb0800 JavaThread "WorkerExecutor Queue Thread 2" [_thread_blocked, id=21620, stack(0x0000002cf0c00000,0x0000002cf0d00000)]
  0x000001a41aeb1000 JavaThread "WorkerExecutor Queue Thread 3" [_thread_blocked, id=4952, stack(0x0000002cf0d00000,0x0000002cf0e00000)]
  0x000001a41aeaf000 JavaThread "pool-3-thread-1" [_thread_blocked, id=14208, stack(0x0000002cf0e00000,0x0000002cf0f00000)]
  0x000001a4216f3000 JavaThread "stderr" [_thread_in_native, id=19292, stack(0x0000002cf0f00000,0x0000002cf1000000)]
  0x000001a4216f4800 JavaThread "stdout" [_thread_in_native, id=19668, stack(0x0000002cf1000000,0x0000002cf1100000)]
  0x000001a4216f7000 JavaThread "ForkJoinPool-1-worker-3" daemon [_thread_blocked, id=21540, stack(0x0000002cf1100000,0x0000002cf1200000)]
  0x000001a4216f5800 JavaThread "ForkJoinPool-1-worker-5" daemon [_thread_blocked, id=19328, stack(0x0000002cf1200000,0x0000002cf1300000)]
  0x000001a4216f6800 JavaThread "ForkJoinPool-1-worker-7" daemon [_thread_blocked, id=780, stack(0x0000002cf1300000,0x0000002cf1400000)]
  0x000001a4216f4000 JavaThread "ForkJoinPool-1-worker-9" daemon [_thread_blocked, id=29436, stack(0x0000002cf1400000,0x0000002cf1500000)]
  0x000001a4216f1800 JavaThread "ForkJoinPool-1-worker-11" daemon [_thread_blocked, id=23716, stack(0x0000002cf1500000,0x0000002cf1600000)]
  0x000001a4216f8000 JavaThread "ForkJoinPool-1-worker-13" daemon [_thread_blocked, id=14808, stack(0x0000002cf1600000,0x0000002cf1700000)]
  0x000001a4216f2000 JavaThread "ForkJoinPool-1-worker-15" daemon [_thread_blocked, id=22780, stack(0x0000002cf1700000,0x0000002cf1800000)]
  0x000001a4216fc000 JavaThread "ForkJoinPool-1-worker-1" daemon [_thread_blocked, id=20824, stack(0x0000002cf1800000,0x0000002cf1900000)]

Other Threads:
  0x000001a41759b000 VMThread "VM Thread" [stack: 0x0000002ce7a00000,0x0000002ce7b00000] [id=23408]
  0x000001a41777d800 WatcherThread [stack: 0x0000002ce8400000,0x0000002ce8500000] [id=5784]
  0x000001a47a928000 GCTaskThread "GC Thread#0" [stack: 0x0000002ce7500000,0x0000002ce7600000] [id=17700]
  0x000001a418abb800 GCTaskThread "GC Thread#1" [stack: 0x0000002ce8600000,0x0000002ce8700000] [id=15312]
  0x000001a418641800 GCTaskThread "GC Thread#2" [stack: 0x0000002ce8700000,0x0000002ce8800000] [id=20096]
  0x000001a417adc000 GCTaskThread "GC Thread#3" [stack: 0x0000002ce8800000,0x0000002ce8900000] [id=29288]
  0x000001a4182a7800 GCTaskThread "GC Thread#4" [stack: 0x0000002ce8900000,0x0000002ce8a00000] [id=20600]
  0x000001a4185fd000 GCTaskThread "GC Thread#5" [stack: 0x0000002ce8a00000,0x0000002ce8b00000] [id=21224]
  0x000001a41a99b000 GCTaskThread "GC Thread#6" [stack: 0x0000002ce9800000,0x0000002ce9900000] [id=10564]
  0x000001a419f42800 GCTaskThread "GC Thread#7" [stack: 0x0000002ce9900000,0x0000002ce9a00000] [id=15408]
  0x000001a47a95a800 ConcurrentGCThread "G1 Main Marker" [stack: 0x0000002ce7600000,0x0000002ce7700000] [id=14924]
  0x000001a47a95c000 ConcurrentGCThread "G1 Conc#0" [stack: 0x0000002ce7700000,0x0000002ce7800000] [id=15724]
  0x000001a4198fb000 ConcurrentGCThread "G1 Conc#1" [stack: 0x0000002ce9a00000,0x0000002ce9b00000] [id=17368]
  0x000001a47a9ee800 ConcurrentGCThread "G1 Refine#0" [stack: 0x0000002ce7800000,0x0000002ce7900000] [id=9044]
  0x000001a41d797800 ConcurrentGCThread "G1 Refine#1" [stack: 0x0000002ceff00000,0x0000002cf0000000] [id=26596]
  0x000001a41ae82000 ConcurrentGCThread "G1 Refine#2" [stack: 0x0000002cf0000000,0x0000002cf0100000] [id=28912]
  0x000001a41a037000 ConcurrentGCThread "G1 Refine#3" [stack: 0x0000002cf1900000,0x0000002cf1a00000] [id=18976]
  0x000001a41ec6c800 ConcurrentGCThread "G1 Refine#4" [stack: 0x0000002cf1a00000,0x0000002cf1b00000] [id=6948]
  0x000001a416bee800 ConcurrentGCThread "G1 Young RemSet Sampling" [stack: 0x0000002ce7900000,0x0000002ce7a00000] [id=28336]

Threads with active compile tasks:
C2 CompilerThread0  14399 11705       4       com.android.tools.r8.graph.P0::b (47 bytes)
C2 CompilerThread1  14399 11795       4       com.android.tools.r8.graph.N::a (294 bytes)
C2 CompilerThread2  14399 10652 %     4       com.android.tools.r8.dex.i::a @ 310 (1036 bytes)

VM state:at safepoint (normal execution)

VM Mutex/Monitor currently owned by a thread:  ([mutex/lock_event])
[0x000001a47a90ce00] Threads_lock - owner thread: 0x000001a41759b000
[0x000001a47a90d160] Heap_lock - owner thread: 0x000001a41aeb1000

Heap address: 0x0000000080000000, size: 2048 MB, Compressed Oops mode: 32-bit
Narrow klass base: 0x0000000000000000, Narrow klass shift: 3
Compressed class space size: 1073741824 Address: 0x0000000100000000

Heap:
 garbage-first heap   total 262144K, used 191475K [0x0000000080000000, 0x0000000100000000)
  region size 1024K, 55 young (56320K), 5 survivors (5120K)
 Metaspace       used 97671K, capacity 100535K, committed 100764K, reserved 1136640K
  class space    used 12925K, capacity 14020K, committed 14028K, reserved 1048576K
Heap Regions: E=young(eden), S=young(survivor), O=old, HS=humongous(starts), HC=humongous(continues), CS=collection set, F=free, A=archive, TAMS=top-at-mark-start (previous, next)
|   0|0x0000000080000000, 0x0000000080100000, 0x0000000080100000|100%| O|  |TAMS 0x0000000080100000, 0x0000000080100000| Untracked 
|   1|0x0000000080100000, 0x0000000080200000, 0x0000000080200000|100%| O|  |TAMS 0x0000000080200000, 0x0000000080200000| Untracked 
|   2|0x0000000080200000, 0x0000000080300000, 0x0000000080300000|100%| O|  |TAMS 0x0000000080300000, 0x0000000080300000| Untracked 
|   3|0x0000000080300000, 0x0000000080400000, 0x0000000080400000|100%|HS|  |TAMS 0x0000000080400000, 0x0000000080400000| Complete 
|   4|0x0000000080400000, 0x0000000080500000, 0x0000000080500000|100%|HC|  |TAMS 0x0000000080500000, 0x0000000080500000| Complete 
|   5|0x0000000080500000, 0x0000000080600000, 0x0000000080600000|100%|HC|  |TAMS 0x0000000080600000, 0x0000000080600000| Complete 
|   6|0x0000000080600000, 0x0000000080700000, 0x0000000080700000|100%| O|  |TAMS 0x0000000080700000, 0x0000000080700000| Untracked 
|   7|0x0000000080700000, 0x0000000080800000, 0x0000000080800000|100%| O|  |TAMS 0x0000000080800000, 0x0000000080800000| Untracked 
|   8|0x0000000080800000, 0x0000000080900000, 0x0000000080900000|100%| O|  |TAMS 0x0000000080900000, 0x0000000080900000| Untracked 
|   9|0x0000000080900000, 0x0000000080a00000, 0x0000000080a00000|100%| O|  |TAMS 0x0000000080a00000, 0x0000000080a00000| Untracked 
|  10|0x0000000080a00000, 0x0000000080b00000, 0x0000000080b00000|100%| O|  |TAMS 0x0000000080b00000, 0x0000000080b00000| Untracked 
|  11|0x0000000080b00000, 0x0000000080c00000, 0x0000000080c00000|100%| O|  |TAMS 0x0000000080c00000, 0x0000000080c00000| Untracked 
|  12|0x0000000080c00000, 0x0000000080d00000, 0x0000000080d00000|100%| O|  |TAMS 0x0000000080d00000, 0x0000000080d00000| Untracked 
|  13|0x0000000080d00000, 0x0000000080e00000, 0x0000000080e00000|100%| O|  |TAMS 0x0000000080e00000, 0x0000000080e00000| Untracked 
|  14|0x0000000080e00000, 0x0000000080f00000, 0x0000000080f00000|100%| O|  |TAMS 0x0000000080f00000, 0x0000000080f00000| Untracked 
|  15|0x0000000080f00000, 0x0000000081000000, 0x0000000081000000|100%| O|  |TAMS 0x0000000081000000, 0x0000000081000000| Untracked 
|  16|0x0000000081000000, 0x0000000081100000, 0x0000000081100000|100%| O|  |TAMS 0x0000000081100000, 0x0000000081100000| Untracked 
|  17|0x0000000081100000, 0x0000000081200000, 0x0000000081200000|100%|HS|  |TAMS 0x0000000081200000, 0x0000000081200000| Complete 
|  18|0x0000000081200000, 0x0000000081300000, 0x0000000081300000|100%|HS|  |TAMS 0x0000000081300000, 0x0000000081300000| Complete 
|  19|0x0000000081300000, 0x0000000081400000, 0x0000000081400000|100%| O|  |TAMS 0x0000000081400000, 0x0000000081400000| Untracked 
|  20|0x0000000081400000, 0x0000000081500000, 0x0000000081500000|100%|HS|  |TAMS 0x0000000081500000, 0x0000000081500000| Complete 
|  21|0x0000000081500000, 0x0000000081600000, 0x0000000081600000|100%|HC|  |TAMS 0x0000000081600000, 0x0000000081600000| Complete 
|  22|0x0000000081600000, 0x0000000081700000, 0x0000000081700000|100%| O|  |TAMS 0x0000000081700000, 0x0000000081700000| Untracked 
|  23|0x0000000081700000, 0x0000000081800000, 0x0000000081800000|100%| O|  |TAMS 0x0000000081800000, 0x0000000081800000| Untracked 
|  24|0x0000000081800000, 0x0000000081900000, 0x0000000081900000|100%| O|  |TAMS 0x0000000081900000, 0x0000000081900000| Untracked 
|  25|0x0000000081900000, 0x0000000081a00000, 0x0000000081a00000|100%| O|  |TAMS 0x0000000081a00000, 0x0000000081a00000| Untracked 
|  26|0x0000000081a00000, 0x0000000081b00000, 0x0000000081b00000|100%| O|  |TAMS 0x0000000081b00000, 0x0000000081b00000| Untracked 
|  27|0x0000000081b00000, 0x0000000081c00000, 0x0000000081c00000|100%| O|  |TAMS 0x0000000081c00000, 0x0000000081c00000| Untracked 
|  28|0x0000000081c00000, 0x0000000081d00000, 0x0000000081d00000|100%| O|  |TAMS 0x0000000081d00000, 0x0000000081d00000| Untracked 
|  29|0x0000000081d00000, 0x0000000081e00000, 0x0000000081e00000|100%| O|  |TAMS 0x0000000081e00000, 0x0000000081e00000| Untracked 
|  30|0x0000000081e00000, 0x0000000081f00000, 0x0000000081f00000|100%| O|  |TAMS 0x0000000081f00000, 0x0000000081f00000| Untracked 
|  31|0x0000000081f00000, 0x0000000082000000, 0x0000000082000000|100%| O|  |TAMS 0x0000000082000000, 0x0000000082000000| Untracked 
|  32|0x0000000082000000, 0x0000000082100000, 0x0000000082100000|100%| O|  |TAMS 0x0000000082058e00, 0x0000000082100000| Untracked 
|  33|0x0000000082100000, 0x0000000082200000, 0x0000000082200000|100%| O|  |TAMS 0x0000000082100000, 0x0000000082200000| Untracked 
|  34|0x0000000082200000, 0x0000000082300000, 0x0000000082300000|100%| O|  |TAMS 0x0000000082200000, 0x0000000082300000| Untracked 
|  35|0x0000000082300000, 0x0000000082400000, 0x0000000082400000|100%| O|  |TAMS 0x0000000082300000, 0x0000000082400000| Untracked 
|  36|0x0000000082400000, 0x0000000082500000, 0x0000000082500000|100%| O|  |TAMS 0x0000000082400000, 0x0000000082500000| Untracked 
|  37|0x0000000082500000, 0x0000000082600000, 0x0000000082600000|100%| O|  |TAMS 0x0000000082500000, 0x0000000082600000| Untracked 
|  38|0x0000000082600000, 0x0000000082700000, 0x0000000082700000|100%| O|  |TAMS 0x0000000082600000, 0x0000000082700000| Untracked 
|  39|0x0000000082700000, 0x0000000082800000, 0x0000000082800000|100%| O|  |TAMS 0x0000000082700000, 0x0000000082800000| Untracked 
|  40|0x0000000082800000, 0x0000000082900000, 0x0000000082900000|100%| O|  |TAMS 0x0000000082800000, 0x0000000082900000| Untracked 
|  41|0x0000000082900000, 0x0000000082a00000, 0x0000000082a00000|100%| O|  |TAMS 0x0000000082900000, 0x0000000082a00000| Untracked 
|  42|0x0000000082a00000, 0x0000000082b00000, 0x0000000082b00000|100%| O|  |TAMS 0x0000000082a00000, 0x0000000082b00000| Untracked 
|  43|0x0000000082b00000, 0x0000000082c00000, 0x0000000082c00000|100%| O|  |TAMS 0x0000000082b00000, 0x0000000082c00000| Untracked 
|  44|0x0000000082c00000, 0x0000000082d00000, 0x0000000082d00000|100%| O|  |TAMS 0x0000000082c00000, 0x0000000082d00000| Untracked 
|  45|0x0000000082d00000, 0x0000000082e00000, 0x0000000082e00000|100%| O|  |TAMS 0x0000000082d00000, 0x0000000082e00000| Untracked 
|  46|0x0000000082e00000, 0x0000000082f00000, 0x0000000082f00000|100%| O|  |TAMS 0x0000000082e00000, 0x0000000082f00000| Untracked 
|  47|0x0000000082f00000, 0x0000000083000000, 0x0000000083000000|100%| O|  |TAMS 0x0000000082f00000, 0x0000000083000000| Untracked 
|  48|0x0000000083000000, 0x0000000083100000, 0x0000000083100000|100%| O|  |TAMS 0x0000000083000000, 0x0000000083100000| Untracked 
|  49|0x0000000083100000, 0x0000000083200000, 0x0000000083200000|100%| O|  |TAMS 0x0000000083100000, 0x0000000083200000| Untracked 
|  50|0x0000000083200000, 0x0000000083300000, 0x0000000083300000|100%| O|  |TAMS 0x0000000083200000, 0x0000000083300000| Untracked 
|  51|0x0000000083300000, 0x0000000083400000, 0x0000000083400000|100%| O|  |TAMS 0x0000000083300000, 0x0000000083400000| Untracked 
|  52|0x0000000083400000, 0x0000000083500000, 0x0000000083500000|100%| O|  |TAMS 0x0000000083400000, 0x0000000083500000| Untracked 
|  53|0x0000000083500000, 0x0000000083600000, 0x0000000083600000|100%| O|  |TAMS 0x0000000083500000, 0x0000000083600000| Untracked 
|  54|0x0000000083600000, 0x0000000083700000, 0x0000000083700000|100%|HS|  |TAMS 0x0000000083600000, 0x0000000083700000| Complete 
|  55|0x0000000083700000, 0x0000000083800000, 0x0000000083800000|100%|HC|  |TAMS 0x0000000083700000, 0x0000000083800000| Complete 
|  56|0x0000000083800000, 0x0000000083900000, 0x0000000083900000|100%|HS|  |TAMS 0x0000000083800000, 0x0000000083900000| Complete 
|  57|0x0000000083900000, 0x0000000083a00000, 0x0000000083a00000|100%|HS|  |TAMS 0x0000000083900000, 0x0000000083a00000| Complete 
|  58|0x0000000083a00000, 0x0000000083b00000, 0x0000000083b00000|100%|HS|  |TAMS 0x0000000083a00000, 0x0000000083b00000| Complete 
|  59|0x0000000083b00000, 0x0000000083c00000, 0x0000000083c00000|100%| O|  |TAMS 0x0000000083b00000, 0x0000000083c00000| Untracked 
|  60|0x0000000083c00000, 0x0000000083d00000, 0x0000000083d00000|100%| O|  |TAMS 0x0000000083c00000, 0x0000000083d00000| Untracked 
|  61|0x0000000083d00000, 0x0000000083e00000, 0x0000000083e00000|100%| O|  |TAMS 0x0000000083d00000, 0x0000000083e00000| Untracked 
|  62|0x0000000083e00000, 0x0000000083f00000, 0x0000000083f00000|100%|HS|  |TAMS 0x0000000083e00000, 0x0000000083f00000| Complete 
|  63|0x0000000083f00000, 0x0000000084000000, 0x0000000084000000|100%|HC|  |TAMS 0x0000000083f00000, 0x0000000084000000| Complete 
|  64|0x0000000084000000, 0x0000000084100000, 0x0000000084100000|100%| O|  |TAMS 0x0000000084000000, 0x0000000084100000| Untracked 
|  65|0x0000000084100000, 0x0000000084200000, 0x0000000084200000|100%|HS|  |TAMS 0x0000000084100000, 0x0000000084200000| Complete 
|  66|0x0000000084200000, 0x0000000084300000, 0x0000000084300000|100%| O|  |TAMS 0x0000000084200000, 0x0000000084300000| Untracked 
|  67|0x0000000084300000, 0x0000000084400000, 0x0000000084400000|100%|HS|  |TAMS 0x0000000084300000, 0x0000000084400000| Complete 
|  68|0x0000000084400000, 0x0000000084500000, 0x0000000084500000|100%| O|  |TAMS 0x0000000084400000, 0x0000000084500000| Untracked 
|  69|0x0000000084500000, 0x0000000084600000, 0x0000000084600000|100%|HS|  |TAMS 0x0000000084500000, 0x0000000084600000| Complete 
|  70|0x0000000084600000, 0x0000000084700000, 0x0000000084700000|100%| O|  |TAMS 0x0000000084600000, 0x0000000084700000| Untracked 
|  71|0x0000000084700000, 0x0000000084800000, 0x0000000084800000|100%| O|  |TAMS 0x0000000084700000, 0x0000000084800000| Untracked 
|  72|0x0000000084800000, 0x0000000084900000, 0x0000000084900000|100%| O|  |TAMS 0x0000000084800000, 0x0000000084900000| Untracked 
|  73|0x0000000084900000, 0x0000000084a00000, 0x0000000084a00000|100%| O|  |TAMS 0x0000000084900000, 0x0000000084a00000| Untracked 
|  74|0x0000000084a00000, 0x0000000084b00000, 0x0000000084b00000|100%| O|  |TAMS 0x0000000084a00000, 0x0000000084b00000| Untracked 
|  75|0x0000000084b00000, 0x0000000084c00000, 0x0000000084c00000|100%| O|  |TAMS 0x0000000084b00000, 0x0000000084c00000| Untracked 
|  76|0x0000000084c00000, 0x0000000084d00000, 0x0000000084d00000|100%| O|  |TAMS 0x0000000084c00000, 0x0000000084d00000| Untracked 
|  77|0x0000000084d00000, 0x0000000084e00000, 0x0000000084e00000|100%| O|  |TAMS 0x0000000084d00000, 0x0000000084e00000| Untracked 
|  78|0x0000000084e00000, 0x0000000084f00000, 0x0000000084f00000|100%| O|  |TAMS 0x0000000084e00000, 0x0000000084f00000| Untracked 
|  79|0x0000000084f00000, 0x0000000085000000, 0x0000000085000000|100%| O|  |TAMS 0x0000000084f00000, 0x0000000085000000| Untracked 
|  80|0x0000000085000000, 0x0000000085100000, 0x0000000085100000|100%| O|  |TAMS 0x0000000085000000, 0x0000000085100000| Untracked 
|  81|0x0000000085100000, 0x0000000085200000, 0x0000000085200000|100%| O|  |TAMS 0x0000000085100000, 0x0000000085200000| Untracked 
|  82|0x0000000085200000, 0x0000000085300000, 0x0000000085300000|100%| O|  |TAMS 0x0000000085200000, 0x0000000085300000| Untracked 
|  83|0x0000000085300000, 0x0000000085400000, 0x0000000085400000|100%| O|  |TAMS 0x0000000085300000, 0x0000000085400000| Untracked 
|  84|0x0000000085400000, 0x0000000085500000, 0x0000000085500000|100%| O|  |TAMS 0x0000000085400000, 0x0000000085500000| Untracked 
|  85|0x0000000085500000, 0x0000000085600000, 0x0000000085600000|100%| O|  |TAMS 0x0000000085500000, 0x0000000085600000| Untracked 
|  86|0x0000000085600000, 0x0000000085700000, 0x0000000085700000|100%| O|  |TAMS 0x0000000085600000, 0x0000000085700000| Untracked 
|  87|0x0000000085700000, 0x0000000085800000, 0x0000000085800000|100%| O|  |TAMS 0x0000000085700000, 0x0000000085800000| Untracked 
|  88|0x0000000085800000, 0x0000000085900000, 0x0000000085900000|100%| O|  |TAMS 0x0000000085800000, 0x0000000085900000| Untracked 
|  89|0x0000000085900000, 0x0000000085a00000, 0x0000000085a00000|100%| O|  |TAMS 0x0000000085900000, 0x0000000085a00000| Untracked 
|  90|0x0000000085a00000, 0x0000000085b00000, 0x0000000085b00000|100%| O|  |TAMS 0x0000000085a00000, 0x0000000085b00000| Untracked 
|  91|0x0000000085b00000, 0x0000000085c00000, 0x0000000085c00000|100%| O|  |TAMS 0x0000000085b00000, 0x0000000085c00000| Untracked 
|  92|0x0000000085c00000, 0x0000000085d00000, 0x0000000085d00000|100%| O|  |TAMS 0x0000000085c00000, 0x0000000085d00000| Untracked 
|  93|0x0000000085d00000, 0x0000000085e00000, 0x0000000085e00000|100%| O|  |TAMS 0x0000000085d00000, 0x0000000085e00000| Untracked 
|  94|0x0000000085e00000, 0x0000000085f00000, 0x0000000085f00000|100%| O|  |TAMS 0x0000000085e00000, 0x0000000085f00000| Untracked 
|  95|0x0000000085f00000, 0x0000000086000000, 0x0000000086000000|100%| O|  |TAMS 0x0000000085f00000, 0x0000000086000000| Untracked 
|  96|0x0000000086000000, 0x0000000086100000, 0x0000000086100000|100%| O|  |TAMS 0x0000000086000000, 0x0000000086100000| Untracked 
|  97|0x0000000086100000, 0x0000000086200000, 0x0000000086200000|100%| O|  |TAMS 0x0000000086100000, 0x0000000086200000| Untracked 
|  98|0x0000000086200000, 0x0000000086300000, 0x0000000086300000|100%| O|  |TAMS 0x0000000086200000, 0x0000000086300000| Untracked 
|  99|0x0000000086300000, 0x0000000086400000, 0x0000000086400000|100%| O|  |TAMS 0x0000000086300000, 0x0000000086400000| Untracked 
| 100|0x0000000086400000, 0x0000000086500000, 0x0000000086500000|100%| O|  |TAMS 0x0000000086400000, 0x0000000086500000| Untracked 
| 101|0x0000000086500000, 0x0000000086600000, 0x0000000086600000|100%| O|  |TAMS 0x0000000086500000, 0x0000000086600000| Untracked 
| 102|0x0000000086600000, 0x0000000086700000, 0x0000000086700000|100%| O|  |TAMS 0x0000000086600000, 0x0000000086700000| Untracked 
| 103|0x0000000086700000, 0x0000000086800000, 0x0000000086800000|100%| O|  |TAMS 0x0000000086700000, 0x0000000086800000| Untracked 
| 104|0x0000000086800000, 0x0000000086900000, 0x0000000086900000|100%| O|  |TAMS 0x0000000086800000, 0x0000000086900000| Untracked 
| 105|0x0000000086900000, 0x0000000086a00000, 0x0000000086a00000|100%| O|  |TAMS 0x0000000086900000, 0x0000000086a00000| Untracked 
| 106|0x0000000086a00000, 0x0000000086b00000, 0x0000000086b00000|100%| O|  |TAMS 0x0000000086a00000, 0x0000000086b00000| Untracked 
| 107|0x0000000086b00000, 0x0000000086c00000, 0x0000000086c00000|100%| O|  |TAMS 0x0000000086b00000, 0x0000000086c00000| Untracked 
| 108|0x0000000086c00000, 0x0000000086d00000, 0x0000000086d00000|100%| O|  |TAMS 0x0000000086c00000, 0x0000000086d00000| Untracked 
| 109|0x0000000086d00000, 0x0000000086e00000, 0x0000000086e00000|100%| O|  |TAMS 0x0000000086d00000, 0x0000000086e00000| Untracked 
| 110|0x0000000086e00000, 0x0000000086f00000, 0x0000000086f00000|100%| O|  |TAMS 0x0000000086e00000, 0x0000000086f00000| Untracked 
| 111|0x0000000086f00000, 0x0000000087000000, 0x0000000087000000|100%| O|  |TAMS 0x0000000086f00000, 0x0000000087000000| Untracked 
| 112|0x0000000087000000, 0x0000000087100000, 0x0000000087100000|100%| O|  |TAMS 0x0000000087000000, 0x0000000087100000| Untracked 
| 113|0x0000000087100000, 0x0000000087200000, 0x0000000087200000|100%| O|  |TAMS 0x0000000087100000, 0x0000000087200000| Untracked 
| 114|0x0000000087200000, 0x0000000087300000, 0x0000000087300000|100%| O|  |TAMS 0x0000000087200000, 0x0000000087300000| Untracked 
| 115|0x0000000087300000, 0x0000000087400000, 0x0000000087400000|100%| O|  |TAMS 0x0000000087300000, 0x0000000087400000| Untracked 
| 116|0x0000000087400000, 0x0000000087500000, 0x0000000087500000|100%| O|  |TAMS 0x0000000087400000, 0x0000000087500000| Untracked 
| 117|0x0000000087500000, 0x0000000087600000, 0x0000000087600000|100%| O|  |TAMS 0x0000000087500000, 0x0000000087600000| Untracked 
| 118|0x0000000087600000, 0x0000000087700000, 0x0000000087700000|100%| O|  |TAMS 0x0000000087600000, 0x0000000087700000| Untracked 
| 119|0x0000000087700000, 0x0000000087800000, 0x0000000087800000|100%| O|  |TAMS 0x0000000087700000, 0x0000000087800000| Untracked 
| 120|0x0000000087800000, 0x0000000087900000, 0x0000000087900000|100%| O|  |TAMS 0x0000000087800000, 0x0000000087900000| Untracked 
| 121|0x0000000087900000, 0x0000000087a00000, 0x0000000087a00000|100%| O|  |TAMS 0x0000000087900000, 0x0000000087a00000| Untracked 
| 122|0x0000000087a00000, 0x0000000087b00000, 0x0000000087b00000|100%| O|  |TAMS 0x0000000087a00000, 0x0000000087b00000| Untracked 
| 123|0x0000000087b00000, 0x0000000087c00000, 0x0000000087c00000|100%| O|  |TAMS 0x0000000087b00000, 0x0000000087c00000| Untracked 
| 124|0x0000000087c00000, 0x0000000087d00000, 0x0000000087d00000|100%| O|  |TAMS 0x0000000087c00000, 0x0000000087d00000| Untracked 
| 125|0x0000000087d00000, 0x0000000087e00000, 0x0000000087e00000|100%| O|  |TAMS 0x0000000087d00000, 0x0000000087e00000| Untracked 
| 126|0x0000000087e00000, 0x0000000087f00000, 0x0000000087f00000|100%| O|  |TAMS 0x0000000087e00000, 0x0000000087f00000| Untracked 
| 127|0x0000000087f00000, 0x0000000088000000, 0x0000000088000000|100%| O|  |TAMS 0x0000000087f00000, 0x0000000088000000| Untracked 
| 128|0x0000000088000000, 0x0000000088100000, 0x0000000088100000|100%| O|  |TAMS 0x0000000088000000, 0x0000000088100000| Untracked 
| 129|0x0000000088100000, 0x0000000088180000, 0x0000000088200000| 50%| O|  |TAMS 0x0000000088100000, 0x0000000088200000| Untracked 
| 130|0x0000000088200000, 0x0000000088200000, 0x0000000088300000|  0%| F|  |TAMS 0x0000000088200000, 0x0000000088200000| Untracked 
| 131|0x0000000088300000, 0x0000000088400000, 0x0000000088400000|100%| O|  |TAMS 0x0000000088300000, 0x0000000088400000| Untracked 
| 132|0x0000000088400000, 0x0000000088500000, 0x0000000088500000|100%| O|  |TAMS 0x0000000088400000, 0x0000000088500000| Untracked 
| 133|0x0000000088500000, 0x0000000088600000, 0x0000000088600000|100%| O|  |TAMS 0x0000000088500000, 0x0000000088600000| Untracked 
| 134|0x0000000088600000, 0x0000000088700000, 0x0000000088700000|100%| O|  |TAMS 0x0000000088600000, 0x0000000088700000| Untracked 
| 135|0x0000000088700000, 0x0000000088800000, 0x0000000088800000|100%| O|  |TAMS 0x0000000088700000, 0x0000000088800000| Untracked 
| 136|0x0000000088800000, 0x0000000088900000, 0x0000000088900000|100%| O|  |TAMS 0x0000000088800000, 0x0000000088900000| Untracked 
| 137|0x0000000088900000, 0x0000000088a00000, 0x0000000088a00000|100%| O|  |TAMS 0x0000000088900000, 0x0000000088a00000| Untracked 
| 138|0x0000000088a00000, 0x0000000088b00000, 0x0000000088b00000|100%| O|  |TAMS 0x0000000088a00000, 0x0000000088b00000| Untracked 
| 139|0x0000000088b00000, 0x0000000088c00000, 0x0000000088c00000|100%| O|  |TAMS 0x0000000088b00000, 0x0000000088c00000| Untracked 
| 140|0x0000000088c00000, 0x0000000088c00000, 0x0000000088d00000|  0%| F|  |TAMS 0x0000000088c00000, 0x0000000088c00000| Untracked 
| 141|0x0000000088d00000, 0x0000000088d00000, 0x0000000088e00000|  0%| F|  |TAMS 0x0000000088d00000, 0x0000000088d00000| Untracked 
| 142|0x0000000088e00000, 0x0000000088e00000, 0x0000000088f00000|  0%| F|  |TAMS 0x0000000088e00000, 0x0000000088e00000| Untracked 
| 143|0x0000000088f00000, 0x0000000088f00000, 0x0000000089000000|  0%| F|  |TAMS 0x0000000088f00000, 0x0000000088f00000| Untracked 
| 144|0x0000000089000000, 0x0000000089000000, 0x0000000089100000|  0%| F|  |TAMS 0x0000000089000000, 0x0000000089000000| Untracked 
| 145|0x0000000089100000, 0x0000000089100000, 0x0000000089200000|  0%| F|  |TAMS 0x0000000089100000, 0x0000000089100000| Untracked 
| 146|0x0000000089200000, 0x0000000089300000, 0x0000000089300000|100%| E|CS|TAMS 0x0000000089200000, 0x0000000089300000| Complete 
| 147|0x0000000089300000, 0x0000000089400000, 0x0000000089400000|100%| E|CS|TAMS 0x0000000089300000, 0x0000000089400000| Complete 
| 148|0x0000000089400000, 0x0000000089500000, 0x0000000089500000|100%| E|CS|TAMS 0x0000000089400000, 0x0000000089500000| Complete 
| 149|0x0000000089500000, 0x0000000089600000, 0x0000000089600000|100%| E|CS|TAMS 0x0000000089500000, 0x0000000089600000| Complete 
| 150|0x0000000089600000, 0x0000000089700000, 0x0000000089700000|100%| E|CS|TAMS 0x0000000089600000, 0x0000000089700000| Complete 
| 151|0x0000000089700000, 0x0000000089800000, 0x0000000089800000|100%| E|CS|TAMS 0x0000000089700000, 0x0000000089800000| Complete 
| 152|0x0000000089800000, 0x0000000089900000, 0x0000000089900000|100%| E|CS|TAMS 0x0000000089800000, 0x0000000089900000| Complete 
| 153|0x0000000089900000, 0x0000000089a00000, 0x0000000089a00000|100%| E|CS|TAMS 0x0000000089900000, 0x0000000089a00000| Complete 
| 154|0x0000000089a00000, 0x0000000089b00000, 0x0000000089b00000|100%| E|CS|TAMS 0x0000000089a00000, 0x0000000089b00000| Complete 
| 155|0x0000000089b00000, 0x0000000089c00000, 0x0000000089c00000|100%| E|CS|TAMS 0x0000000089b00000, 0x0000000089c00000| Complete 
| 156|0x0000000089c00000, 0x0000000089d00000, 0x0000000089d00000|100%| E|CS|TAMS 0x0000000089c00000, 0x0000000089d00000| Complete 
| 157|0x0000000089d00000, 0x0000000089e00000, 0x0000000089e00000|100%| E|CS|TAMS 0x0000000089d00000, 0x0000000089e00000| Complete 
| 158|0x0000000089e00000, 0x0000000089f00000, 0x0000000089f00000|100%| E|CS|TAMS 0x0000000089e00000, 0x0000000089f00000| Complete 
| 159|0x0000000089f00000, 0x000000008a000000, 0x000000008a000000|100%| E|CS|TAMS 0x0000000089f00000, 0x000000008a000000| Complete 
| 160|0x000000008a000000, 0x000000008a100000, 0x000000008a100000|100%| E|CS|TAMS 0x000000008a000000, 0x000000008a100000| Complete 
| 161|0x000000008a100000, 0x000000008a100000, 0x000000008a200000|  0%| F|  |TAMS 0x000000008a100000, 0x000000008a100000| Untracked 
| 162|0x000000008a200000, 0x000000008a200000, 0x000000008a300000|  0%| F|  |TAMS 0x000000008a200000, 0x000000008a200000| Untracked 
| 163|0x000000008a300000, 0x000000008a300000, 0x000000008a400000|  0%| F|  |TAMS 0x000000008a300000, 0x000000008a300000| Untracked 
| 164|0x000000008a400000, 0x000000008a400000, 0x000000008a500000|  0%| F|  |TAMS 0x000000008a400000, 0x000000008a400000| Untracked 
| 165|0x000000008a500000, 0x000000008a500000, 0x000000008a600000|  0%| F|  |TAMS 0x000000008a500000, 0x000000008a500000| Untracked 
| 166|0x000000008a600000, 0x000000008a600000, 0x000000008a700000|  0%| F|  |TAMS 0x000000008a600000, 0x000000008a600000| Untracked 
| 167|0x000000008a700000, 0x000000008a700000, 0x000000008a800000|  0%| F|  |TAMS 0x000000008a700000, 0x000000008a700000| Untracked 
| 168|0x000000008a800000, 0x000000008a800000, 0x000000008a900000|  0%| F|  |TAMS 0x000000008a800000, 0x000000008a800000| Untracked 
| 169|0x000000008a900000, 0x000000008a900000, 0x000000008aa00000|  0%| F|  |TAMS 0x000000008a900000, 0x000000008a900000| Untracked 
| 170|0x000000008aa00000, 0x000000008aa00000, 0x000000008ab00000|  0%| F|  |TAMS 0x000000008aa00000, 0x000000008aa00000| Untracked 
| 171|0x000000008ab00000, 0x000000008ab00000, 0x000000008ac00000|  0%| F|  |TAMS 0x000000008ab00000, 0x000000008ab00000| Untracked 
| 172|0x000000008ac00000, 0x000000008ac00000, 0x000000008ad00000|  0%| F|  |TAMS 0x000000008ac00000, 0x000000008ac00000| Untracked 
| 173|0x000000008ad00000, 0x000000008ad00000, 0x000000008ae00000|  0%| F|  |TAMS 0x000000008ad00000, 0x000000008ad00000| Untracked 
| 174|0x000000008ae00000, 0x000000008ae00000, 0x000000008af00000|  0%| F|  |TAMS 0x000000008ae00000, 0x000000008ae00000| Untracked 
| 175|0x000000008af00000, 0x000000008af00000, 0x000000008b000000|  0%| F|  |TAMS 0x000000008af00000, 0x000000008af00000| Untracked 
| 176|0x000000008b000000, 0x000000008b000000, 0x000000008b100000|  0%| F|  |TAMS 0x000000008b000000, 0x000000008b000000| Untracked 
| 177|0x000000008b100000, 0x000000008b100000, 0x000000008b200000|  0%| F|  |TAMS 0x000000008b100000, 0x000000008b100000| Untracked 
| 178|0x000000008b200000, 0x000000008b200000, 0x000000008b300000|  0%| F|  |TAMS 0x000000008b200000, 0x000000008b200000| Untracked 
| 179|0x000000008b300000, 0x000000008b300000, 0x000000008b400000|  0%| F|  |TAMS 0x000000008b300000, 0x000000008b300000| Untracked 
| 180|0x000000008b400000, 0x000000008b400000, 0x000000008b500000|  0%| F|  |TAMS 0x000000008b400000, 0x000000008b400000| Untracked 
| 181|0x000000008b500000, 0x000000008b500000, 0x000000008b600000|  0%| F|  |TAMS 0x000000008b500000, 0x000000008b500000| Untracked 
| 182|0x000000008b600000, 0x000000008b600000, 0x000000008b700000|  0%| F|  |TAMS 0x000000008b600000, 0x000000008b600000| Untracked 
| 183|0x000000008b700000, 0x000000008b700000, 0x000000008b800000|  0%| F|  |TAMS 0x000000008b700000, 0x000000008b700000| Untracked 
| 184|0x000000008b800000, 0x000000008b800000, 0x000000008b900000|  0%| F|  |TAMS 0x000000008b800000, 0x000000008b800000| Untracked 
| 185|0x000000008b900000, 0x000000008b900000, 0x000000008ba00000|  0%| F|  |TAMS 0x000000008b900000, 0x000000008b900000| Untracked 
| 186|0x000000008ba00000, 0x000000008ba00000, 0x000000008bb00000|  0%| F|  |TAMS 0x000000008ba00000, 0x000000008ba00000| Untracked 
| 187|0x000000008bb00000, 0x000000008bb00000, 0x000000008bc00000|  0%| F|  |TAMS 0x000000008bb00000, 0x000000008bb00000| Untracked 
| 188|0x000000008bc00000, 0x000000008bc00000, 0x000000008bd00000|  0%| F|  |TAMS 0x000000008bc00000, 0x000000008bc00000| Untracked 
| 189|0x000000008bd00000, 0x000000008bd00000, 0x000000008be00000|  0%| F|  |TAMS 0x000000008bd00000, 0x000000008bd00000| Untracked 
| 190|0x000000008be00000, 0x000000008be00000, 0x000000008bf00000|  0%| F|  |TAMS 0x000000008be00000, 0x000000008be00000| Untracked 
| 191|0x000000008bf00000, 0x000000008bf00000, 0x000000008c000000|  0%| F|  |TAMS 0x000000008bf00000, 0x000000008bf00000| Untracked 
| 192|0x000000008c000000, 0x000000008c000000, 0x000000008c100000|  0%| F|  |TAMS 0x000000008c000000, 0x000000008c000000| Untracked 
| 193|0x000000008c100000, 0x000000008c100000, 0x000000008c200000|  0%| F|  |TAMS 0x000000008c100000, 0x000000008c100000| Untracked 
| 194|0x000000008c200000, 0x000000008c200000, 0x000000008c300000|  0%| F|  |TAMS 0x000000008c200000, 0x000000008c200000| Untracked 
| 195|0x000000008c300000, 0x000000008c300000, 0x000000008c400000|  0%| F|  |TAMS 0x000000008c300000, 0x000000008c300000| Untracked 
| 196|0x000000008c400000, 0x000000008c400000, 0x000000008c500000|  0%| F|  |TAMS 0x000000008c400000, 0x000000008c400000| Untracked 
| 197|0x000000008c500000, 0x000000008c500000, 0x000000008c600000|  0%| F|  |TAMS 0x000000008c500000, 0x000000008c500000| Untracked 
| 198|0x000000008c600000, 0x000000008c600000, 0x000000008c700000|  0%| F|  |TAMS 0x000000008c600000, 0x000000008c600000| Untracked 
| 199|0x000000008c700000, 0x000000008c700000, 0x000000008c800000|  0%| F|  |TAMS 0x000000008c700000, 0x000000008c700000| Untracked 
| 200|0x000000008c800000, 0x000000008c863490, 0x000000008c900000| 38%| S|  |TAMS 0x000000008c800000, 0x000000008c800000| Complete 
| 201|0x000000008c900000, 0x000000008ca00000, 0x000000008ca00000|100%| S|  |TAMS 0x000000008c900000, 0x000000008c900000| Complete 
| 202|0x000000008ca00000, 0x000000008cb00000, 0x000000008cb00000|100%| S|  |TAMS 0x000000008ca00000, 0x000000008ca00000| Complete 
| 203|0x000000008cb00000, 0x000000008cc00000, 0x000000008cc00000|100%| S|  |TAMS 0x000000008cb00000, 0x000000008cb00000| Complete 
| 204|0x000000008cc00000, 0x000000008cd00000, 0x000000008cd00000|100%| S|  |TAMS 0x000000008cc00000, 0x000000008cc00000| Complete 
| 205|0x000000008cd00000, 0x000000008ce00000, 0x000000008ce00000|100%| S|  |TAMS 0x000000008cd00000, 0x000000008cd00000| Complete 
| 206|0x000000008ce00000, 0x000000008cefcd38, 0x000000008cf00000| 98%| E|CS|TAMS 0x000000008ce00000, 0x000000008cefcd38| Complete 
| 207|0x000000008cf00000, 0x000000008d000000, 0x000000008d000000|100%| E|CS|TAMS 0x000000008cf00000, 0x000000008d000000| Complete 
| 208|0x000000008d000000, 0x000000008d100000, 0x000000008d100000|100%| E|CS|TAMS 0x000000008d000000, 0x000000008d100000| Complete 
| 209|0x000000008d100000, 0x000000008d200000, 0x000000008d200000|100%| E|CS|TAMS 0x000000008d100000, 0x000000008d200000| Complete 
| 210|0x000000008d200000, 0x000000008d300000, 0x000000008d300000|100%| E|CS|TAMS 0x000000008d200000, 0x000000008d300000| Complete 
| 211|0x000000008d300000, 0x000000008d400000, 0x000000008d400000|100%| E|CS|TAMS 0x000000008d300000, 0x000000008d400000| Complete 
| 212|0x000000008d400000, 0x000000008d500000, 0x000000008d500000|100%| E|CS|TAMS 0x000000008d400000, 0x000000008d500000| Complete 
| 213|0x000000008d500000, 0x000000008d600000, 0x000000008d600000|100%| E|CS|TAMS 0x000000008d500000, 0x000000008d600000| Complete 
| 214|0x000000008d600000, 0x000000008d700000, 0x000000008d700000|100%| E|CS|TAMS 0x000000008d600000, 0x000000008d700000| Complete 
| 215|0x000000008d700000, 0x000000008d800000, 0x000000008d800000|100%| E|CS|TAMS 0x000000008d700000, 0x000000008d800000| Complete 
| 216|0x000000008d800000, 0x000000008d900000, 0x000000008d900000|100%| E|CS|TAMS 0x000000008d800000, 0x000000008d900000| Complete 
| 217|0x000000008d900000, 0x000000008da00000, 0x000000008da00000|100%| E|CS|TAMS 0x000000008d900000, 0x000000008da00000| Complete 
| 218|0x000000008da00000, 0x000000008db00000, 0x000000008db00000|100%| E|CS|TAMS 0x000000008da00000, 0x000000008db00000| Complete 
| 219|0x000000008db00000, 0x000000008dc00000, 0x000000008dc00000|100%| E|CS|TAMS 0x000000008db00000, 0x000000008dc00000| Complete 
| 220|0x000000008dc00000, 0x000000008dd00000, 0x000000008dd00000|100%| E|CS|TAMS 0x000000008dc00000, 0x000000008dd00000| Complete 
| 221|0x000000008dd00000, 0x000000008de00000, 0x000000008de00000|100%| E|CS|TAMS 0x000000008dd00000, 0x000000008de00000| Complete 
| 222|0x000000008de00000, 0x000000008df00000, 0x000000008df00000|100%| E|CS|TAMS 0x000000008de00000, 0x000000008df00000| Complete 
| 223|0x000000008df00000, 0x000000008e000000, 0x000000008e000000|100%| E|CS|TAMS 0x000000008df00000, 0x000000008e000000| Complete 
| 224|0x000000008e000000, 0x000000008e100000, 0x000000008e100000|100%| E|CS|TAMS 0x000000008e000000, 0x000000008e100000| Complete 
| 225|0x000000008e100000, 0x000000008e200000, 0x000000008e200000|100%| E|CS|TAMS 0x000000008e100000, 0x000000008e200000| Complete 
| 226|0x000000008e200000, 0x000000008e300000, 0x000000008e300000|100%| E|CS|TAMS 0x000000008e200000, 0x000000008e300000| Complete 
| 227|0x000000008e300000, 0x000000008e400000, 0x000000008e400000|100%| E|CS|TAMS 0x000000008e300000, 0x000000008e400000| Complete 
| 228|0x000000008e400000, 0x000000008e500000, 0x000000008e500000|100%| E|CS|TAMS 0x000000008e400000, 0x000000008e500000| Complete 
| 229|0x000000008e500000, 0x000000008e600000, 0x000000008e600000|100%| E|CS|TAMS 0x000000008e500000, 0x000000008e600000| Complete 
| 230|0x000000008e600000, 0x000000008e700000, 0x000000008e700000|100%| E|CS|TAMS 0x000000008e600000, 0x000000008e700000| Complete 
| 231|0x000000008e700000, 0x000000008e800000, 0x000000008e800000|100%| E|CS|TAMS 0x000000008e700000, 0x000000008e800000| Complete 
| 232|0x000000008e800000, 0x000000008e900000, 0x000000008e900000|100%| E|CS|TAMS 0x000000008e800000, 0x000000008e900000| Complete 
| 233|0x000000008e900000, 0x000000008ea00000, 0x000000008ea00000|100%| E|CS|TAMS 0x000000008e900000, 0x000000008ea00000| Complete 
| 234|0x000000008ea00000, 0x000000008eb00000, 0x000000008eb00000|100%| E|CS|TAMS 0x000000008ea00000, 0x000000008eb00000| Complete 
| 235|0x000000008eb00000, 0x000000008ec00000, 0x000000008ec00000|100%| E|CS|TAMS 0x000000008eb00000, 0x000000008ec00000| Complete 
| 236|0x000000008ec00000, 0x000000008ed00000, 0x000000008ed00000|100%| E|CS|TAMS 0x000000008ec00000, 0x000000008ed00000| Complete 
| 237|0x000000008ed00000, 0x000000008ee00000, 0x000000008ee00000|100%| E|CS|TAMS 0x000000008ed00000, 0x000000008ee00000| Complete 
| 238|0x000000008ee00000, 0x000000008ef00000, 0x000000008ef00000|100%| E|CS|TAMS 0x000000008ee00000, 0x000000008ef00000| Complete 
| 239|0x000000008ef00000, 0x000000008f000000, 0x000000008f000000|100%| E|CS|TAMS 0x000000008ef00000, 0x000000008f000000| Complete 
| 240|0x000000008f000000, 0x000000008f100000, 0x000000008f100000|100%| E|CS|TAMS 0x000000008f000000, 0x000000008f100000| Complete 
| 241|0x000000008f100000, 0x000000008f200000, 0x000000008f200000|100%| E|CS|TAMS 0x000000008f100000, 0x000000008f200000| Complete 
| 242|0x000000008f200000, 0x000000008f300000, 0x000000008f300000|100%| E|CS|TAMS 0x000000008f200000, 0x000000008f300000| Complete 
| 243|0x000000008f300000, 0x000000008f400000, 0x000000008f400000|100%| E|CS|TAMS 0x000000008f300000, 0x000000008f400000| Complete 
| 244|0x000000008f400000, 0x000000008f500000, 0x000000008f500000|100%| E|CS|TAMS 0x000000008f400000, 0x000000008f500000| Complete 
| 245|0x000000008f500000, 0x000000008f600000, 0x000000008f600000|100%| E|CS|TAMS 0x000000008f500000, 0x000000008f600000| Complete 
| 246|0x000000008f600000, 0x000000008f700000, 0x000000008f700000|100%| E|CS|TAMS 0x000000008f600000, 0x000000008f700000| Complete 
| 247|0x000000008f700000, 0x000000008f800000, 0x000000008f800000|100%| E|CS|TAMS 0x000000008f700000, 0x000000008f800000| Complete 
| 248|0x000000008f800000, 0x000000008f900000, 0x000000008f900000|100%| E|CS|TAMS 0x000000008f800000, 0x000000008f900000| Complete 
| 249|0x000000008f900000, 0x000000008fa00000, 0x000000008fa00000|100%| E|CS|TAMS 0x000000008f900000, 0x000000008fa00000| Complete 
| 250|0x000000008fa00000, 0x000000008fb00000, 0x000000008fb00000|100%| E|CS|TAMS 0x000000008fa00000, 0x000000008fb00000| Complete 
| 251|0x000000008fb00000, 0x000000008fc00000, 0x000000008fc00000|100%| E|CS|TAMS 0x000000008fb00000, 0x000000008fc00000| Complete 
| 252|0x000000008fc00000, 0x000000008fd00000, 0x000000008fd00000|100%| E|CS|TAMS 0x000000008fc00000, 0x000000008fd00000| Complete 
| 253|0x000000008fd00000, 0x000000008fe00000, 0x000000008fe00000|100%| E|CS|TAMS 0x000000008fd00000, 0x000000008fe00000| Complete 
| 254|0x000000008fe00000, 0x000000008ff00000, 0x000000008ff00000|100%| E|CS|TAMS 0x000000008fe00000, 0x000000008ff00000| Complete 
| 255|0x000000008ff00000, 0x0000000090000000, 0x0000000090000000|100%| E|CS|TAMS 0x000000008ff00000, 0x0000000090000000| Complete 

Card table byte_map: [0x000001a40fa60000,0x000001a40fe60000] _byte_map_base: 0x000001a40f660000

Marking Bits (Prev, Next): (CMBitMap*) 0x000001a47a951c90, (CMBitMap*) 0x000001a47a951c58
 Prev Bits: [0x000001a412260000, 0x000001a414260000)
 Next Bits: [0x000001a410260000, 0x000001a412260000)

Polling page: 0x000001a47a7b0000

Metaspace:

Usage:
  Non-class:     84.49 MB capacity,    82.76 MB ( 98%) used,     1.39 MB (  2%) free+waste,   342.25 KB ( <1%) overhead. 
      Class:     13.69 MB capacity,    12.62 MB ( 92%) used,   937.21 KB (  7%) free+waste,   157.69 KB (  1%) overhead. 
       Both:     98.18 MB capacity,    95.38 MB ( 97%) used,     2.31 MB (  2%) free+waste,   499.94 KB ( <1%) overhead. 

Virtual space:
  Non-class space:       86.00 MB reserved,      84.70 MB ( 98%) committed 
      Class space:        1.00 GB reserved,      13.70 MB (  1%) committed 
             Both:        1.08 GB reserved,      98.40 MB (  9%) committed 

Chunk freelists:
   Non-Class:  29.00 KB
       Class:  0 bytes
        Both:  29.00 KB

MaxMetaspaceSize: 17179869184.00 GB
CompressedClassSpaceSize: 1.00 GB
Initial GC threshold: 20.80 MB
Current GC threshold: 99.00 MB
CDS: off

CodeHeap 'non-profiled nmethods': size=120000Kb used=7180Kb max_used=7180Kb free=112819Kb
 bounds [0x000001a407ad0000, 0x000001a4081e0000, 0x000001a40f000000]
CodeHeap 'profiled nmethods': size=120000Kb used=24110Kb max_used=24110Kb free=95890Kb
 bounds [0x000001a4005a0000, 0x000001a401d30000, 0x000001a407ad0000]
CodeHeap 'non-nmethods': size=5760Kb used=2402Kb max_used=2455Kb free=3357Kb
 bounds [0x000001a400000000, 0x000001a400270000, 0x000001a4005a0000]
 total_blobs=12564 nmethods=11644 adapters=831
 compilation: enabled
              stopped_count=0, restarted_count=0
 full_count=0

Compilation events (20 events):
Event: 14.328 Thread 0x000001a417617800 11778       2       com.android.tools.r8.code.Q3::a (1 bytes)
Event: 14.328 Thread 0x000001a417617800 nmethod 11778 0x000001a401d28290 code [0x000001a401d28440, 0x000001a401d28538]
Event: 14.330 Thread 0x000001a417617800 11779       2       com.android.tools.r8.code.P::a (1 bytes)
Event: 14.330 Thread 0x000001a417617800 nmethod 11779 0x000001a401d28610 code [0x000001a401d287c0, 0x000001a401d288b8]
Event: 14.332 Thread 0x000001a417617800 11781       2       com.android.tools.r8.code.B0::a (1 bytes)
Event: 14.332 Thread 0x000001a417617800 nmethod 11781 0x000001a401d28990 code [0x000001a401d28b40, 0x000001a401d28c38]
Event: 14.355 Thread 0x000001a4190bc800 nmethod 11736 0x000001a4081c8e10 code [0x000001a4081c9140, 0x000001a4081caee8]
Event: 14.355 Thread 0x000001a4190bc800 11789       4       com.android.tools.r8.internal.t3::a (116 bytes)
Event: 14.358 Thread 0x000001a4190bc800 nmethod 11789 0x000001a4081cc390 code [0x000001a4081cc540, 0x000001a4081cc6f8]
Event: 14.358 Thread 0x000001a4190bc800 11759       4       com.android.tools.r8.graph.c0::a (77 bytes)
Event: 14.360 Thread 0x000001a417617800 11792       2       com.android.tools.r8.code.x2::a (1 bytes)
Event: 14.360 Thread 0x000001a417617800 nmethod 11792 0x000001a401d28d10 code [0x000001a401d28ec0, 0x000001a401d28fb8]
Event: 14.360 Thread 0x000001a417617800 11793       2       com.android.tools.r8.code.T::a (1 bytes)
Event: 14.360 Thread 0x000001a417617800 nmethod 11793 0x000001a401d29090 code [0x000001a401d29240, 0x000001a401d29338]
Event: 14.360 Thread 0x000001a417617800 11794       2       com.android.tools.r8.code.l0::a (1 bytes)
Event: 14.361 Thread 0x000001a417617800 nmethod 11794 0x000001a401d29410 code [0x000001a401d295c0, 0x000001a401d296b8]
Event: 14.361 Thread 0x000001a4190bc800 nmethod 11759 0x000001a4081cc990 code [0x000001a4081ccb40, 0x000001a4081ccd48]
Event: 14.361 Thread 0x000001a4190bc800 11677       4       com.android.tools.r8.internal.k30$$Lambda$1673/0x0000000100dac040::accept (12 bytes)
Event: 14.362 Thread 0x000001a4190bc800 nmethod 11677 0x000001a4081ccf10 code [0x000001a4081cd0c0, 0x000001a4081cd1b8]
Event: 14.362 Thread 0x000001a4190bc800 11795       4       com.android.tools.r8.graph.N::a (294 bytes)

GC Heap History (20 events):
Event: 3.506 GC heap before
{Heap before GC invocations=3 (full 0):
 garbage-first heap   total 262144K, used 68779K [0x0000000080000000, 0x0000000100000000)
  region size 1024K, 61 young (62464K), 11 survivors (11264K)
 Metaspace       used 26135K, capacity 26744K, committed 27008K, reserved 1073152K
  class space    used 3396K, capacity 3632K, committed 3712K, reserved 1048576K
}
Event: 3.513 GC heap after
{Heap after GC invocations=4 (full 0):
 garbage-first heap   total 262144K, used 19529K [0x0000000080000000, 0x0000000100000000)
  region size 1024K, 3 young (3072K), 3 survivors (3072K)
 Metaspace       used 26135K, capacity 26744K, committed 27008K, reserved 1073152K
  class space    used 3396K, capacity 3632K, committed 3712K, reserved 1048576K
}
Event: 4.348 GC heap before
{Heap before GC invocations=4 (full 0):
 garbage-first heap   total 262144K, used 85065K [0x0000000080000000, 0x0000000100000000)
  region size 1024K, 68 young (69632K), 3 survivors (3072K)
 Metaspace       used 35190K, capacity 35978K, committed 36048K, reserved 1081344K
  class space    used 4524K, capacity 4840K, committed 4864K, reserved 1048576K
}
Event: 4.355 GC heap after
{Heap after GC invocations=5 (full 0):
 garbage-first heap   total 262144K, used 22832K [0x0000000080000000, 0x0000000100000000)
  region size 1024K, 6 young (6144K), 6 survivors (6144K)
 Metaspace       used 35190K, capacity 35978K, committed 36048K, reserved 1081344K
  class space    used 4524K, capacity 4840K, committed 4864K, reserved 1048576K
}
Event: 5.654 GC heap before
{Heap before GC invocations=6 (full 0):
 garbage-first heap   total 262144K, used 143664K [0x0000000080000000, 0x0000000100000000)
  region size 1024K, 121 young (123904K), 6 survivors (6144K)
 Metaspace       used 45087K, capacity 46159K, committed 46364K, reserved 1089536K
  class space    used 5723K, capacity 6107K, committed 6220K, reserved 1048576K
}
Event: 5.665 GC heap after
{Heap after GC invocations=7 (full 0):
 garbage-first heap   total 262144K, used 29812K [0x0000000080000000, 0x0000000100000000)
  region size 1024K, 13 young (13312K), 13 survivors (13312K)
 Metaspace       used 45087K, capacity 46159K, committed 46364K, reserved 1089536K
  class space    used 5723K, capacity 6107K, committed 6220K, reserved 1048576K
}
Event: 7.118 GC heap before
{Heap before GC invocations=7 (full 0):
 garbage-first heap   total 262144K, used 166004K [0x0000000080000000, 0x0000000100000000)
  region size 1024K, 142 young (145408K), 13 survivors (13312K)
 Metaspace       used 54564K, capacity 56090K, committed 56220K, reserved 1097728K
  class space    used 6943K, capacity 7531K, committed 7628K, reserved 1048576K
}
Event: 7.131 GC heap after
{Heap after GC invocations=8 (full 0):
 garbage-first heap   total 262144K, used 42569K [0x0000000080000000, 0x0000000100000000)
  region size 1024K, 16 young (16384K), 16 survivors (16384K)
 Metaspace       used 54564K, capacity 56090K, committed 56220K, reserved 1097728K
  class space    used 6943K, capacity 7531K, committed 7628K, reserved 1048576K
}
Event: 7.538 GC heap before
{Heap before GC invocations=8 (full 0):
 garbage-first heap   total 262144K, used 70217K [0x0000000080000000, 0x0000000100000000)
  region size 1024K, 44 young (45056K), 16 survivors (16384K)
 Metaspace       used 58849K, capacity 60407K, committed 60572K, reserved 1101824K
  class space    used 7471K, capacity 8029K, committed 8140K, reserved 1048576K
}
Event: 7.553 GC heap after
{Heap after GC invocations=9 (full 0):
 garbage-first heap   total 262144K, used 44387K [0x0000000080000000, 0x0000000100000000)
  region size 1024K, 11 young (11264K), 11 survivors (11264K)
 Metaspace       used 58849K, capacity 60407K, committed 60572K, reserved 1101824K
  class space    used 7471K, capacity 8029K, committed 8140K, reserved 1048576K
}
Event: 9.010 GC heap before
{Heap before GC invocations=10 (full 0):
 garbage-first heap   total 262144K, used 195939K [0x0000000080000000, 0x0000000100000000)
  region size 1024K, 152 young (155648K), 11 survivors (11264K)
 Metaspace       used 68106K, capacity 69874K, committed 70044K, reserved 1110016K
  class space    used 8704K, capacity 9374K, committed 9420K, reserved 1048576K
}
Event: 9.023 GC heap after
{Heap after GC invocations=11 (full 0):
 garbage-first heap   total 262144K, used 54553K [0x0000000080000000, 0x0000000100000000)
  region size 1024K, 19 young (19456K), 19 survivors (19456K)
 Metaspace       used 68106K, capacity 69874K, committed 70044K, reserved 1110016K
  class space    used 8704K, capacity 9374K, committed 9420K, reserved 1048576K
}
Event: 10.801 GC heap before
{Heap before GC invocations=11 (full 0):
 garbage-first heap   total 262144K, used 191769K [0x0000000080000000, 0x0000000100000000)
  region size 1024K, 153 young (156672K), 19 survivors (19456K)
 Metaspace       used 81200K, capacity 83240K, committed 83484K, reserved 1122304K
  class space    used 10678K, capacity 11491K, committed 11596K, reserved 1048576K
}
Event: 10.818 GC heap after
{Heap after GC invocations=12 (full 0):
 garbage-first heap   total 262144K, used 63893K [0x0000000080000000, 0x0000000100000000)
  region size 1024K, 19 young (19456K), 19 survivors (19456K)
 Metaspace       used 81200K, capacity 83240K, committed 83484K, reserved 1122304K
  class space    used 10678K, capacity 11491K, committed 11596K, reserved 1048576K
}
Event: 12.021 GC heap before
{Heap before GC invocations=12 (full 0):
 garbage-first heap   total 262144K, used 197013K [0x0000000080000000, 0x0000000100000000)
  region size 1024K, 150 young (153600K), 19 survivors (19456K)
 Metaspace       used 84458K, capacity 86878K, committed 86940K, reserved 1124352K
  class space    used 11027K, capacity 11957K, committed 11980K, reserved 1048576K
}
Event: 12.046 GC heap after
{Heap after GC invocations=13 (full 0):
 garbage-first heap   total 262144K, used 73625K [0x0000000080000000, 0x0000000100000000)
  region size 1024K, 19 young (19456K), 19 survivors (19456K)
 Metaspace       used 84458K, capacity 86878K, committed 86940K, reserved 1124352K
  class space    used 11027K, capacity 11957K, committed 11980K, reserved 1048576K
}
Event: 12.904 GC heap before
{Heap before GC invocations=13 (full 0):
 garbage-first heap   total 262144K, used 216985K [0x0000000080000000, 0x0000000100000000)
  region size 1024K, 144 young (147456K), 19 survivors (19456K)
 Metaspace       used 91605K, capacity 94039K, committed 94364K, reserved 1130496K
  class space    used 11950K, capacity 12880K, committed 13004K, reserved 1048576K
}
Event: 12.939 GC heap after
{Heap after GC invocations=14 (full 0):
 garbage-first heap   total 262144K, used 103024K [0x0000000080000000, 0x0000000100000000)
  region size 1024K, 18 young (18432K), 18 survivors (18432K)
 Metaspace       used 91605K, capacity 94039K, committed 94364K, reserved 1130496K
  class space    used 11950K, capacity 12880K, committed 13004K, reserved 1048576K
}
Event: 13.804 GC heap before
{Heap before GC invocations=14 (full 0):
 garbage-first heap   total 262144K, used 199280K [0x0000000080000000, 0x0000000100000000)
  region size 1024K, 113 young (115712K), 18 survivors (18432K)
 Metaspace       used 96455K, capacity 99168K, committed 99356K, reserved 1134592K
  class space    used 12763K, capacity 13787K, committed 13900K, reserved 1048576K
}
Event: 13.863 GC heap after
{Heap after GC invocations=15 (full 0):
 garbage-first heap   total 262144K, used 140288K [0x0000000080000000, 0x0000000100000000)
  region size 1024K, 15 young (15360K), 15 survivors (15360K)
 Metaspace       used 96455K, capacity 99168K, committed 99356K, reserved 1134592K
  class space    used 12763K, capacity 13787K, committed 13900K, reserved 1048576K
}

Deoptimization events (20 events):
Event: 14.138 Thread 0x000001a4216fc000 Uncommon trap: reason=bimorphic_or_optimized_type_check action=maybe_recompile pc=0x000001a4081a35d4 method=com.android.tools.r8.graph.L2.b(Ljava/util/function/Predicate;Ljava/util/function/Consumer;Lcom/android/tools/r8/graph/n0;)V @ 2 c2
Event: 14.138 Thread 0x000001a4216f4000 DEOPT UNPACKING pc=0x000001a40004a1af sp=0x0000002cf14feb90 mode 2
Event: 14.138 Thread 0x000001a4216f2000 DEOPT PACKING pc=0x000001a4081a35d4 sp=0x0000002cf17fe930
Event: 14.138 Thread 0x000001a4216f1800 DEOPT PACKING pc=0x000001a4081a35d4 sp=0x0000002cf15ff060
Event: 14.138 Thread 0x000001a4216f2000 DEOPT UNPACKING pc=0x000001a40004a1af sp=0x0000002cf17fe900 mode 2
Event: 14.138 Thread 0x000001a4216f6800 DEOPT PACKING pc=0x000001a4081a35d4 sp=0x0000002cf13fee50
Event: 14.138 Thread 0x000001a4216f1800 DEOPT UNPACKING pc=0x000001a40004a1af sp=0x0000002cf15ff030 mode 2
Event: 14.138 Thread 0x000001a4216f6800 DEOPT UNPACKING pc=0x000001a40004a1af sp=0x0000002cf13fee38 mode 2
Event: 14.138 Thread 0x000001a4216f5800 DEOPT PACKING pc=0x000001a4081a35d4 sp=0x0000002cf12fe7a0
Event: 14.138 Thread 0x000001a4216f5800 DEOPT UNPACKING pc=0x000001a40004a1af sp=0x0000002cf12fe770 mode 2
Event: 14.138 Thread 0x000001a4216fc000 DEOPT PACKING pc=0x000001a4081a35d4 sp=0x0000002cf18fe7f0
Event: 14.138 Thread 0x000001a4216fc000 DEOPT UNPACKING pc=0x000001a40004a1af sp=0x0000002cf18fe7c0 mode 2
Event: 14.237 Thread 0x000001a41aeb1000 Uncommon trap: trap_request=0xffffffe4 fr.pc=0x000001a40814338c relative=0x00000000000001cc
Event: 14.237 Thread 0x000001a41aeb1000 Uncommon trap: reason=range_check action=make_not_entrant pc=0x000001a40814338c method=com.android.tools.r8.graph.a1.a(Lcom/android/tools/r8/graph/a1;)I @ 9 c2
Event: 14.237 Thread 0x000001a41aeb1000 DEOPT PACKING pc=0x000001a40814338c sp=0x0000002cf0dfd200
Event: 14.237 Thread 0x000001a41aeb1000 DEOPT UNPACKING pc=0x000001a40004a1af sp=0x0000002cf0dfd178 mode 2
Event: 14.301 Thread 0x000001a41aeb1000 Uncommon trap: trap_request=0xffffff4d fr.pc=0x000001a4081c8324 relative=0x0000000000000f64
Event: 14.301 Thread 0x000001a41aeb1000 Uncommon trap: reason=unstable_if action=reinterpret pc=0x000001a4081c8324 method=com.android.tools.r8.graph.N.a(Lcom/android/tools/r8/internal/Ip;Lcom/android/tools/r8/graph/n2;Lcom/android/tools/r8/internal/XB;Lcom/android/tools/r8/graph/d3;)V @ 217 c2
Event: 14.301 Thread 0x000001a41aeb1000 DEOPT PACKING pc=0x000001a4081c8324 sp=0x0000002cf0dfd300
Event: 14.301 Thread 0x000001a41aeb1000 DEOPT UNPACKING pc=0x000001a40004a1af sp=0x0000002cf0dfd2b0 mode 2

Classes redefined (0 events):
No events

Internal exceptions (20 events):
Event: 11.766 Thread 0x000001a41aea8000 Exception <a 'java/lang/NoSuchMethodError'{0x0000000089bd9e48}: <clinit>> (0x0000000089bd9e48) thrown at [./src/hotspot/share/prims/jni.cpp, line 1366]
Event: 12.255 Thread 0x000001a41d323800 Implicit null exception at 0x000001a4080c6524 to 0x000001a4080c66b8
Event: 12.457 Thread 0x000001a41aeb1000 Exception <a 'sun/nio/fs/WindowsException'{0x000000008c5eafe0}> (0x000000008c5eafe0) thrown at [./src/hotspot/share/prims/jni.cpp, line 616]
Event: 12.503 Thread 0x000001a41aeb1000 Exception <a 'java/lang/NoSuchMethodError'{0x000000008c0b9930}: 'java.lang.Object java.lang.invoke.DirectMethodHandle$Holder.newInvokeSpecial(java.lang.Object, int)'> (0x000000008c0b9930) thrown at [./src/hotspot/share/interpreter/linkResolver.cpp, line 773]
Event: 12.667 Thread 0x000001a41aeb1000 Exception <a 'java/lang/NoSuchMethodError'{0x000000008acdc4f0}: 'java.lang.Object java.lang.invoke.DirectMethodHandle$Holder.invokeStaticInit(java.lang.Object, java.lang.Object, java.lang.Object, java.lang.Object, java.lang.Object, java.lang.Object, java.lang.Object, java.lang.Object, java.lang.Object, java.lang.Object, java.lang.Object, java.lang.Object, java.lang.Object, java.lang.Object, java.lang.Object, java.lang.Object, java.lang.Object, java.lang.Object, int, java.lang.Object, java.lang.Object)'> (0
Event: 12.880 Thread 0x000001a41aead000 Exception <a 'java/lang/NoSuchMethodError'{0x00000000887bff40}: 'void java.lang.invoke.DirectMethodHandle$Holder.invokeStatic(java.lang.Object, long)'> (0x00000000887bff40) thrown at [./src/hotspot/share/interpreter/linkResolver.cpp, line 773]
Event: 12.881 Thread 0x000001a41aead000 Exception <a 'java/lang/NoSuchMethodError'{0x00000000887c5400}: 'java.lang.Object java.lang.invoke.DirectMethodHandle$Holder.invokeStatic(java.lang.Object, long)'> (0x00000000887c5400) thrown at [./src/hotspot/share/interpreter/linkResolver.cpp, line 773]
Event: 12.883 Thread 0x000001a41aead000 Exception <a 'java/lang/NoSuchMethodError'{0x0000000088501100}: 'java.lang.Object java.lang.invoke.DirectMethodHandle$Holder.invokeStaticInit(java.lang.Object, java.lang.Object, long, java.lang.Object)'> (0x0000000088501100) thrown at [./src/hotspot/share/interpreter/linkResolver.cpp, line 773]
Event: 12.884 Thread 0x000001a41aead000 Exception <a 'java/lang/NoSuchMethodError'{0x0000000088507298}: 'java.lang.Object java.lang.invoke.DirectMethodHandle$Holder.invokeStatic(java.lang.Object, java.lang.Object, long)'> (0x0000000088507298) thrown at [./src/hotspot/share/interpreter/linkResolver.cpp, line 773]
Event: 12.884 Thread 0x000001a41aead000 Exception <a 'java/lang/NoSuchMethodError'{0x000000008850d810}: 'java.lang.Object java.lang.invoke.Invokers$Holder.linkToTargetMethod(java.lang.Object, long, java.lang.Object)'> (0x000000008850d810) thrown at [./src/hotspot/share/interpreter/linkResolver.cpp, line 773]
Event: 13.000 Thread 0x000001a4216f6800 Exception <a 'java/lang/IncompatibleClassChangeError'{0x000000008f42e560}: Found class java.lang.Object, but interface was expected> (0x000000008f42e560) thrown at [./src/hotspot/share/interpreter/linkResolver.cpp, line 839]
Event: 13.031 Thread 0x000001a4216f4000 Exception <a 'java/lang/IncompatibleClassChangeError'{0x000000008f236690}: Found class java.lang.Object, but interface was expected> (0x000000008f236690) thrown at [./src/hotspot/share/interpreter/linkResolver.cpp, line 839]
Event: 13.032 Thread 0x000001a4216f4000 Exception <a 'java/lang/IncompatibleClassChangeError'{0x000000008f275478}: Found class java.lang.Object, but interface was expected> (0x000000008f275478) thrown at [./src/hotspot/share/interpreter/linkResolver.cpp, line 839]
Event: 13.054 Thread 0x000001a41aead000 Exception <a 'java/lang/NoSuchMethodError'{0x000000008f1eac50}: 'int java.lang.invoke.DirectMethodHandle$Holder.invokeSpecialIFC(java.lang.Object, java.lang.Object, java.lang.Object)'> (0x000000008f1eac50) thrown at [./src/hotspot/share/interpreter/linkResolver.cpp, line 773]
Event: 13.639 Thread 0x000001a41aeb1000 Exception <a 'java/lang/NoSuchMethodError'{0x000000008ab0a3e8}: 'void java.lang.invoke.DirectMethodHandle$Holder.invokeStatic(java.lang.Object, java.lang.Object, java.lang.Object, int)'> (0x000000008ab0a3e8) thrown at [./src/hotspot/share/interpreter/linkResolver.cpp, line 773]
Event: 13.640 Thread 0x000001a41aeb1000 Exception <a 'java/lang/IncompatibleClassChangeError'{0x000000008ab12180}: Found class java.lang.Object, but interface was expected> (0x000000008ab12180) thrown at [./src/hotspot/share/interpreter/linkResolver.cpp, line 839]
Event: 13.927 Thread 0x000001a41aeb1000 Exception <a 'java/lang/IncompatibleClassChangeError'{0x000000008fdd0608}: Found class java.lang.Object, but interface was expected> (0x000000008fdd0608) thrown at [./src/hotspot/share/interpreter/linkResolver.cpp, line 839]
Event: 13.942 Thread 0x000001a41aeb1000 Exception <a 'java/lang/NoSuchMethodError'{0x000000008fc36970}: 'java.lang.Object java.lang.invoke.Invokers$Holder.linkToTargetMethod(java.lang.Object, int, java.lang.Object, java.lang.Object, java.lang.Object, java.lang.Object)'> (0x000000008fc36970) thrown at [./src/hotspot/share/interpreter/linkResolver.cpp, line 773]
Event: 13.984 Thread 0x000001a41aeb1000 Exception <a 'java/lang/NoSuchMethodError'{0x000000008fb30ed0}: 'void java.lang.invoke.DirectMethodHandle$Holder.invokeStatic(java.lang.Object, java.lang.Object, java.lang.Object, java.lang.Object, java.lang.Object, java.lang.Object, java.lang.Object, java.lang.Object)'> (0x000000008fb30ed0) thrown at [./src/hotspot/share/interpreter/linkResolver.cpp, line 773]
Event: 14.301 Thread 0x000001a41aeb1000 Implicit null exception at 0x000001a4081c74f6 to 0x000001a4081c8314

Events (20 events):
Event: 14.202 loading class com/android/tools/r8/graph/g2
Event: 14.202 loading class com/android/tools/r8/graph/g2 done
Event: 14.202 loading class com/android/tools/r8/graph/g2
Event: 14.202 loading class com/android/tools/r8/graph/g2 done
Event: 14.202 loading class com/android/tools/r8/graph/e2
Event: 14.202 loading class com/android/tools/r8/graph/e2 done
Event: 14.202 loading class com/android/tools/r8/graph/g2
Event: 14.202 loading class com/android/tools/r8/graph/g2 done
Event: 14.202 loading class com/android/tools/r8/graph/m2
Event: 14.202 loading class com/android/tools/r8/graph/m2 done
Event: 14.202 loading class com/android/tools/r8/graph/b1
Event: 14.202 loading class com/android/tools/r8/graph/b1 done
Event: 14.202 loading class com/android/tools/r8/graph/b1
Event: 14.202 loading class com/android/tools/r8/graph/b1 done
Event: 14.202 loading class com/android/tools/r8/graph/X2
Event: 14.202 loading class com/android/tools/r8/graph/X2 done
Event: 14.203 loading class com/android/tools/r8/graph/X2
Event: 14.203 loading class com/android/tools/r8/graph/X2 done
Event: 14.268 Executing VM operation: ICBufferFull
Event: 14.268 Executing VM operation: ICBufferFull done


Dynamic libraries:
0x00007ff7a7830000 - 0x00007ff7a783a000 	C:\Program Files\Android\Android Studio\jre\bin\java.exe
0x00007ffd34fd0000 - 0x00007ffd351c8000 	C:\WINDOWS\SYSTEM32\ntdll.dll
0x00007ffd33cf0000 - 0x00007ffd33daf000 	C:\WINDOWS\System32\KERNEL32.DLL
0x00007ffd329b0000 - 0x00007ffd32c82000 	C:\WINDOWS\System32\KERNELBASE.dll
0x00007ffd32700000 - 0x00007ffd32800000 	C:\WINDOWS\System32\ucrtbase.dll
0x00007ffd2dee0000 - 0x00007ffd2def9000 	C:\Program Files\Android\Android Studio\jre\bin\jli.dll
0x00007ffd0ffe0000 - 0x00007ffd0fff7000 	C:\Program Files\Android\Android Studio\jre\bin\VCRUNTIME140.dll
0x00007ffd340a0000 - 0x00007ffd3423d000 	C:\WINDOWS\System32\USER32.dll
0x00007ffd32ff0000 - 0x00007ffd33012000 	C:\WINDOWS\System32\win32u.dll
0x00007ffd1c250000 - 0x00007ffd1c4ea000 	C:\WINDOWS\WinSxS\amd64_microsoft.windows.common-controls_6595b64144ccf1df_6.0.19041.1110_none_60b5254171f9507e\COMCTL32.dll
0x00007ffd33cb0000 - 0x00007ffd33cdb000 	C:\WINDOWS\System32\GDI32.dll
0x00007ffd348a0000 - 0x00007ffd3493e000 	C:\WINDOWS\System32\msvcrt.dll
0x00007ffd328a0000 - 0x00007ffd329af000 	C:\WINDOWS\System32\gdi32full.dll
0x00007ffd32800000 - 0x00007ffd3289d000 	C:\WINDOWS\System32\msvcp_win.dll
0x00007ffd346b0000 - 0x00007ffd346e2000 	C:\WINDOWS\System32\IMM32.DLL
0x00007ffd02660000 - 0x00007ffd026fd000 	C:\Program Files\Android\Android Studio\jre\bin\msvcp140.dll
0x00007ffcee9c0000 - 0x00007ffcef4c2000 	C:\Program Files\Android\Android Studio\jre\bin\server\jvm.dll
0x00007ffd33100000 - 0x00007ffd331ae000 	C:\WINDOWS\System32\ADVAPI32.dll
0x00007ffd34a60000 - 0x00007ffd34afc000 	C:\WINDOWS\System32\sechost.dll
0x00007ffd33b80000 - 0x00007ffd33ca5000 	C:\WINDOWS\System32\RPCRT4.dll
0x00007ffd33230000 - 0x00007ffd33238000 	C:\WINDOWS\System32\PSAPI.DLL
0x00007ffd2ac30000 - 0x00007ffd2ac3a000 	C:\WINDOWS\SYSTEM32\VERSION.dll
0x00007ffd1ab70000 - 0x00007ffd1ab79000 	C:\WINDOWS\SYSTEM32\WSOCK32.dll
0x00007ffd1d020000 - 0x00007ffd1d047000 	C:\WINDOWS\SYSTEM32\WINMM.dll
0x00007ffd33a60000 - 0x00007ffd33acb000 	C:\WINDOWS\System32\WS2_32.dll
0x00007ffd30f70000 - 0x00007ffd30f82000 	C:\WINDOWS\SYSTEM32\kernel.appcore.dll
0x00007ffd27cd0000 - 0x00007ffd27ce1000 	C:\Program Files\Android\Android Studio\jre\bin\verify.dll
0x00007ffd30480000 - 0x00007ffd30664000 	C:\WINDOWS\SYSTEM32\DBGHELP.DLL
0x00007ffd16000000 - 0x00007ffd1602c000 	C:\WINDOWS\SYSTEM32\dbgcore.DLL
0x00007ffd32ea0000 - 0x00007ffd32f22000 	C:\WINDOWS\System32\bcryptPrimitives.dll
0x00007ffd263f0000 - 0x00007ffd26419000 	C:\Program Files\Android\Android Studio\jre\bin\java.dll
0x00007ffd2df00000 - 0x00007ffd2df0b000 	C:\Program Files\Android\Android Studio\jre\bin\jimage.dll
0x00007ffd264f0000 - 0x00007ffd26508000 	C:\Program Files\Android\Android Studio\jre\bin\zip.dll
0x00007ffd33310000 - 0x00007ffd33a53000 	C:\WINDOWS\System32\SHELL32.dll
0x00007ffd30770000 - 0x00007ffd30f02000 	C:\WINDOWS\SYSTEM32\windows.storage.dll
0x00007ffd34b00000 - 0x00007ffd34e54000 	C:\WINDOWS\System32\combase.dll
0x00007ffd32130000 - 0x00007ffd32160000 	C:\WINDOWS\SYSTEM32\Wldp.dll
0x00007ffd33e80000 - 0x00007ffd33f2d000 	C:\WINDOWS\System32\SHCORE.dll
0x00007ffd330a0000 - 0x00007ffd330f5000 	C:\WINDOWS\System32\shlwapi.dll
0x00007ffd32610000 - 0x00007ffd3262f000 	C:\WINDOWS\SYSTEM32\profapi.dll
0x00007ffd16ec0000 - 0x00007ffd16eda000 	C:\Program Files\Android\Android Studio\jre\bin\net.dll
0x00007ffd28dd0000 - 0x00007ffd28edc000 	C:\WINDOWS\SYSTEM32\WINHTTP.dll
0x00007ffd31e90000 - 0x00007ffd31efa000 	C:\WINDOWS\system32\mswsock.dll
0x00007ffd16ea0000 - 0x00007ffd16eb4000 	C:\Program Files\Android\Android Studio\jre\bin\nio.dll
0x00007ffd2a7f0000 - 0x00007ffd2a817000 	C:\Users\Rizky Awanta Jordhie\.gradle\native\e1d6ef7f7dcc3fd88c89a11ec53ec762bb8ba0a96d01ffa2cd45eb1d1d8dd5c5\windows-amd64\native-platform.dll
0x00007ffccfbe0000 - 0x00007ffccfd24000 	C:\Users\Rizky Awanta Jordhie\.gradle\native\0d407fdbe67a94daf76414ababcb853783967236a71b16ec16e742cd7a986fd3\windows-amd64\native-platform-file-events.dll
0x00007ffd2b420000 - 0x00007ffd2b42a000 	C:\Program Files\Android\Android Studio\jre\bin\management.dll
0x00007ffd2ab20000 - 0x00007ffd2ab2d000 	C:\Program Files\Android\Android Studio\jre\bin\management_ext.dll
0x00007ffd32080000 - 0x00007ffd32098000 	C:\WINDOWS\SYSTEM32\CRYPTSP.dll
0x00007ffd31740000 - 0x00007ffd31774000 	C:\WINDOWS\system32\rsaenh.dll
0x00007ffd326d0000 - 0x00007ffd326f7000 	C:\WINDOWS\System32\bcrypt.dll
0x00007ffd325d0000 - 0x00007ffd325fe000 	C:\WINDOWS\SYSTEM32\USERENV.dll
0x00007ffd320a0000 - 0x00007ffd320ac000 	C:\WINDOWS\SYSTEM32\CRYPTBASE.dll
0x00007ffd31b30000 - 0x00007ffd31b6b000 	C:\WINDOWS\SYSTEM32\IPHLPAPI.DLL
0x00007ffd332a0000 - 0x00007ffd332a8000 	C:\WINDOWS\System32\NSI.dll
0x00007ffd2b1f0000 - 0x00007ffd2b207000 	C:\WINDOWS\SYSTEM32\dhcpcsvc6.DLL
0x00007ffd2b220000 - 0x00007ffd2b23d000 	C:\WINDOWS\SYSTEM32\dhcpcsvc.DLL
0x00007ffd31b70000 - 0x00007ffd31c3a000 	C:\WINDOWS\SYSTEM32\DNSAPI.dll

dbghelp: loaded successfully - version: 4.0.5 - missing functions: none
symbol engine: initialized successfully - sym options: 0x614 - pdb path: .;C:\Program Files\Android\Android Studio\jre\bin;C:\WINDOWS\SYSTEM32;C:\WINDOWS\WinSxS\amd64_microsoft.windows.common-controls_6595b64144ccf1df_6.0.19041.1110_none_60b5254171f9507e;C:\Program Files\Android\Android Studio\jre\bin\server;C:\Users\Rizky Awanta Jordhie\.gradle\native\e1d6ef7f7dcc3fd88c89a11ec53ec762bb8ba0a96d01ffa2cd45eb1d1d8dd5c5\windows-amd64;C:\Users\Rizky Awanta Jordhie\.gradle\native\0d407fdbe67a94daf76414ababcb853783967236a71b16ec16e742cd7a986fd3\windows-amd64

VM Arguments:
jvm_args: --add-opens=java.base/java.util=ALL-UNNAMED --add-opens=java.base/java.lang=ALL-UNNAMED --add-opens=java.base/java.lang.invoke=ALL-UNNAMED --add-opens=java.base/java.util=ALL-UNNAMED --add-opens=java.prefs/java.util.prefs=ALL-UNNAMED --add-opens=java.prefs/java.util.prefs=ALL-UNNAMED --add-opens=java.base/java.nio.charset=ALL-UNNAMED --add-opens=java.base/java.net=ALL-UNNAMED --add-opens=java.base/java.util.concurrent.atomic=ALL-UNNAMED -Xmx2048m -Dfile.encoding=UTF-8 -Duser.country=US -Duser.language=en -Duser.variant 
java_command: org.gradle.launcher.daemon.bootstrap.GradleDaemon 7.4
java_class_path (initial): C:\Users\Rizky Awanta Jordhie\.gradle\wrapper\dists\gradle-7.4-bin\c0gwcg53nkjbqw7r0h0umtfvt\gradle-7.4\lib\gradle-launcher-7.4.jar
Launcher Type: SUN_STANDARD

[Global flags]
     intx CICompilerCount                          = 4                                         {product} {ergonomic}
     uint ConcGCThreads                            = 2                                         {product} {ergonomic}
     uint G1ConcRefinementThreads                  = 8                                         {product} {ergonomic}
   size_t G1HeapRegionSize                         = 1048576                                   {product} {ergonomic}
    uintx GCDrainStackTargetSize                   = 64                                        {product} {ergonomic}
   size_t InitialHeapSize                          = 268435456                                 {product} {ergonomic}
   size_t MarkStackSize                            = 4194304                                   {product} {ergonomic}
   size_t MaxHeapSize                              = 2147483648                                {product} {command line}
   size_t MaxNewSize                               = 1287651328                                {product} {ergonomic}
   size_t MinHeapDeltaBytes                        = 1048576                                   {product} {ergonomic}
    uintx NonNMethodCodeHeapSize                   = 5836300                                {pd product} {ergonomic}
    uintx NonProfiledCodeHeapSize                  = 122910970                              {pd product} {ergonomic}
    uintx ProfiledCodeHeapSize                     = 122910970                              {pd product} {ergonomic}
    uintx ReservedCodeCacheSize                    = 251658240                              {pd product} {ergonomic}
     bool SegmentedCodeCache                       = true                                      {product} {ergonomic}
     bool UseCompressedClassPointers               = true                                 {lp64_product} {ergonomic}
     bool UseCompressedOops                        = true                                 {lp64_product} {ergonomic}
     bool UseG1GC                                  = true                                      {product} {ergonomic}
     bool UseLargePagesIndividualAllocation        = false                                  {pd product} {ergonomic}

Logging:
Log output configuration:
 #0: stdout all=warning uptime,level,tags
 #1: stderr all=off uptime,level,tags

Environment Variables:
PATH=C:\Program Files\Common Files\Oracle\Java\javapath;C:\Program Files (x86)\Common Files\Intel\Shared Libraries\redist\intel64\compiler;c:\programdata\oracle\java\javapath;c:\program files (x86)\intel\icls client\;c:\program files\intel\icls client\;c:\windows\system32;c:\windows;c:\windows\system32\wbem;c:\windows\system32\windowspowershell\v1.0\;c:\program files (x86)\intel\intel(r) management engine components\dal;c:\program files\intel\intel(r) management engine components\dal;c:\program files (x86)\intel\intel(r) management engine components\ipt;c:\program files\intel\intel(r) management engine components\ipt;c:\program files\dotnet\;c:\windows\system32;c:\windows;c:\windows\system32\wbem;c:\windows\system32\windowspowershell\v1.0\;c:\windows\system32\openssh\;c:\android;c:\windows\system32;c:\windows;c:\windows\system32\wbem;c:\windows\system32\windowspowershell\v1.0\;c:\windows\system32\openssh\;c:\program files\crucial\crucial storage executive;c:\program files (x86)\calibre2\;C:\Program Files (x86)\NVIDIA Corporation\PhysX\Common;C:\Gradle\gradle-7.5.1\bin;C:\Program Files\Git\cmd;C:\Users\Rizky Awanta Jordhie\AppData\Local\Programs\Python\Python39\Scripts\;C:\Users\Rizky Awanta Jordhie\AppData\Local\Programs\Python\Python39\;C:\Users\Rizky Awanta Jordhie\AppData\Local\Microsoft\WindowsApps;C:\Users\Rizky Awanta Jordhie\AppData\Local\Programs\Microsoft VS Code\bin;C:\intelFPGA\20.1\modelsim_ase\win32aloem;C:\intelFPGA_lite\21.1\questa_fse\win64;C:\Gradle\gradle-7.5.1\bin;
USERNAME=Rizky Awanta Jordhie
OS=Windows_NT
PROCESSOR_IDENTIFIER=Intel64 Family 6 Model 142 Stepping 10, GenuineIntel



---------------  S Y S T E M  ---------------

OS: Windows 10 , 64 bit Build 19041 (10.0.19041.2251)
OS uptime: 0 days 8:38 hours

CPU:total 8 (initial active 8) (4 cores per cpu, 2 threads per core) family 6 model 142 stepping 10 microcode 0xb4, cmov, cx8, fxsr, mmx, sse, sse2, sse3, ssse3, sse4.1, sse4.2, popcnt, avx, avx2, aes, clmul, erms, 3dnowpref, lzcnt, ht, tsc, tscinvbit, bmi1, bmi2, adx, fma

Memory: 4k page, system-wide physical 16270M (1350M free)
TotalPageFile size 16270M (AvailPageFile size 4M)
current process WorkingSet (physical memory assigned to process): 544M, peak: 544M
current process commit charge ("private bytes"): 586M, peak: 587M

vm_info: OpenJDK 64-Bit Server VM (11.0.13+0-b1751.21-8125866) for windows-amd64 JRE (11.0.13+0-b1751.21-8125866), built on Feb  2 2022 03:00:22 by "builder" with MS VC++ 14.0 (VS2015)

END.
